[2024-12-30T07:15:02.369+0000] {processor.py:186} INFO - Started process (PID=83) to work on /opt/airflow/dags/spark_example.py
[2024-12-30T07:15:02.370+0000] {processor.py:914} INFO - Processing file /opt/airflow/dags/spark_example.py for tasks to queue
[2024-12-30T07:15:02.374+0000] {logging_mixin.py:190} INFO - [2024-12-30T07:15:02.373+0000] {dagbag.py:588} INFO - Filling up the DagBag from /opt/airflow/dags/spark_example.py
[2024-12-30T07:15:02.415+0000] {processor.py:925} INFO - DAG(s) 'spark_example' retrieved from /opt/airflow/dags/spark_example.py
[2024-12-30T07:15:02.550+0000] {logging_mixin.py:190} INFO - [2024-12-30T07:15:02.549+0000] {override.py:1911} INFO - Created Permission View: can edit on DAG:spark_example
[2024-12-30T07:15:02.565+0000] {logging_mixin.py:190} INFO - [2024-12-30T07:15:02.565+0000] {override.py:1911} INFO - Created Permission View: can read on DAG:spark_example
[2024-12-30T07:15:02.576+0000] {logging_mixin.py:190} INFO - [2024-12-30T07:15:02.576+0000] {override.py:1911} INFO - Created Permission View: can delete on DAG:spark_example
[2024-12-30T07:15:02.590+0000] {logging_mixin.py:190} INFO - [2024-12-30T07:15:02.589+0000] {override.py:1911} INFO - Created Permission View: menu access on DAG Run:spark_example
[2024-12-30T07:15:02.600+0000] {logging_mixin.py:190} INFO - [2024-12-30T07:15:02.600+0000] {override.py:1911} INFO - Created Permission View: can delete on DAG Run:spark_example
[2024-12-30T07:15:02.611+0000] {logging_mixin.py:190} INFO - [2024-12-30T07:15:02.610+0000] {override.py:1911} INFO - Created Permission View: can read on DAG Run:spark_example
[2024-12-30T07:15:02.621+0000] {logging_mixin.py:190} INFO - [2024-12-30T07:15:02.621+0000] {override.py:1911} INFO - Created Permission View: can create on DAG Run:spark_example
[2024-12-30T07:15:02.622+0000] {logging_mixin.py:190} INFO - [2024-12-30T07:15:02.622+0000] {dag.py:3239} INFO - Sync 1 DAGs
[2024-12-30T07:15:02.637+0000] {logging_mixin.py:190} INFO - [2024-12-30T07:15:02.637+0000] {dag.py:3262} INFO - Creating ORM DAG for spark_example
[2024-12-30T07:15:02.638+0000] {logging_mixin.py:190} INFO - [2024-12-30T07:15:02.638+0000] {dag.py:4180} INFO - Setting next_dagrun for spark_example to None, run_after=None
[2024-12-30T07:15:02.665+0000] {processor.py:208} INFO - Processing /opt/airflow/dags/spark_example.py took 0.303 seconds
[2024-12-30T07:15:33.663+0000] {processor.py:186} INFO - Started process (PID=92) to work on /opt/airflow/dags/spark_example.py
[2024-12-30T07:15:33.666+0000] {processor.py:914} INFO - Processing file /opt/airflow/dags/spark_example.py for tasks to queue
[2024-12-30T07:15:33.670+0000] {logging_mixin.py:190} INFO - [2024-12-30T07:15:33.669+0000] {dagbag.py:588} INFO - Filling up the DagBag from /opt/airflow/dags/spark_example.py
[2024-12-30T07:15:33.708+0000] {processor.py:925} INFO - DAG(s) 'spark_example' retrieved from /opt/airflow/dags/spark_example.py
[2024-12-30T07:15:33.752+0000] {logging_mixin.py:190} INFO - [2024-12-30T07:15:33.751+0000] {dag.py:3239} INFO - Sync 1 DAGs
[2024-12-30T07:15:33.787+0000] {logging_mixin.py:190} INFO - [2024-12-30T07:15:33.786+0000] {dag.py:4180} INFO - Setting next_dagrun for spark_example to None, run_after=None
[2024-12-30T07:15:33.828+0000] {processor.py:208} INFO - Processing /opt/airflow/dags/spark_example.py took 0.174 seconds
[2024-12-30T07:16:04.809+0000] {processor.py:186} INFO - Started process (PID=101) to work on /opt/airflow/dags/spark_example.py
[2024-12-30T07:16:04.811+0000] {processor.py:914} INFO - Processing file /opt/airflow/dags/spark_example.py for tasks to queue
[2024-12-30T07:16:04.814+0000] {logging_mixin.py:190} INFO - [2024-12-30T07:16:04.813+0000] {dagbag.py:588} INFO - Filling up the DagBag from /opt/airflow/dags/spark_example.py
[2024-12-30T07:16:04.870+0000] {processor.py:925} INFO - DAG(s) 'spark_example' retrieved from /opt/airflow/dags/spark_example.py
[2024-12-30T07:16:04.899+0000] {logging_mixin.py:190} INFO - [2024-12-30T07:16:04.899+0000] {dag.py:3239} INFO - Sync 1 DAGs
[2024-12-30T07:16:04.912+0000] {logging_mixin.py:190} INFO - [2024-12-30T07:16:04.912+0000] {dag.py:4180} INFO - Setting next_dagrun for spark_example to None, run_after=None
[2024-12-30T07:16:04.940+0000] {processor.py:208} INFO - Processing /opt/airflow/dags/spark_example.py took 0.136 seconds
[2024-12-30T07:16:35.651+0000] {processor.py:186} INFO - Started process (PID=110) to work on /opt/airflow/dags/spark_example.py
[2024-12-30T07:16:35.652+0000] {processor.py:914} INFO - Processing file /opt/airflow/dags/spark_example.py for tasks to queue
[2024-12-30T07:16:35.654+0000] {logging_mixin.py:190} INFO - [2024-12-30T07:16:35.654+0000] {dagbag.py:588} INFO - Filling up the DagBag from /opt/airflow/dags/spark_example.py
[2024-12-30T07:16:35.689+0000] {processor.py:925} INFO - DAG(s) 'spark_example' retrieved from /opt/airflow/dags/spark_example.py
[2024-12-30T07:16:35.712+0000] {logging_mixin.py:190} INFO - [2024-12-30T07:16:35.712+0000] {dag.py:3239} INFO - Sync 1 DAGs
[2024-12-30T07:16:35.725+0000] {logging_mixin.py:190} INFO - [2024-12-30T07:16:35.725+0000] {dag.py:4180} INFO - Setting next_dagrun for spark_example to None, run_after=None
[2024-12-30T07:16:35.768+0000] {processor.py:208} INFO - Processing /opt/airflow/dags/spark_example.py took 0.122 seconds
[2024-12-30T07:17:06.411+0000] {processor.py:186} INFO - Started process (PID=119) to work on /opt/airflow/dags/spark_example.py
[2024-12-30T07:17:06.413+0000] {processor.py:914} INFO - Processing file /opt/airflow/dags/spark_example.py for tasks to queue
[2024-12-30T07:17:06.416+0000] {logging_mixin.py:190} INFO - [2024-12-30T07:17:06.416+0000] {dagbag.py:588} INFO - Filling up the DagBag from /opt/airflow/dags/spark_example.py
[2024-12-30T07:17:06.449+0000] {processor.py:925} INFO - DAG(s) 'spark_example' retrieved from /opt/airflow/dags/spark_example.py
[2024-12-30T07:17:06.473+0000] {logging_mixin.py:190} INFO - [2024-12-30T07:17:06.472+0000] {dag.py:3239} INFO - Sync 1 DAGs
[2024-12-30T07:17:06.487+0000] {logging_mixin.py:190} INFO - [2024-12-30T07:17:06.487+0000] {dag.py:4180} INFO - Setting next_dagrun for spark_example to None, run_after=None
[2024-12-30T07:17:06.518+0000] {processor.py:208} INFO - Processing /opt/airflow/dags/spark_example.py took 0.115 seconds
[2024-12-30T07:17:37.205+0000] {processor.py:186} INFO - Started process (PID=128) to work on /opt/airflow/dags/spark_example.py
[2024-12-30T07:17:37.207+0000] {processor.py:914} INFO - Processing file /opt/airflow/dags/spark_example.py for tasks to queue
[2024-12-30T07:17:37.212+0000] {logging_mixin.py:190} INFO - [2024-12-30T07:17:37.210+0000] {dagbag.py:588} INFO - Filling up the DagBag from /opt/airflow/dags/spark_example.py
[2024-12-30T07:17:37.230+0000] {processor.py:925} INFO - DAG(s) 'spark_example' retrieved from /opt/airflow/dags/spark_example.py
[2024-12-30T07:17:37.252+0000] {logging_mixin.py:190} INFO - [2024-12-30T07:17:37.252+0000] {dag.py:3239} INFO - Sync 1 DAGs
[2024-12-30T07:17:37.265+0000] {logging_mixin.py:190} INFO - [2024-12-30T07:17:37.265+0000] {dag.py:4180} INFO - Setting next_dagrun for spark_example to None, run_after=None
[2024-12-30T07:17:37.290+0000] {processor.py:208} INFO - Processing /opt/airflow/dags/spark_example.py took 0.091 seconds
[2024-12-30T07:18:08.104+0000] {processor.py:186} INFO - Started process (PID=137) to work on /opt/airflow/dags/spark_example.py
[2024-12-30T07:18:08.105+0000] {processor.py:914} INFO - Processing file /opt/airflow/dags/spark_example.py for tasks to queue
[2024-12-30T07:18:08.108+0000] {logging_mixin.py:190} INFO - [2024-12-30T07:18:08.107+0000] {dagbag.py:588} INFO - Filling up the DagBag from /opt/airflow/dags/spark_example.py
[2024-12-30T07:18:08.126+0000] {processor.py:925} INFO - DAG(s) 'spark_example' retrieved from /opt/airflow/dags/spark_example.py
[2024-12-30T07:18:08.148+0000] {logging_mixin.py:190} INFO - [2024-12-30T07:18:08.148+0000] {dag.py:3239} INFO - Sync 1 DAGs
[2024-12-30T07:18:08.164+0000] {logging_mixin.py:190} INFO - [2024-12-30T07:18:08.164+0000] {dag.py:4180} INFO - Setting next_dagrun for spark_example to None, run_after=None
[2024-12-30T07:18:08.212+0000] {processor.py:208} INFO - Processing /opt/airflow/dags/spark_example.py took 0.114 seconds
[2024-12-30T07:18:38.964+0000] {processor.py:186} INFO - Started process (PID=146) to work on /opt/airflow/dags/spark_example.py
[2024-12-30T07:18:38.965+0000] {processor.py:914} INFO - Processing file /opt/airflow/dags/spark_example.py for tasks to queue
[2024-12-30T07:18:38.968+0000] {logging_mixin.py:190} INFO - [2024-12-30T07:18:38.968+0000] {dagbag.py:588} INFO - Filling up the DagBag from /opt/airflow/dags/spark_example.py
[2024-12-30T07:18:39.003+0000] {processor.py:925} INFO - DAG(s) 'spark_example' retrieved from /opt/airflow/dags/spark_example.py
[2024-12-30T07:18:39.026+0000] {logging_mixin.py:190} INFO - [2024-12-30T07:18:39.026+0000] {dag.py:3239} INFO - Sync 1 DAGs
[2024-12-30T07:18:39.039+0000] {logging_mixin.py:190} INFO - [2024-12-30T07:18:39.038+0000] {dag.py:4180} INFO - Setting next_dagrun for spark_example to None, run_after=None
[2024-12-30T07:18:39.068+0000] {processor.py:208} INFO - Processing /opt/airflow/dags/spark_example.py took 0.109 seconds
[2024-12-30T07:19:09.919+0000] {processor.py:186} INFO - Started process (PID=155) to work on /opt/airflow/dags/spark_example.py
[2024-12-30T07:19:09.920+0000] {processor.py:914} INFO - Processing file /opt/airflow/dags/spark_example.py for tasks to queue
[2024-12-30T07:19:09.923+0000] {logging_mixin.py:190} INFO - [2024-12-30T07:19:09.923+0000] {dagbag.py:588} INFO - Filling up the DagBag from /opt/airflow/dags/spark_example.py
[2024-12-30T07:19:09.953+0000] {processor.py:925} INFO - DAG(s) 'spark_example' retrieved from /opt/airflow/dags/spark_example.py
[2024-12-30T07:19:09.981+0000] {logging_mixin.py:190} INFO - [2024-12-30T07:19:09.981+0000] {dag.py:3239} INFO - Sync 1 DAGs
[2024-12-30T07:19:10.120+0000] {logging_mixin.py:190} INFO - [2024-12-30T07:19:10.120+0000] {dag.py:4180} INFO - Setting next_dagrun for spark_example to None, run_after=None
[2024-12-30T07:19:10.155+0000] {processor.py:208} INFO - Processing /opt/airflow/dags/spark_example.py took 0.242 seconds
[2024-12-30T07:19:40.825+0000] {processor.py:186} INFO - Started process (PID=164) to work on /opt/airflow/dags/spark_example.py
[2024-12-30T07:19:40.826+0000] {processor.py:914} INFO - Processing file /opt/airflow/dags/spark_example.py for tasks to queue
[2024-12-30T07:19:40.828+0000] {logging_mixin.py:190} INFO - [2024-12-30T07:19:40.828+0000] {dagbag.py:588} INFO - Filling up the DagBag from /opt/airflow/dags/spark_example.py
[2024-12-30T07:19:40.859+0000] {processor.py:925} INFO - DAG(s) 'spark_example' retrieved from /opt/airflow/dags/spark_example.py
[2024-12-30T07:19:40.885+0000] {logging_mixin.py:190} INFO - [2024-12-30T07:19:40.885+0000] {dag.py:3239} INFO - Sync 1 DAGs
[2024-12-30T07:19:41.031+0000] {logging_mixin.py:190} INFO - [2024-12-30T07:19:41.030+0000] {dag.py:4180} INFO - Setting next_dagrun for spark_example to None, run_after=None
[2024-12-30T07:19:41.067+0000] {processor.py:208} INFO - Processing /opt/airflow/dags/spark_example.py took 0.248 seconds
[2024-12-30T07:20:11.929+0000] {processor.py:186} INFO - Started process (PID=173) to work on /opt/airflow/dags/spark_example.py
[2024-12-30T07:20:11.930+0000] {processor.py:914} INFO - Processing file /opt/airflow/dags/spark_example.py for tasks to queue
[2024-12-30T07:20:11.933+0000] {logging_mixin.py:190} INFO - [2024-12-30T07:20:11.932+0000] {dagbag.py:588} INFO - Filling up the DagBag from /opt/airflow/dags/spark_example.py
[2024-12-30T07:20:11.954+0000] {processor.py:925} INFO - DAG(s) 'spark_example' retrieved from /opt/airflow/dags/spark_example.py
[2024-12-30T07:20:11.977+0000] {logging_mixin.py:190} INFO - [2024-12-30T07:20:11.977+0000] {dag.py:3239} INFO - Sync 1 DAGs
[2024-12-30T07:20:11.990+0000] {logging_mixin.py:190} INFO - [2024-12-30T07:20:11.989+0000] {dag.py:4180} INFO - Setting next_dagrun for spark_example to None, run_after=None
[2024-12-30T07:20:12.033+0000] {processor.py:208} INFO - Processing /opt/airflow/dags/spark_example.py took 0.110 seconds
[2024-12-30T07:20:43.013+0000] {processor.py:186} INFO - Started process (PID=182) to work on /opt/airflow/dags/spark_example.py
[2024-12-30T07:20:43.015+0000] {processor.py:914} INFO - Processing file /opt/airflow/dags/spark_example.py for tasks to queue
[2024-12-30T07:20:43.018+0000] {logging_mixin.py:190} INFO - [2024-12-30T07:20:43.017+0000] {dagbag.py:588} INFO - Filling up the DagBag from /opt/airflow/dags/spark_example.py
[2024-12-30T07:20:43.038+0000] {processor.py:925} INFO - DAG(s) 'spark_example' retrieved from /opt/airflow/dags/spark_example.py
[2024-12-30T07:20:43.066+0000] {logging_mixin.py:190} INFO - [2024-12-30T07:20:43.066+0000] {dag.py:3239} INFO - Sync 1 DAGs
[2024-12-30T07:20:43.080+0000] {logging_mixin.py:190} INFO - [2024-12-30T07:20:43.080+0000] {dag.py:4180} INFO - Setting next_dagrun for spark_example to None, run_after=None
[2024-12-30T07:20:43.108+0000] {processor.py:208} INFO - Processing /opt/airflow/dags/spark_example.py took 0.101 seconds
[2024-12-30T07:21:14.075+0000] {processor.py:186} INFO - Started process (PID=191) to work on /opt/airflow/dags/spark_example.py
[2024-12-30T07:21:14.077+0000] {processor.py:914} INFO - Processing file /opt/airflow/dags/spark_example.py for tasks to queue
[2024-12-30T07:21:14.080+0000] {logging_mixin.py:190} INFO - [2024-12-30T07:21:14.079+0000] {dagbag.py:588} INFO - Filling up the DagBag from /opt/airflow/dags/spark_example.py
[2024-12-30T07:21:14.114+0000] {processor.py:925} INFO - DAG(s) 'spark_example' retrieved from /opt/airflow/dags/spark_example.py
[2024-12-30T07:21:14.158+0000] {logging_mixin.py:190} INFO - [2024-12-30T07:21:14.158+0000] {dag.py:3239} INFO - Sync 1 DAGs
[2024-12-30T07:21:14.181+0000] {logging_mixin.py:190} INFO - [2024-12-30T07:21:14.181+0000] {dag.py:4180} INFO - Setting next_dagrun for spark_example to None, run_after=None
[2024-12-30T07:21:14.212+0000] {processor.py:208} INFO - Processing /opt/airflow/dags/spark_example.py took 0.144 seconds
[2024-12-30T07:21:45.102+0000] {processor.py:186} INFO - Started process (PID=200) to work on /opt/airflow/dags/spark_example.py
[2024-12-30T07:21:45.104+0000] {processor.py:914} INFO - Processing file /opt/airflow/dags/spark_example.py for tasks to queue
[2024-12-30T07:21:45.106+0000] {logging_mixin.py:190} INFO - [2024-12-30T07:21:45.106+0000] {dagbag.py:588} INFO - Filling up the DagBag from /opt/airflow/dags/spark_example.py
[2024-12-30T07:21:45.131+0000] {processor.py:925} INFO - DAG(s) 'spark_example' retrieved from /opt/airflow/dags/spark_example.py
[2024-12-30T07:21:45.160+0000] {logging_mixin.py:190} INFO - [2024-12-30T07:21:45.160+0000] {dag.py:3239} INFO - Sync 1 DAGs
[2024-12-30T07:21:45.176+0000] {logging_mixin.py:190} INFO - [2024-12-30T07:21:45.176+0000] {dag.py:4180} INFO - Setting next_dagrun for spark_example to None, run_after=None
[2024-12-30T07:21:45.377+0000] {processor.py:208} INFO - Processing /opt/airflow/dags/spark_example.py took 0.282 seconds
[2024-12-30T07:22:16.034+0000] {processor.py:186} INFO - Started process (PID=209) to work on /opt/airflow/dags/spark_example.py
[2024-12-30T07:22:16.036+0000] {processor.py:914} INFO - Processing file /opt/airflow/dags/spark_example.py for tasks to queue
[2024-12-30T07:22:16.039+0000] {logging_mixin.py:190} INFO - [2024-12-30T07:22:16.038+0000] {dagbag.py:588} INFO - Filling up the DagBag from /opt/airflow/dags/spark_example.py
[2024-12-30T07:22:16.084+0000] {processor.py:925} INFO - DAG(s) 'spark_example' retrieved from /opt/airflow/dags/spark_example.py
[2024-12-30T07:22:16.112+0000] {logging_mixin.py:190} INFO - [2024-12-30T07:22:16.112+0000] {dag.py:3239} INFO - Sync 1 DAGs
[2024-12-30T07:22:16.270+0000] {logging_mixin.py:190} INFO - [2024-12-30T07:22:16.269+0000] {dag.py:4180} INFO - Setting next_dagrun for spark_example to None, run_after=None
[2024-12-30T07:22:16.306+0000] {processor.py:208} INFO - Processing /opt/airflow/dags/spark_example.py took 0.278 seconds
[2024-12-30T07:22:46.959+0000] {processor.py:186} INFO - Started process (PID=224) to work on /opt/airflow/dags/spark_example.py
[2024-12-30T07:22:46.961+0000] {processor.py:914} INFO - Processing file /opt/airflow/dags/spark_example.py for tasks to queue
[2024-12-30T07:22:46.964+0000] {logging_mixin.py:190} INFO - [2024-12-30T07:22:46.963+0000] {dagbag.py:588} INFO - Filling up the DagBag from /opt/airflow/dags/spark_example.py
[2024-12-30T07:22:47.001+0000] {processor.py:925} INFO - DAG(s) 'spark_example' retrieved from /opt/airflow/dags/spark_example.py
[2024-12-30T07:22:47.185+0000] {logging_mixin.py:190} INFO - [2024-12-30T07:22:47.185+0000] {dag.py:3239} INFO - Sync 1 DAGs
[2024-12-30T07:22:47.198+0000] {logging_mixin.py:190} INFO - [2024-12-30T07:22:47.197+0000] {dag.py:4180} INFO - Setting next_dagrun for spark_example to None, run_after=None
[2024-12-30T07:22:47.227+0000] {processor.py:208} INFO - Processing /opt/airflow/dags/spark_example.py took 0.273 seconds
[2024-12-30T07:23:17.863+0000] {processor.py:186} INFO - Started process (PID=233) to work on /opt/airflow/dags/spark_example.py
[2024-12-30T07:23:17.865+0000] {processor.py:914} INFO - Processing file /opt/airflow/dags/spark_example.py for tasks to queue
[2024-12-30T07:23:17.868+0000] {logging_mixin.py:190} INFO - [2024-12-30T07:23:17.868+0000] {dagbag.py:588} INFO - Filling up the DagBag from /opt/airflow/dags/spark_example.py
[2024-12-30T07:23:17.915+0000] {processor.py:925} INFO - DAG(s) 'spark_example' retrieved from /opt/airflow/dags/spark_example.py
[2024-12-30T07:23:17.949+0000] {logging_mixin.py:190} INFO - [2024-12-30T07:23:17.949+0000] {dag.py:3239} INFO - Sync 1 DAGs
[2024-12-30T07:23:17.966+0000] {logging_mixin.py:190} INFO - [2024-12-30T07:23:17.965+0000] {dag.py:4180} INFO - Setting next_dagrun for spark_example to None, run_after=None
[2024-12-30T07:23:17.993+0000] {processor.py:208} INFO - Processing /opt/airflow/dags/spark_example.py took 0.137 seconds
[2024-12-30T07:23:48.846+0000] {processor.py:186} INFO - Started process (PID=242) to work on /opt/airflow/dags/spark_example.py
[2024-12-30T07:23:48.847+0000] {processor.py:914} INFO - Processing file /opt/airflow/dags/spark_example.py for tasks to queue
[2024-12-30T07:23:48.850+0000] {logging_mixin.py:190} INFO - [2024-12-30T07:23:48.850+0000] {dagbag.py:588} INFO - Filling up the DagBag from /opt/airflow/dags/spark_example.py
[2024-12-30T07:23:48.894+0000] {processor.py:925} INFO - DAG(s) 'spark_example' retrieved from /opt/airflow/dags/spark_example.py
[2024-12-30T07:23:48.919+0000] {logging_mixin.py:190} INFO - [2024-12-30T07:23:48.918+0000] {dag.py:3239} INFO - Sync 1 DAGs
[2024-12-30T07:23:48.931+0000] {logging_mixin.py:190} INFO - [2024-12-30T07:23:48.931+0000] {dag.py:4180} INFO - Setting next_dagrun for spark_example to None, run_after=None
[2024-12-30T07:23:48.973+0000] {processor.py:208} INFO - Processing /opt/airflow/dags/spark_example.py took 0.133 seconds
[2024-12-30T07:24:19.787+0000] {processor.py:186} INFO - Started process (PID=251) to work on /opt/airflow/dags/spark_example.py
[2024-12-30T07:24:19.789+0000] {processor.py:914} INFO - Processing file /opt/airflow/dags/spark_example.py for tasks to queue
[2024-12-30T07:24:19.791+0000] {logging_mixin.py:190} INFO - [2024-12-30T07:24:19.791+0000] {dagbag.py:588} INFO - Filling up the DagBag from /opt/airflow/dags/spark_example.py
[2024-12-30T07:24:19.829+0000] {processor.py:925} INFO - DAG(s) 'spark_example' retrieved from /opt/airflow/dags/spark_example.py
[2024-12-30T07:24:19.854+0000] {logging_mixin.py:190} INFO - [2024-12-30T07:24:19.853+0000] {dag.py:3239} INFO - Sync 1 DAGs
[2024-12-30T07:24:19.876+0000] {logging_mixin.py:190} INFO - [2024-12-30T07:24:19.876+0000] {dag.py:4180} INFO - Setting next_dagrun for spark_example to None, run_after=None
[2024-12-30T07:24:19.902+0000] {processor.py:208} INFO - Processing /opt/airflow/dags/spark_example.py took 0.119 seconds
[2024-12-30T07:24:50.697+0000] {processor.py:186} INFO - Started process (PID=260) to work on /opt/airflow/dags/spark_example.py
[2024-12-30T07:24:50.698+0000] {processor.py:914} INFO - Processing file /opt/airflow/dags/spark_example.py for tasks to queue
[2024-12-30T07:24:50.701+0000] {logging_mixin.py:190} INFO - [2024-12-30T07:24:50.700+0000] {dagbag.py:588} INFO - Filling up the DagBag from /opt/airflow/dags/spark_example.py
[2024-12-30T07:24:50.723+0000] {processor.py:925} INFO - DAG(s) 'spark_example' retrieved from /opt/airflow/dags/spark_example.py
[2024-12-30T07:24:50.748+0000] {logging_mixin.py:190} INFO - [2024-12-30T07:24:50.748+0000] {dag.py:3239} INFO - Sync 1 DAGs
[2024-12-30T07:24:50.884+0000] {logging_mixin.py:190} INFO - [2024-12-30T07:24:50.884+0000] {dag.py:4180} INFO - Setting next_dagrun for spark_example to None, run_after=None
[2024-12-30T07:24:50.918+0000] {processor.py:208} INFO - Processing /opt/airflow/dags/spark_example.py took 0.227 seconds
[2024-12-30T07:25:21.854+0000] {processor.py:186} INFO - Started process (PID=269) to work on /opt/airflow/dags/spark_example.py
[2024-12-30T07:25:21.856+0000] {processor.py:914} INFO - Processing file /opt/airflow/dags/spark_example.py for tasks to queue
[2024-12-30T07:25:21.859+0000] {logging_mixin.py:190} INFO - [2024-12-30T07:25:21.858+0000] {dagbag.py:588} INFO - Filling up the DagBag from /opt/airflow/dags/spark_example.py
[2024-12-30T07:25:21.886+0000] {processor.py:925} INFO - DAG(s) 'spark_example' retrieved from /opt/airflow/dags/spark_example.py
[2024-12-30T07:25:21.920+0000] {logging_mixin.py:190} INFO - [2024-12-30T07:25:21.919+0000] {dag.py:3239} INFO - Sync 1 DAGs
[2024-12-30T07:25:22.102+0000] {logging_mixin.py:190} INFO - [2024-12-30T07:25:22.102+0000] {dag.py:4180} INFO - Setting next_dagrun for spark_example to None, run_after=None
[2024-12-30T07:25:22.128+0000] {processor.py:208} INFO - Processing /opt/airflow/dags/spark_example.py took 0.279 seconds
