[2025-01-11T14:26:39.334+0000] {processor.py:186} INFO - Started process (PID=74) to work on /opt/airflow/dags/spark_example.py
[2025-01-11T14:26:39.336+0000] {processor.py:914} INFO - Processing file /opt/airflow/dags/spark_example.py for tasks to queue
[2025-01-11T14:26:39.341+0000] {logging_mixin.py:190} INFO - [2025-01-11T14:26:39.340+0000] {dagbag.py:588} INFO - Filling up the DagBag from /opt/airflow/dags/spark_example.py
[2025-01-11T14:26:39.384+0000] {processor.py:925} INFO - DAG(s) 'spark_example' retrieved from /opt/airflow/dags/spark_example.py
[2025-01-11T14:26:39.450+0000] {logging_mixin.py:190} INFO - [2025-01-11T14:26:39.450+0000] {dag.py:3239} INFO - Sync 1 DAGs
[2025-01-11T14:26:39.491+0000] {logging_mixin.py:190} INFO - [2025-01-11T14:26:39.491+0000] {dag.py:4180} INFO - Setting next_dagrun for spark_example to None, run_after=None
[2025-01-11T14:26:39.538+0000] {processor.py:208} INFO - Processing /opt/airflow/dags/spark_example.py took 0.214 seconds
[2025-01-11T14:27:09.930+0000] {processor.py:186} INFO - Started process (PID=90) to work on /opt/airflow/dags/spark_example.py
[2025-01-11T14:27:09.931+0000] {processor.py:914} INFO - Processing file /opt/airflow/dags/spark_example.py for tasks to queue
[2025-01-11T14:27:09.933+0000] {logging_mixin.py:190} INFO - [2025-01-11T14:27:09.932+0000] {dagbag.py:588} INFO - Filling up the DagBag from /opt/airflow/dags/spark_example.py
[2025-01-11T14:27:09.954+0000] {processor.py:925} INFO - DAG(s) 'spark_example' retrieved from /opt/airflow/dags/spark_example.py
[2025-01-11T14:27:09.979+0000] {logging_mixin.py:190} INFO - [2025-01-11T14:27:09.979+0000] {dag.py:3239} INFO - Sync 1 DAGs
[2025-01-11T14:27:09.991+0000] {logging_mixin.py:190} INFO - [2025-01-11T14:27:09.991+0000] {dag.py:4180} INFO - Setting next_dagrun for spark_example to None, run_after=None
[2025-01-11T14:27:10.016+0000] {processor.py:208} INFO - Processing /opt/airflow/dags/spark_example.py took 0.090 seconds
[2025-01-11T14:27:40.239+0000] {processor.py:186} INFO - Started process (PID=101) to work on /opt/airflow/dags/spark_example.py
[2025-01-11T14:27:40.242+0000] {processor.py:914} INFO - Processing file /opt/airflow/dags/spark_example.py for tasks to queue
[2025-01-11T14:27:40.244+0000] {logging_mixin.py:190} INFO - [2025-01-11T14:27:40.244+0000] {dagbag.py:588} INFO - Filling up the DagBag from /opt/airflow/dags/spark_example.py
[2025-01-11T14:27:40.258+0000] {processor.py:925} INFO - DAG(s) 'spark_example' retrieved from /opt/airflow/dags/spark_example.py
[2025-01-11T14:27:40.279+0000] {logging_mixin.py:190} INFO - [2025-01-11T14:27:40.279+0000] {dag.py:3239} INFO - Sync 1 DAGs
[2025-01-11T14:27:40.291+0000] {logging_mixin.py:190} INFO - [2025-01-11T14:27:40.290+0000] {dag.py:4180} INFO - Setting next_dagrun for spark_example to None, run_after=None
[2025-01-11T14:27:40.315+0000] {processor.py:208} INFO - Processing /opt/airflow/dags/spark_example.py took 0.079 seconds
[2025-01-11T14:28:11.038+0000] {processor.py:186} INFO - Started process (PID=112) to work on /opt/airflow/dags/spark_example.py
[2025-01-11T14:28:11.039+0000] {processor.py:914} INFO - Processing file /opt/airflow/dags/spark_example.py for tasks to queue
[2025-01-11T14:28:11.041+0000] {logging_mixin.py:190} INFO - [2025-01-11T14:28:11.041+0000] {dagbag.py:588} INFO - Filling up the DagBag from /opt/airflow/dags/spark_example.py
[2025-01-11T14:28:11.053+0000] {processor.py:925} INFO - DAG(s) 'spark_example' retrieved from /opt/airflow/dags/spark_example.py
[2025-01-11T14:28:11.073+0000] {logging_mixin.py:190} INFO - [2025-01-11T14:28:11.073+0000] {dag.py:3239} INFO - Sync 1 DAGs
[2025-01-11T14:28:11.084+0000] {logging_mixin.py:190} INFO - [2025-01-11T14:28:11.084+0000] {dag.py:4180} INFO - Setting next_dagrun for spark_example to None, run_after=None
[2025-01-11T14:28:11.106+0000] {processor.py:208} INFO - Processing /opt/airflow/dags/spark_example.py took 0.072 seconds
[2025-01-11T14:28:41.547+0000] {processor.py:186} INFO - Started process (PID=124) to work on /opt/airflow/dags/spark_example.py
[2025-01-11T14:28:41.548+0000] {processor.py:914} INFO - Processing file /opt/airflow/dags/spark_example.py for tasks to queue
[2025-01-11T14:28:41.550+0000] {logging_mixin.py:190} INFO - [2025-01-11T14:28:41.550+0000] {dagbag.py:588} INFO - Filling up the DagBag from /opt/airflow/dags/spark_example.py
[2025-01-11T14:28:41.562+0000] {processor.py:925} INFO - DAG(s) 'spark_example' retrieved from /opt/airflow/dags/spark_example.py
[2025-01-11T14:28:41.580+0000] {logging_mixin.py:190} INFO - [2025-01-11T14:28:41.580+0000] {dag.py:3239} INFO - Sync 1 DAGs
[2025-01-11T14:28:41.704+0000] {logging_mixin.py:190} INFO - [2025-01-11T14:28:41.704+0000] {dag.py:4180} INFO - Setting next_dagrun for spark_example to None, run_after=None
[2025-01-11T14:28:41.739+0000] {processor.py:208} INFO - Processing /opt/airflow/dags/spark_example.py took 0.196 seconds
[2025-01-11T14:29:11.993+0000] {processor.py:186} INFO - Started process (PID=135) to work on /opt/airflow/dags/spark_example.py
[2025-01-11T14:29:11.994+0000] {processor.py:914} INFO - Processing file /opt/airflow/dags/spark_example.py for tasks to queue
[2025-01-11T14:29:11.996+0000] {logging_mixin.py:190} INFO - [2025-01-11T14:29:11.996+0000] {dagbag.py:588} INFO - Filling up the DagBag from /opt/airflow/dags/spark_example.py
[2025-01-11T14:29:12.018+0000] {processor.py:925} INFO - DAG(s) 'spark_example' retrieved from /opt/airflow/dags/spark_example.py
[2025-01-11T14:29:12.039+0000] {logging_mixin.py:190} INFO - [2025-01-11T14:29:12.039+0000] {dag.py:3239} INFO - Sync 1 DAGs
[2025-01-11T14:29:12.185+0000] {logging_mixin.py:190} INFO - [2025-01-11T14:29:12.185+0000] {dag.py:4180} INFO - Setting next_dagrun for spark_example to None, run_after=None
[2025-01-11T14:29:12.206+0000] {processor.py:208} INFO - Processing /opt/airflow/dags/spark_example.py took 0.217 seconds
[2025-01-11T14:29:43.039+0000] {processor.py:186} INFO - Started process (PID=146) to work on /opt/airflow/dags/spark_example.py
[2025-01-11T14:29:43.040+0000] {processor.py:914} INFO - Processing file /opt/airflow/dags/spark_example.py for tasks to queue
[2025-01-11T14:29:43.043+0000] {logging_mixin.py:190} INFO - [2025-01-11T14:29:43.043+0000] {dagbag.py:588} INFO - Filling up the DagBag from /opt/airflow/dags/spark_example.py
[2025-01-11T14:29:43.231+0000] {processor.py:925} INFO - DAG(s) 'spark_example' retrieved from /opt/airflow/dags/spark_example.py
[2025-01-11T14:29:43.254+0000] {logging_mixin.py:190} INFO - [2025-01-11T14:29:43.254+0000] {dag.py:3239} INFO - Sync 1 DAGs
[2025-01-11T14:29:43.267+0000] {logging_mixin.py:190} INFO - [2025-01-11T14:29:43.267+0000] {dag.py:4180} INFO - Setting next_dagrun for spark_example to None, run_after=None
[2025-01-11T14:29:43.305+0000] {processor.py:208} INFO - Processing /opt/airflow/dags/spark_example.py took 0.270 seconds
[2025-01-11T14:30:13.390+0000] {processor.py:186} INFO - Started process (PID=156) to work on /opt/airflow/dags/spark_example.py
[2025-01-11T14:30:13.392+0000] {processor.py:914} INFO - Processing file /opt/airflow/dags/spark_example.py for tasks to queue
[2025-01-11T14:30:13.395+0000] {logging_mixin.py:190} INFO - [2025-01-11T14:30:13.394+0000] {dagbag.py:588} INFO - Filling up the DagBag from /opt/airflow/dags/spark_example.py
[2025-01-11T14:30:13.417+0000] {processor.py:925} INFO - DAG(s) 'spark_example' retrieved from /opt/airflow/dags/spark_example.py
[2025-01-11T14:30:13.444+0000] {logging_mixin.py:190} INFO - [2025-01-11T14:30:13.444+0000] {dag.py:3239} INFO - Sync 1 DAGs
[2025-01-11T14:30:13.456+0000] {logging_mixin.py:190} INFO - [2025-01-11T14:30:13.456+0000] {dag.py:4180} INFO - Setting next_dagrun for spark_example to None, run_after=None
[2025-01-11T14:30:13.495+0000] {processor.py:208} INFO - Processing /opt/airflow/dags/spark_example.py took 0.111 seconds
[2025-01-11T14:30:43.764+0000] {processor.py:186} INFO - Started process (PID=167) to work on /opt/airflow/dags/spark_example.py
[2025-01-11T14:30:43.766+0000] {processor.py:914} INFO - Processing file /opt/airflow/dags/spark_example.py for tasks to queue
[2025-01-11T14:30:43.768+0000] {logging_mixin.py:190} INFO - [2025-01-11T14:30:43.768+0000] {dagbag.py:588} INFO - Filling up the DagBag from /opt/airflow/dags/spark_example.py
[2025-01-11T14:30:43.796+0000] {processor.py:925} INFO - DAG(s) 'spark_example' retrieved from /opt/airflow/dags/spark_example.py
[2025-01-11T14:30:43.821+0000] {logging_mixin.py:190} INFO - [2025-01-11T14:30:43.820+0000] {dag.py:3239} INFO - Sync 1 DAGs
[2025-01-11T14:30:43.834+0000] {logging_mixin.py:190} INFO - [2025-01-11T14:30:43.834+0000] {dag.py:4180} INFO - Setting next_dagrun for spark_example to None, run_after=None
[2025-01-11T14:30:43.863+0000] {processor.py:208} INFO - Processing /opt/airflow/dags/spark_example.py took 0.104 seconds
[2025-01-11T14:31:14.334+0000] {processor.py:186} INFO - Started process (PID=178) to work on /opt/airflow/dags/spark_example.py
[2025-01-11T14:31:14.336+0000] {processor.py:914} INFO - Processing file /opt/airflow/dags/spark_example.py for tasks to queue
[2025-01-11T14:31:14.338+0000] {logging_mixin.py:190} INFO - [2025-01-11T14:31:14.338+0000] {dagbag.py:588} INFO - Filling up the DagBag from /opt/airflow/dags/spark_example.py
[2025-01-11T14:31:14.371+0000] {processor.py:925} INFO - DAG(s) 'spark_example' retrieved from /opt/airflow/dags/spark_example.py
[2025-01-11T14:31:14.396+0000] {logging_mixin.py:190} INFO - [2025-01-11T14:31:14.395+0000] {dag.py:3239} INFO - Sync 1 DAGs
[2025-01-11T14:31:14.410+0000] {logging_mixin.py:190} INFO - [2025-01-11T14:31:14.410+0000] {dag.py:4180} INFO - Setting next_dagrun for spark_example to None, run_after=None
[2025-01-11T14:31:14.450+0000] {processor.py:208} INFO - Processing /opt/airflow/dags/spark_example.py took 0.122 seconds
[2025-01-11T14:31:44.675+0000] {processor.py:186} INFO - Started process (PID=189) to work on /opt/airflow/dags/spark_example.py
[2025-01-11T14:31:44.678+0000] {processor.py:914} INFO - Processing file /opt/airflow/dags/spark_example.py for tasks to queue
[2025-01-11T14:31:44.684+0000] {logging_mixin.py:190} INFO - [2025-01-11T14:31:44.683+0000] {dagbag.py:588} INFO - Filling up the DagBag from /opt/airflow/dags/spark_example.py
[2025-01-11T14:31:44.719+0000] {processor.py:925} INFO - DAG(s) 'spark_example' retrieved from /opt/airflow/dags/spark_example.py
[2025-01-11T14:31:44.768+0000] {logging_mixin.py:190} INFO - [2025-01-11T14:31:44.767+0000] {dag.py:3239} INFO - Sync 1 DAGs
[2025-01-11T14:31:44.798+0000] {logging_mixin.py:190} INFO - [2025-01-11T14:31:44.797+0000] {dag.py:4180} INFO - Setting next_dagrun for spark_example to None, run_after=None
[2025-01-11T14:31:44.839+0000] {processor.py:208} INFO - Processing /opt/airflow/dags/spark_example.py took 0.173 seconds
[2025-01-11T14:32:15.295+0000] {processor.py:186} INFO - Started process (PID=200) to work on /opt/airflow/dags/spark_example.py
[2025-01-11T14:32:15.296+0000] {processor.py:914} INFO - Processing file /opt/airflow/dags/spark_example.py for tasks to queue
[2025-01-11T14:32:15.298+0000] {logging_mixin.py:190} INFO - [2025-01-11T14:32:15.298+0000] {dagbag.py:588} INFO - Filling up the DagBag from /opt/airflow/dags/spark_example.py
[2025-01-11T14:32:15.318+0000] {processor.py:925} INFO - DAG(s) 'spark_example' retrieved from /opt/airflow/dags/spark_example.py
[2025-01-11T14:32:15.340+0000] {logging_mixin.py:190} INFO - [2025-01-11T14:32:15.339+0000] {dag.py:3239} INFO - Sync 1 DAGs
[2025-01-11T14:32:15.353+0000] {logging_mixin.py:190} INFO - [2025-01-11T14:32:15.353+0000] {dag.py:4180} INFO - Setting next_dagrun for spark_example to None, run_after=None
[2025-01-11T14:32:15.388+0000] {processor.py:208} INFO - Processing /opt/airflow/dags/spark_example.py took 0.098 seconds
[2025-01-11T14:32:45.503+0000] {processor.py:186} INFO - Started process (PID=211) to work on /opt/airflow/dags/spark_example.py
[2025-01-11T14:32:45.504+0000] {processor.py:914} INFO - Processing file /opt/airflow/dags/spark_example.py for tasks to queue
[2025-01-11T14:32:45.507+0000] {logging_mixin.py:190} INFO - [2025-01-11T14:32:45.507+0000] {dagbag.py:588} INFO - Filling up the DagBag from /opt/airflow/dags/spark_example.py
[2025-01-11T14:32:45.529+0000] {processor.py:925} INFO - DAG(s) 'spark_example' retrieved from /opt/airflow/dags/spark_example.py
[2025-01-11T14:32:45.555+0000] {logging_mixin.py:190} INFO - [2025-01-11T14:32:45.554+0000] {dag.py:3239} INFO - Sync 1 DAGs
[2025-01-11T14:32:45.567+0000] {logging_mixin.py:190} INFO - [2025-01-11T14:32:45.567+0000] {dag.py:4180} INFO - Setting next_dagrun for spark_example to None, run_after=None
[2025-01-11T14:32:45.595+0000] {processor.py:208} INFO - Processing /opt/airflow/dags/spark_example.py took 0.099 seconds
[2025-01-11T14:33:15.682+0000] {processor.py:186} INFO - Started process (PID=222) to work on /opt/airflow/dags/spark_example.py
[2025-01-11T14:33:15.683+0000] {processor.py:914} INFO - Processing file /opt/airflow/dags/spark_example.py for tasks to queue
[2025-01-11T14:33:15.685+0000] {logging_mixin.py:190} INFO - [2025-01-11T14:33:15.685+0000] {dagbag.py:588} INFO - Filling up the DagBag from /opt/airflow/dags/spark_example.py
[2025-01-11T14:33:15.711+0000] {processor.py:925} INFO - DAG(s) 'spark_example' retrieved from /opt/airflow/dags/spark_example.py
[2025-01-11T14:33:15.733+0000] {logging_mixin.py:190} INFO - [2025-01-11T14:33:15.732+0000] {dag.py:3239} INFO - Sync 1 DAGs
[2025-01-11T14:33:15.747+0000] {logging_mixin.py:190} INFO - [2025-01-11T14:33:15.746+0000] {dag.py:4180} INFO - Setting next_dagrun for spark_example to None, run_after=None
[2025-01-11T14:33:15.778+0000] {processor.py:208} INFO - Processing /opt/airflow/dags/spark_example.py took 0.101 seconds
[2025-01-11T14:33:45.921+0000] {processor.py:186} INFO - Started process (PID=233) to work on /opt/airflow/dags/spark_example.py
[2025-01-11T14:33:45.922+0000] {processor.py:914} INFO - Processing file /opt/airflow/dags/spark_example.py for tasks to queue
[2025-01-11T14:33:45.923+0000] {logging_mixin.py:190} INFO - [2025-01-11T14:33:45.923+0000] {dagbag.py:588} INFO - Filling up the DagBag from /opt/airflow/dags/spark_example.py
[2025-01-11T14:33:45.950+0000] {processor.py:925} INFO - DAG(s) 'spark_example' retrieved from /opt/airflow/dags/spark_example.py
[2025-01-11T14:33:45.968+0000] {logging_mixin.py:190} INFO - [2025-01-11T14:33:45.968+0000] {dag.py:3239} INFO - Sync 1 DAGs
[2025-01-11T14:33:45.979+0000] {logging_mixin.py:190} INFO - [2025-01-11T14:33:45.979+0000] {dag.py:4180} INFO - Setting next_dagrun for spark_example to None, run_after=None
[2025-01-11T14:33:46.003+0000] {processor.py:208} INFO - Processing /opt/airflow/dags/spark_example.py took 0.087 seconds
[2025-01-11T14:34:16.577+0000] {processor.py:186} INFO - Started process (PID=244) to work on /opt/airflow/dags/spark_example.py
[2025-01-11T14:34:16.578+0000] {processor.py:914} INFO - Processing file /opt/airflow/dags/spark_example.py for tasks to queue
[2025-01-11T14:34:16.580+0000] {logging_mixin.py:190} INFO - [2025-01-11T14:34:16.580+0000] {dagbag.py:588} INFO - Filling up the DagBag from /opt/airflow/dags/spark_example.py
[2025-01-11T14:34:16.595+0000] {processor.py:925} INFO - DAG(s) 'spark_example' retrieved from /opt/airflow/dags/spark_example.py
[2025-01-11T14:34:16.615+0000] {logging_mixin.py:190} INFO - [2025-01-11T14:34:16.615+0000] {dag.py:3239} INFO - Sync 1 DAGs
[2025-01-11T14:34:16.626+0000] {logging_mixin.py:190} INFO - [2025-01-11T14:34:16.626+0000] {dag.py:4180} INFO - Setting next_dagrun for spark_example to None, run_after=None
[2025-01-11T14:34:16.646+0000] {processor.py:208} INFO - Processing /opt/airflow/dags/spark_example.py took 0.073 seconds
[2025-01-11T14:34:47.046+0000] {processor.py:186} INFO - Started process (PID=255) to work on /opt/airflow/dags/spark_example.py
[2025-01-11T14:34:47.047+0000] {processor.py:914} INFO - Processing file /opt/airflow/dags/spark_example.py for tasks to queue
[2025-01-11T14:34:47.049+0000] {logging_mixin.py:190} INFO - [2025-01-11T14:34:47.049+0000] {dagbag.py:588} INFO - Filling up the DagBag from /opt/airflow/dags/spark_example.py
[2025-01-11T14:34:47.063+0000] {processor.py:925} INFO - DAG(s) 'spark_example' retrieved from /opt/airflow/dags/spark_example.py
[2025-01-11T14:34:47.082+0000] {logging_mixin.py:190} INFO - [2025-01-11T14:34:47.081+0000] {dag.py:3239} INFO - Sync 1 DAGs
[2025-01-11T14:34:47.092+0000] {logging_mixin.py:190} INFO - [2025-01-11T14:34:47.092+0000] {dag.py:4180} INFO - Setting next_dagrun for spark_example to None, run_after=None
[2025-01-11T14:34:47.124+0000] {processor.py:208} INFO - Processing /opt/airflow/dags/spark_example.py took 0.084 seconds
[2025-01-11T14:35:17.732+0000] {processor.py:186} INFO - Started process (PID=266) to work on /opt/airflow/dags/spark_example.py
[2025-01-11T14:35:17.733+0000] {processor.py:914} INFO - Processing file /opt/airflow/dags/spark_example.py for tasks to queue
[2025-01-11T14:35:17.735+0000] {logging_mixin.py:190} INFO - [2025-01-11T14:35:17.735+0000] {dagbag.py:588} INFO - Filling up the DagBag from /opt/airflow/dags/spark_example.py
[2025-01-11T14:35:17.744+0000] {processor.py:925} INFO - DAG(s) 'spark_example' retrieved from /opt/airflow/dags/spark_example.py
[2025-01-11T14:35:17.761+0000] {logging_mixin.py:190} INFO - [2025-01-11T14:35:17.761+0000] {dag.py:3239} INFO - Sync 1 DAGs
[2025-01-11T14:35:17.771+0000] {logging_mixin.py:190} INFO - [2025-01-11T14:35:17.770+0000] {dag.py:4180} INFO - Setting next_dagrun for spark_example to None, run_after=None
[2025-01-11T14:35:17.789+0000] {processor.py:208} INFO - Processing /opt/airflow/dags/spark_example.py took 0.061 seconds
[2025-01-11T14:35:47.833+0000] {processor.py:186} INFO - Started process (PID=277) to work on /opt/airflow/dags/spark_example.py
[2025-01-11T14:35:47.834+0000] {processor.py:914} INFO - Processing file /opt/airflow/dags/spark_example.py for tasks to queue
[2025-01-11T14:35:47.836+0000] {logging_mixin.py:190} INFO - [2025-01-11T14:35:47.836+0000] {dagbag.py:588} INFO - Filling up the DagBag from /opt/airflow/dags/spark_example.py
[2025-01-11T14:35:47.849+0000] {processor.py:925} INFO - DAG(s) 'spark_example' retrieved from /opt/airflow/dags/spark_example.py
[2025-01-11T14:35:47.869+0000] {logging_mixin.py:190} INFO - [2025-01-11T14:35:47.869+0000] {dag.py:3239} INFO - Sync 1 DAGs
[2025-01-11T14:35:47.882+0000] {logging_mixin.py:190} INFO - [2025-01-11T14:35:47.881+0000] {dag.py:4180} INFO - Setting next_dagrun for spark_example to None, run_after=None
[2025-01-11T14:35:47.915+0000] {processor.py:208} INFO - Processing /opt/airflow/dags/spark_example.py took 0.086 seconds
[2025-01-11T14:36:18.047+0000] {processor.py:186} INFO - Started process (PID=288) to work on /opt/airflow/dags/spark_example.py
[2025-01-11T14:36:18.048+0000] {processor.py:914} INFO - Processing file /opt/airflow/dags/spark_example.py for tasks to queue
[2025-01-11T14:36:18.051+0000] {logging_mixin.py:190} INFO - [2025-01-11T14:36:18.050+0000] {dagbag.py:588} INFO - Filling up the DagBag from /opt/airflow/dags/spark_example.py
[2025-01-11T14:36:18.074+0000] {processor.py:925} INFO - DAG(s) 'spark_example' retrieved from /opt/airflow/dags/spark_example.py
[2025-01-11T14:36:18.096+0000] {logging_mixin.py:190} INFO - [2025-01-11T14:36:18.096+0000] {dag.py:3239} INFO - Sync 1 DAGs
[2025-01-11T14:36:18.110+0000] {logging_mixin.py:190} INFO - [2025-01-11T14:36:18.110+0000] {dag.py:4180} INFO - Setting next_dagrun for spark_example to None, run_after=None
[2025-01-11T14:36:18.133+0000] {processor.py:208} INFO - Processing /opt/airflow/dags/spark_example.py took 0.091 seconds
[2025-01-11T14:47:12.209+0000] {processor.py:186} INFO - Started process (PID=74) to work on /opt/airflow/dags/spark_example.py
[2025-01-11T14:47:12.214+0000] {processor.py:914} INFO - Processing file /opt/airflow/dags/spark_example.py for tasks to queue
[2025-01-11T14:47:12.221+0000] {logging_mixin.py:190} INFO - [2025-01-11T14:47:12.220+0000] {dagbag.py:588} INFO - Filling up the DagBag from /opt/airflow/dags/spark_example.py
[2025-01-11T14:47:12.283+0000] {processor.py:925} INFO - DAG(s) 'spark_example' retrieved from /opt/airflow/dags/spark_example.py
[2025-01-11T14:47:12.392+0000] {logging_mixin.py:190} INFO - [2025-01-11T14:47:12.390+0000] {dag.py:3239} INFO - Sync 1 DAGs
[2025-01-11T14:47:12.447+0000] {logging_mixin.py:190} INFO - [2025-01-11T14:47:12.446+0000] {dag.py:4180} INFO - Setting next_dagrun for spark_example to None, run_after=None
[2025-01-11T14:47:12.502+0000] {processor.py:208} INFO - Processing /opt/airflow/dags/spark_example.py took 0.313 seconds
[2025-01-11T14:47:42.658+0000] {processor.py:186} INFO - Started process (PID=84) to work on /opt/airflow/dags/spark_example.py
[2025-01-11T14:47:42.660+0000] {processor.py:914} INFO - Processing file /opt/airflow/dags/spark_example.py for tasks to queue
[2025-01-11T14:47:42.665+0000] {logging_mixin.py:190} INFO - [2025-01-11T14:47:42.665+0000] {dagbag.py:588} INFO - Filling up the DagBag from /opt/airflow/dags/spark_example.py
[2025-01-11T14:47:42.697+0000] {processor.py:925} INFO - DAG(s) 'spark_example' retrieved from /opt/airflow/dags/spark_example.py
[2025-01-11T14:47:42.723+0000] {logging_mixin.py:190} INFO - [2025-01-11T14:47:42.723+0000] {dag.py:3239} INFO - Sync 1 DAGs
[2025-01-11T14:47:42.739+0000] {logging_mixin.py:190} INFO - [2025-01-11T14:47:42.739+0000] {dag.py:4180} INFO - Setting next_dagrun for spark_example to None, run_after=None
[2025-01-11T14:47:42.766+0000] {processor.py:208} INFO - Processing /opt/airflow/dags/spark_example.py took 0.116 seconds
[2025-01-11T14:48:12.992+0000] {processor.py:186} INFO - Started process (PID=95) to work on /opt/airflow/dags/spark_example.py
[2025-01-11T14:48:12.993+0000] {processor.py:914} INFO - Processing file /opt/airflow/dags/spark_example.py for tasks to queue
[2025-01-11T14:48:12.995+0000] {logging_mixin.py:190} INFO - [2025-01-11T14:48:12.994+0000] {dagbag.py:588} INFO - Filling up the DagBag from /opt/airflow/dags/spark_example.py
[2025-01-11T14:48:13.010+0000] {processor.py:925} INFO - DAG(s) 'spark_example' retrieved from /opt/airflow/dags/spark_example.py
[2025-01-11T14:48:13.032+0000] {logging_mixin.py:190} INFO - [2025-01-11T14:48:13.032+0000] {dag.py:3239} INFO - Sync 1 DAGs
[2025-01-11T14:48:13.043+0000] {logging_mixin.py:190} INFO - [2025-01-11T14:48:13.043+0000] {dag.py:4180} INFO - Setting next_dagrun for spark_example to None, run_after=None
[2025-01-11T14:48:13.075+0000] {processor.py:208} INFO - Processing /opt/airflow/dags/spark_example.py took 0.088 seconds
