[2025-01-21T17:30:31.961+0000] {processor.py:186} INFO - Started process (PID=75) to work on /opt/airflow/dags/spark_example.py
[2025-01-21T17:30:31.963+0000] {processor.py:914} INFO - Processing file /opt/airflow/dags/spark_example.py for tasks to queue
[2025-01-21T17:30:31.969+0000] {logging_mixin.py:190} INFO - [2025-01-21T17:30:31.969+0000] {dagbag.py:588} INFO - Filling up the DagBag from /opt/airflow/dags/spark_example.py
[2025-01-21T17:30:32.009+0000] {processor.py:925} INFO - DAG(s) 'spark_example' retrieved from /opt/airflow/dags/spark_example.py
[2025-01-21T17:30:32.075+0000] {logging_mixin.py:190} INFO - [2025-01-21T17:30:32.075+0000] {dag.py:3239} INFO - Sync 1 DAGs
[2025-01-21T17:30:32.107+0000] {logging_mixin.py:190} INFO - [2025-01-21T17:30:32.107+0000] {dag.py:4180} INFO - Setting next_dagrun for spark_example to None, run_after=None
[2025-01-21T17:30:32.155+0000] {processor.py:208} INFO - Processing /opt/airflow/dags/spark_example.py took 0.204 seconds
[2025-01-21T17:31:02.285+0000] {processor.py:186} INFO - Started process (PID=85) to work on /opt/airflow/dags/spark_example.py
[2025-01-21T17:31:02.286+0000] {processor.py:914} INFO - Processing file /opt/airflow/dags/spark_example.py for tasks to queue
[2025-01-21T17:31:02.288+0000] {logging_mixin.py:190} INFO - [2025-01-21T17:31:02.288+0000] {dagbag.py:588} INFO - Filling up the DagBag from /opt/airflow/dags/spark_example.py
[2025-01-21T17:31:02.304+0000] {processor.py:925} INFO - DAG(s) 'spark_example' retrieved from /opt/airflow/dags/spark_example.py
[2025-01-21T17:31:02.326+0000] {logging_mixin.py:190} INFO - [2025-01-21T17:31:02.325+0000] {dag.py:3239} INFO - Sync 1 DAGs
[2025-01-21T17:31:02.341+0000] {logging_mixin.py:190} INFO - [2025-01-21T17:31:02.341+0000] {dag.py:4180} INFO - Setting next_dagrun for spark_example to None, run_after=None
[2025-01-21T17:31:02.362+0000] {processor.py:208} INFO - Processing /opt/airflow/dags/spark_example.py took 0.082 seconds
[2025-01-21T17:31:32.610+0000] {processor.py:186} INFO - Started process (PID=96) to work on /opt/airflow/dags/spark_example.py
[2025-01-21T17:31:32.611+0000] {processor.py:914} INFO - Processing file /opt/airflow/dags/spark_example.py for tasks to queue
[2025-01-21T17:31:32.614+0000] {logging_mixin.py:190} INFO - [2025-01-21T17:31:32.614+0000] {dagbag.py:588} INFO - Filling up the DagBag from /opt/airflow/dags/spark_example.py
[2025-01-21T17:31:32.636+0000] {processor.py:925} INFO - DAG(s) 'spark_example' retrieved from /opt/airflow/dags/spark_example.py
[2025-01-21T17:31:32.657+0000] {logging_mixin.py:190} INFO - [2025-01-21T17:31:32.657+0000] {dag.py:3239} INFO - Sync 1 DAGs
[2025-01-21T17:31:32.669+0000] {logging_mixin.py:190} INFO - [2025-01-21T17:31:32.669+0000] {dag.py:4180} INFO - Setting next_dagrun for spark_example to None, run_after=None
[2025-01-21T17:31:32.695+0000] {processor.py:208} INFO - Processing /opt/airflow/dags/spark_example.py took 0.089 seconds
[2025-01-21T17:32:03.123+0000] {processor.py:186} INFO - Started process (PID=107) to work on /opt/airflow/dags/spark_example.py
[2025-01-21T17:32:03.124+0000] {processor.py:914} INFO - Processing file /opt/airflow/dags/spark_example.py for tasks to queue
[2025-01-21T17:32:03.126+0000] {logging_mixin.py:190} INFO - [2025-01-21T17:32:03.126+0000] {dagbag.py:588} INFO - Filling up the DagBag from /opt/airflow/dags/spark_example.py
[2025-01-21T17:32:03.152+0000] {processor.py:925} INFO - DAG(s) 'spark_example' retrieved from /opt/airflow/dags/spark_example.py
[2025-01-21T17:32:03.179+0000] {logging_mixin.py:190} INFO - [2025-01-21T17:32:03.178+0000] {dag.py:3239} INFO - Sync 1 DAGs
[2025-01-21T17:32:03.203+0000] {logging_mixin.py:190} INFO - [2025-01-21T17:32:03.202+0000] {dag.py:4180} INFO - Setting next_dagrun for spark_example to None, run_after=None
[2025-01-21T17:32:03.231+0000] {processor.py:208} INFO - Processing /opt/airflow/dags/spark_example.py took 0.115 seconds
[2025-01-21T17:32:33.342+0000] {processor.py:186} INFO - Started process (PID=117) to work on /opt/airflow/dags/spark_example.py
[2025-01-21T17:32:33.343+0000] {processor.py:914} INFO - Processing file /opt/airflow/dags/spark_example.py for tasks to queue
[2025-01-21T17:32:33.346+0000] {logging_mixin.py:190} INFO - [2025-01-21T17:32:33.346+0000] {dagbag.py:588} INFO - Filling up the DagBag from /opt/airflow/dags/spark_example.py
[2025-01-21T17:32:33.365+0000] {processor.py:925} INFO - DAG(s) 'spark_example' retrieved from /opt/airflow/dags/spark_example.py
[2025-01-21T17:32:33.387+0000] {logging_mixin.py:190} INFO - [2025-01-21T17:32:33.387+0000] {dag.py:3239} INFO - Sync 1 DAGs
[2025-01-21T17:32:33.402+0000] {logging_mixin.py:190} INFO - [2025-01-21T17:32:33.402+0000] {dag.py:4180} INFO - Setting next_dagrun for spark_example to None, run_after=None
[2025-01-21T17:32:33.565+0000] {processor.py:208} INFO - Processing /opt/airflow/dags/spark_example.py took 0.228 seconds
[2025-01-21T17:33:03.869+0000] {processor.py:186} INFO - Started process (PID=128) to work on /opt/airflow/dags/spark_example.py
[2025-01-21T17:33:03.870+0000] {processor.py:914} INFO - Processing file /opt/airflow/dags/spark_example.py for tasks to queue
[2025-01-21T17:33:03.872+0000] {logging_mixin.py:190} INFO - [2025-01-21T17:33:03.872+0000] {dagbag.py:588} INFO - Filling up the DagBag from /opt/airflow/dags/spark_example.py
[2025-01-21T17:33:03.885+0000] {processor.py:925} INFO - DAG(s) 'spark_example' retrieved from /opt/airflow/dags/spark_example.py
[2025-01-21T17:33:03.904+0000] {logging_mixin.py:190} INFO - [2025-01-21T17:33:03.904+0000] {dag.py:3239} INFO - Sync 1 DAGs
[2025-01-21T17:33:04.031+0000] {logging_mixin.py:190} INFO - [2025-01-21T17:33:04.031+0000] {dag.py:4180} INFO - Setting next_dagrun for spark_example to None, run_after=None
[2025-01-21T17:33:04.067+0000] {processor.py:208} INFO - Processing /opt/airflow/dags/spark_example.py took 0.202 seconds
[2025-01-21T17:33:34.568+0000] {processor.py:186} INFO - Started process (PID=139) to work on /opt/airflow/dags/spark_example.py
[2025-01-21T17:33:34.569+0000] {processor.py:914} INFO - Processing file /opt/airflow/dags/spark_example.py for tasks to queue
[2025-01-21T17:33:34.571+0000] {logging_mixin.py:190} INFO - [2025-01-21T17:33:34.570+0000] {dagbag.py:588} INFO - Filling up the DagBag from /opt/airflow/dags/spark_example.py
[2025-01-21T17:33:34.608+0000] {processor.py:925} INFO - DAG(s) 'spark_example' retrieved from /opt/airflow/dags/spark_example.py
[2025-01-21T17:33:34.779+0000] {logging_mixin.py:190} INFO - [2025-01-21T17:33:34.779+0000] {dag.py:3239} INFO - Sync 1 DAGs
[2025-01-21T17:33:34.792+0000] {logging_mixin.py:190} INFO - [2025-01-21T17:33:34.792+0000] {dag.py:4180} INFO - Setting next_dagrun for spark_example to None, run_after=None
[2025-01-21T17:33:34.818+0000] {processor.py:208} INFO - Processing /opt/airflow/dags/spark_example.py took 0.254 seconds
[2025-01-21T17:34:05.471+0000] {processor.py:186} INFO - Started process (PID=155) to work on /opt/airflow/dags/spark_example.py
[2025-01-21T17:34:05.472+0000] {processor.py:914} INFO - Processing file /opt/airflow/dags/spark_example.py for tasks to queue
[2025-01-21T17:34:05.474+0000] {logging_mixin.py:190} INFO - [2025-01-21T17:34:05.474+0000] {dagbag.py:588} INFO - Filling up the DagBag from /opt/airflow/dags/spark_example.py
[2025-01-21T17:34:05.497+0000] {processor.py:925} INFO - DAG(s) 'spark_example' retrieved from /opt/airflow/dags/spark_example.py
[2025-01-21T17:34:05.522+0000] {logging_mixin.py:190} INFO - [2025-01-21T17:34:05.522+0000] {dag.py:3239} INFO - Sync 1 DAGs
[2025-01-21T17:34:05.534+0000] {logging_mixin.py:190} INFO - [2025-01-21T17:34:05.534+0000] {dag.py:4180} INFO - Setting next_dagrun for spark_example to None, run_after=None
[2025-01-21T17:34:05.558+0000] {processor.py:208} INFO - Processing /opt/airflow/dags/spark_example.py took 0.260 seconds
[2025-01-21T17:34:36.084+0000] {processor.py:186} INFO - Started process (PID=166) to work on /opt/airflow/dags/spark_example.py
[2025-01-21T17:34:36.087+0000] {processor.py:914} INFO - Processing file /opt/airflow/dags/spark_example.py for tasks to queue
[2025-01-21T17:34:36.092+0000] {logging_mixin.py:190} INFO - [2025-01-21T17:34:36.091+0000] {dagbag.py:588} INFO - Filling up the DagBag from /opt/airflow/dags/spark_example.py
[2025-01-21T17:34:36.123+0000] {processor.py:925} INFO - DAG(s) 'spark_example' retrieved from /opt/airflow/dags/spark_example.py
[2025-01-21T17:34:36.149+0000] {logging_mixin.py:190} INFO - [2025-01-21T17:34:36.149+0000] {dag.py:3239} INFO - Sync 1 DAGs
[2025-01-21T17:34:36.164+0000] {logging_mixin.py:190} INFO - [2025-01-21T17:34:36.163+0000] {dag.py:4180} INFO - Setting next_dagrun for spark_example to None, run_after=None
[2025-01-21T17:34:36.200+0000] {processor.py:208} INFO - Processing /opt/airflow/dags/spark_example.py took 0.126 seconds
[2025-01-21T17:35:06.718+0000] {processor.py:186} INFO - Started process (PID=177) to work on /opt/airflow/dags/spark_example.py
[2025-01-21T17:35:06.719+0000] {processor.py:914} INFO - Processing file /opt/airflow/dags/spark_example.py for tasks to queue
[2025-01-21T17:35:06.722+0000] {logging_mixin.py:190} INFO - [2025-01-21T17:35:06.721+0000] {dagbag.py:588} INFO - Filling up the DagBag from /opt/airflow/dags/spark_example.py
[2025-01-21T17:35:06.747+0000] {processor.py:925} INFO - DAG(s) 'spark_example' retrieved from /opt/airflow/dags/spark_example.py
[2025-01-21T17:35:06.773+0000] {logging_mixin.py:190} INFO - [2025-01-21T17:35:06.773+0000] {dag.py:3239} INFO - Sync 1 DAGs
[2025-01-21T17:35:06.788+0000] {logging_mixin.py:190} INFO - [2025-01-21T17:35:06.788+0000] {dag.py:4180} INFO - Setting next_dagrun for spark_example to None, run_after=None
[2025-01-21T17:35:06.815+0000] {processor.py:208} INFO - Processing /opt/airflow/dags/spark_example.py took 0.104 seconds
[2025-01-21T17:35:37.295+0000] {processor.py:186} INFO - Started process (PID=188) to work on /opt/airflow/dags/spark_example.py
[2025-01-21T17:35:37.297+0000] {processor.py:914} INFO - Processing file /opt/airflow/dags/spark_example.py for tasks to queue
[2025-01-21T17:35:37.301+0000] {logging_mixin.py:190} INFO - [2025-01-21T17:35:37.300+0000] {dagbag.py:588} INFO - Filling up the DagBag from /opt/airflow/dags/spark_example.py
[2025-01-21T17:35:37.316+0000] {processor.py:925} INFO - DAG(s) 'spark_example' retrieved from /opt/airflow/dags/spark_example.py
[2025-01-21T17:35:37.336+0000] {logging_mixin.py:190} INFO - [2025-01-21T17:35:37.335+0000] {dag.py:3239} INFO - Sync 1 DAGs
[2025-01-21T17:35:37.349+0000] {logging_mixin.py:190} INFO - [2025-01-21T17:35:37.348+0000] {dag.py:4180} INFO - Setting next_dagrun for spark_example to None, run_after=None
[2025-01-21T17:35:37.387+0000] {processor.py:208} INFO - Processing /opt/airflow/dags/spark_example.py took 0.097 seconds
[2025-01-21T17:36:07.591+0000] {processor.py:186} INFO - Started process (PID=199) to work on /opt/airflow/dags/spark_example.py
[2025-01-21T17:36:07.592+0000] {processor.py:914} INFO - Processing file /opt/airflow/dags/spark_example.py for tasks to queue
[2025-01-21T17:36:07.594+0000] {logging_mixin.py:190} INFO - [2025-01-21T17:36:07.594+0000] {dagbag.py:588} INFO - Filling up the DagBag from /opt/airflow/dags/spark_example.py
[2025-01-21T17:36:07.605+0000] {processor.py:925} INFO - DAG(s) 'spark_example' retrieved from /opt/airflow/dags/spark_example.py
[2025-01-21T17:36:07.624+0000] {logging_mixin.py:190} INFO - [2025-01-21T17:36:07.624+0000] {dag.py:3239} INFO - Sync 1 DAGs
[2025-01-21T17:36:07.636+0000] {logging_mixin.py:190} INFO - [2025-01-21T17:36:07.636+0000] {dag.py:4180} INFO - Setting next_dagrun for spark_example to None, run_after=None
[2025-01-21T17:36:07.669+0000] {processor.py:208} INFO - Processing /opt/airflow/dags/spark_example.py took 0.085 seconds
[2025-01-21T17:36:37.956+0000] {processor.py:186} INFO - Started process (PID=210) to work on /opt/airflow/dags/spark_example.py
[2025-01-21T17:36:37.958+0000] {processor.py:914} INFO - Processing file /opt/airflow/dags/spark_example.py for tasks to queue
[2025-01-21T17:36:37.960+0000] {logging_mixin.py:190} INFO - [2025-01-21T17:36:37.960+0000] {dagbag.py:588} INFO - Filling up the DagBag from /opt/airflow/dags/spark_example.py
[2025-01-21T17:36:37.982+0000] {processor.py:925} INFO - DAG(s) 'spark_example' retrieved from /opt/airflow/dags/spark_example.py
[2025-01-21T17:36:38.006+0000] {logging_mixin.py:190} INFO - [2025-01-21T17:36:38.005+0000] {dag.py:3239} INFO - Sync 1 DAGs
[2025-01-21T17:36:38.018+0000] {logging_mixin.py:190} INFO - [2025-01-21T17:36:38.018+0000] {dag.py:4180} INFO - Setting next_dagrun for spark_example to None, run_after=None
[2025-01-21T17:36:38.053+0000] {processor.py:208} INFO - Processing /opt/airflow/dags/spark_example.py took 0.105 seconds
[2025-01-21T17:37:08.245+0000] {processor.py:186} INFO - Started process (PID=221) to work on /opt/airflow/dags/spark_example.py
[2025-01-21T17:37:08.246+0000] {processor.py:914} INFO - Processing file /opt/airflow/dags/spark_example.py for tasks to queue
[2025-01-21T17:37:08.248+0000] {logging_mixin.py:190} INFO - [2025-01-21T17:37:08.248+0000] {dagbag.py:588} INFO - Filling up the DagBag from /opt/airflow/dags/spark_example.py
[2025-01-21T17:37:08.264+0000] {processor.py:925} INFO - DAG(s) 'spark_example' retrieved from /opt/airflow/dags/spark_example.py
[2025-01-21T17:37:08.290+0000] {logging_mixin.py:190} INFO - [2025-01-21T17:37:08.290+0000] {dag.py:3239} INFO - Sync 1 DAGs
[2025-01-21T17:37:08.304+0000] {logging_mixin.py:190} INFO - [2025-01-21T17:37:08.304+0000] {dag.py:4180} INFO - Setting next_dagrun for spark_example to None, run_after=None
[2025-01-21T17:37:08.333+0000] {processor.py:208} INFO - Processing /opt/airflow/dags/spark_example.py took 0.094 seconds
[2025-01-21T17:37:38.535+0000] {processor.py:186} INFO - Started process (PID=232) to work on /opt/airflow/dags/spark_example.py
[2025-01-21T17:37:38.537+0000] {processor.py:914} INFO - Processing file /opt/airflow/dags/spark_example.py for tasks to queue
[2025-01-21T17:37:38.541+0000] {logging_mixin.py:190} INFO - [2025-01-21T17:37:38.540+0000] {dagbag.py:588} INFO - Filling up the DagBag from /opt/airflow/dags/spark_example.py
[2025-01-21T17:37:38.560+0000] {processor.py:925} INFO - DAG(s) 'spark_example' retrieved from /opt/airflow/dags/spark_example.py
[2025-01-21T17:37:38.581+0000] {logging_mixin.py:190} INFO - [2025-01-21T17:37:38.581+0000] {dag.py:3239} INFO - Sync 1 DAGs
[2025-01-21T17:37:38.593+0000] {logging_mixin.py:190} INFO - [2025-01-21T17:37:38.593+0000] {dag.py:4180} INFO - Setting next_dagrun for spark_example to None, run_after=None
[2025-01-21T17:37:38.615+0000] {processor.py:208} INFO - Processing /opt/airflow/dags/spark_example.py took 0.086 seconds
[2025-01-21T17:38:08.979+0000] {processor.py:186} INFO - Started process (PID=243) to work on /opt/airflow/dags/spark_example.py
[2025-01-21T17:38:08.980+0000] {processor.py:914} INFO - Processing file /opt/airflow/dags/spark_example.py for tasks to queue
[2025-01-21T17:38:08.982+0000] {logging_mixin.py:190} INFO - [2025-01-21T17:38:08.982+0000] {dagbag.py:588} INFO - Filling up the DagBag from /opt/airflow/dags/spark_example.py
[2025-01-21T17:38:09.001+0000] {processor.py:925} INFO - DAG(s) 'spark_example' retrieved from /opt/airflow/dags/spark_example.py
[2025-01-21T17:38:09.028+0000] {logging_mixin.py:190} INFO - [2025-01-21T17:38:09.027+0000] {dag.py:3239} INFO - Sync 1 DAGs
[2025-01-21T17:38:09.042+0000] {logging_mixin.py:190} INFO - [2025-01-21T17:38:09.042+0000] {dag.py:4180} INFO - Setting next_dagrun for spark_example to None, run_after=None
[2025-01-21T17:38:09.064+0000] {processor.py:208} INFO - Processing /opt/airflow/dags/spark_example.py took 0.091 seconds
[2025-01-21T17:38:39.156+0000] {processor.py:186} INFO - Started process (PID=254) to work on /opt/airflow/dags/spark_example.py
[2025-01-21T17:38:39.157+0000] {processor.py:914} INFO - Processing file /opt/airflow/dags/spark_example.py for tasks to queue
[2025-01-21T17:38:39.159+0000] {logging_mixin.py:190} INFO - [2025-01-21T17:38:39.158+0000] {dagbag.py:588} INFO - Filling up the DagBag from /opt/airflow/dags/spark_example.py
[2025-01-21T17:38:39.169+0000] {processor.py:925} INFO - DAG(s) 'spark_example' retrieved from /opt/airflow/dags/spark_example.py
[2025-01-21T17:38:39.188+0000] {logging_mixin.py:190} INFO - [2025-01-21T17:38:39.188+0000] {dag.py:3239} INFO - Sync 1 DAGs
[2025-01-21T17:38:39.199+0000] {logging_mixin.py:190} INFO - [2025-01-21T17:38:39.199+0000] {dag.py:4180} INFO - Setting next_dagrun for spark_example to None, run_after=None
[2025-01-21T17:38:39.229+0000] {processor.py:208} INFO - Processing /opt/airflow/dags/spark_example.py took 0.077 seconds
[2025-01-21T17:39:09.279+0000] {processor.py:186} INFO - Started process (PID=265) to work on /opt/airflow/dags/spark_example.py
[2025-01-21T17:39:09.280+0000] {processor.py:914} INFO - Processing file /opt/airflow/dags/spark_example.py for tasks to queue
[2025-01-21T17:39:09.282+0000] {logging_mixin.py:190} INFO - [2025-01-21T17:39:09.282+0000] {dagbag.py:588} INFO - Filling up the DagBag from /opt/airflow/dags/spark_example.py
[2025-01-21T17:39:09.304+0000] {processor.py:925} INFO - DAG(s) 'spark_example' retrieved from /opt/airflow/dags/spark_example.py
[2025-01-21T17:39:09.331+0000] {logging_mixin.py:190} INFO - [2025-01-21T17:39:09.330+0000] {dag.py:3239} INFO - Sync 1 DAGs
[2025-01-21T17:39:09.347+0000] {logging_mixin.py:190} INFO - [2025-01-21T17:39:09.346+0000] {dag.py:4180} INFO - Setting next_dagrun for spark_example to None, run_after=None
[2025-01-21T17:39:09.382+0000] {processor.py:208} INFO - Processing /opt/airflow/dags/spark_example.py took 0.108 seconds
[2025-01-21T17:39:39.754+0000] {processor.py:186} INFO - Started process (PID=276) to work on /opt/airflow/dags/spark_example.py
[2025-01-21T17:39:39.755+0000] {processor.py:914} INFO - Processing file /opt/airflow/dags/spark_example.py for tasks to queue
[2025-01-21T17:39:39.757+0000] {logging_mixin.py:190} INFO - [2025-01-21T17:39:39.757+0000] {dagbag.py:588} INFO - Filling up the DagBag from /opt/airflow/dags/spark_example.py
[2025-01-21T17:39:39.772+0000] {processor.py:925} INFO - DAG(s) 'spark_example' retrieved from /opt/airflow/dags/spark_example.py
[2025-01-21T17:39:39.795+0000] {logging_mixin.py:190} INFO - [2025-01-21T17:39:39.795+0000] {dag.py:3239} INFO - Sync 1 DAGs
[2025-01-21T17:39:39.807+0000] {logging_mixin.py:190} INFO - [2025-01-21T17:39:39.806+0000] {dag.py:4180} INFO - Setting next_dagrun for spark_example to None, run_after=None
[2025-01-21T17:39:39.842+0000] {processor.py:208} INFO - Processing /opt/airflow/dags/spark_example.py took 0.093 seconds
[2025-01-21T17:40:10.165+0000] {processor.py:186} INFO - Started process (PID=287) to work on /opt/airflow/dags/spark_example.py
[2025-01-21T17:40:10.166+0000] {processor.py:914} INFO - Processing file /opt/airflow/dags/spark_example.py for tasks to queue
[2025-01-21T17:40:10.168+0000] {logging_mixin.py:190} INFO - [2025-01-21T17:40:10.168+0000] {dagbag.py:588} INFO - Filling up the DagBag from /opt/airflow/dags/spark_example.py
[2025-01-21T17:40:10.182+0000] {processor.py:925} INFO - DAG(s) 'spark_example' retrieved from /opt/airflow/dags/spark_example.py
[2025-01-21T17:40:10.205+0000] {logging_mixin.py:190} INFO - [2025-01-21T17:40:10.205+0000] {dag.py:3239} INFO - Sync 1 DAGs
[2025-01-21T17:40:10.219+0000] {logging_mixin.py:190} INFO - [2025-01-21T17:40:10.219+0000] {dag.py:4180} INFO - Setting next_dagrun for spark_example to None, run_after=None
[2025-01-21T17:40:10.261+0000] {processor.py:208} INFO - Processing /opt/airflow/dags/spark_example.py took 0.102 seconds
[2025-01-21T17:40:40.787+0000] {processor.py:186} INFO - Started process (PID=298) to work on /opt/airflow/dags/spark_example.py
[2025-01-21T17:40:40.788+0000] {processor.py:914} INFO - Processing file /opt/airflow/dags/spark_example.py for tasks to queue
[2025-01-21T17:40:40.790+0000] {logging_mixin.py:190} INFO - [2025-01-21T17:40:40.790+0000] {dagbag.py:588} INFO - Filling up the DagBag from /opt/airflow/dags/spark_example.py
[2025-01-21T17:40:40.803+0000] {processor.py:925} INFO - DAG(s) 'spark_example' retrieved from /opt/airflow/dags/spark_example.py
[2025-01-21T17:40:40.824+0000] {logging_mixin.py:190} INFO - [2025-01-21T17:40:40.824+0000] {dag.py:3239} INFO - Sync 1 DAGs
[2025-01-21T17:40:40.837+0000] {logging_mixin.py:190} INFO - [2025-01-21T17:40:40.836+0000] {dag.py:4180} INFO - Setting next_dagrun for spark_example to None, run_after=None
[2025-01-21T17:40:40.859+0000] {processor.py:208} INFO - Processing /opt/airflow/dags/spark_example.py took 0.077 seconds
[2025-01-21T17:41:11.091+0000] {processor.py:186} INFO - Started process (PID=309) to work on /opt/airflow/dags/spark_example.py
[2025-01-21T17:41:11.092+0000] {processor.py:914} INFO - Processing file /opt/airflow/dags/spark_example.py for tasks to queue
[2025-01-21T17:41:11.094+0000] {logging_mixin.py:190} INFO - [2025-01-21T17:41:11.094+0000] {dagbag.py:588} INFO - Filling up the DagBag from /opt/airflow/dags/spark_example.py
[2025-01-21T17:41:11.106+0000] {processor.py:925} INFO - DAG(s) 'spark_example' retrieved from /opt/airflow/dags/spark_example.py
[2025-01-21T17:41:11.129+0000] {logging_mixin.py:190} INFO - [2025-01-21T17:41:11.129+0000] {dag.py:3239} INFO - Sync 1 DAGs
[2025-01-21T17:41:11.144+0000] {logging_mixin.py:190} INFO - [2025-01-21T17:41:11.144+0000] {dag.py:4180} INFO - Setting next_dagrun for spark_example to None, run_after=None
[2025-01-21T17:41:11.177+0000] {processor.py:208} INFO - Processing /opt/airflow/dags/spark_example.py took 0.092 seconds
[2025-01-21T17:41:41.306+0000] {processor.py:186} INFO - Started process (PID=320) to work on /opt/airflow/dags/spark_example.py
[2025-01-21T17:41:41.307+0000] {processor.py:914} INFO - Processing file /opt/airflow/dags/spark_example.py for tasks to queue
[2025-01-21T17:41:41.309+0000] {logging_mixin.py:190} INFO - [2025-01-21T17:41:41.308+0000] {dagbag.py:588} INFO - Filling up the DagBag from /opt/airflow/dags/spark_example.py
[2025-01-21T17:41:41.322+0000] {processor.py:925} INFO - DAG(s) 'spark_example' retrieved from /opt/airflow/dags/spark_example.py
[2025-01-21T17:41:41.342+0000] {logging_mixin.py:190} INFO - [2025-01-21T17:41:41.341+0000] {dag.py:3239} INFO - Sync 1 DAGs
[2025-01-21T17:41:41.353+0000] {logging_mixin.py:190} INFO - [2025-01-21T17:41:41.353+0000] {dag.py:4180} INFO - Setting next_dagrun for spark_example to None, run_after=None
[2025-01-21T17:41:41.387+0000] {processor.py:208} INFO - Processing /opt/airflow/dags/spark_example.py took 0.086 seconds
[2025-01-21T17:42:11.525+0000] {processor.py:186} INFO - Started process (PID=331) to work on /opt/airflow/dags/spark_example.py
[2025-01-21T17:42:11.526+0000] {processor.py:914} INFO - Processing file /opt/airflow/dags/spark_example.py for tasks to queue
[2025-01-21T17:42:11.528+0000] {logging_mixin.py:190} INFO - [2025-01-21T17:42:11.528+0000] {dagbag.py:588} INFO - Filling up the DagBag from /opt/airflow/dags/spark_example.py
[2025-01-21T17:42:11.544+0000] {processor.py:925} INFO - DAG(s) 'spark_example' retrieved from /opt/airflow/dags/spark_example.py
[2025-01-21T17:42:11.565+0000] {logging_mixin.py:190} INFO - [2025-01-21T17:42:11.564+0000] {dag.py:3239} INFO - Sync 1 DAGs
[2025-01-21T17:42:11.577+0000] {logging_mixin.py:190} INFO - [2025-01-21T17:42:11.577+0000] {dag.py:4180} INFO - Setting next_dagrun for spark_example to None, run_after=None
[2025-01-21T17:42:11.601+0000] {processor.py:208} INFO - Processing /opt/airflow/dags/spark_example.py took 0.082 seconds
[2025-01-21T17:42:41.815+0000] {processor.py:186} INFO - Started process (PID=342) to work on /opt/airflow/dags/spark_example.py
[2025-01-21T17:42:41.816+0000] {processor.py:914} INFO - Processing file /opt/airflow/dags/spark_example.py for tasks to queue
[2025-01-21T17:42:41.818+0000] {logging_mixin.py:190} INFO - [2025-01-21T17:42:41.818+0000] {dagbag.py:588} INFO - Filling up the DagBag from /opt/airflow/dags/spark_example.py
[2025-01-21T17:42:41.836+0000] {processor.py:925} INFO - DAG(s) 'spark_example' retrieved from /opt/airflow/dags/spark_example.py
[2025-01-21T17:42:41.858+0000] {logging_mixin.py:190} INFO - [2025-01-21T17:42:41.857+0000] {dag.py:3239} INFO - Sync 1 DAGs
[2025-01-21T17:42:41.871+0000] {logging_mixin.py:190} INFO - [2025-01-21T17:42:41.871+0000] {dag.py:4180} INFO - Setting next_dagrun for spark_example to None, run_after=None
[2025-01-21T17:42:41.892+0000] {processor.py:208} INFO - Processing /opt/airflow/dags/spark_example.py took 0.083 seconds
[2025-01-21T17:43:12.514+0000] {processor.py:186} INFO - Started process (PID=353) to work on /opt/airflow/dags/spark_example.py
[2025-01-21T17:43:12.516+0000] {processor.py:914} INFO - Processing file /opt/airflow/dags/spark_example.py for tasks to queue
[2025-01-21T17:43:12.519+0000] {logging_mixin.py:190} INFO - [2025-01-21T17:43:12.519+0000] {dagbag.py:588} INFO - Filling up the DagBag from /opt/airflow/dags/spark_example.py
[2025-01-21T17:43:12.540+0000] {processor.py:925} INFO - DAG(s) 'spark_example' retrieved from /opt/airflow/dags/spark_example.py
[2025-01-21T17:43:12.571+0000] {logging_mixin.py:190} INFO - [2025-01-21T17:43:12.570+0000] {dag.py:3239} INFO - Sync 1 DAGs
[2025-01-21T17:43:12.589+0000] {logging_mixin.py:190} INFO - [2025-01-21T17:43:12.589+0000] {dag.py:4180} INFO - Setting next_dagrun for spark_example to None, run_after=None
[2025-01-21T17:43:12.617+0000] {processor.py:208} INFO - Processing /opt/airflow/dags/spark_example.py took 0.109 seconds
[2025-01-21T17:43:42.736+0000] {processor.py:186} INFO - Started process (PID=364) to work on /opt/airflow/dags/spark_example.py
[2025-01-21T17:43:42.737+0000] {processor.py:914} INFO - Processing file /opt/airflow/dags/spark_example.py for tasks to queue
[2025-01-21T17:43:42.739+0000] {logging_mixin.py:190} INFO - [2025-01-21T17:43:42.739+0000] {dagbag.py:588} INFO - Filling up the DagBag from /opt/airflow/dags/spark_example.py
[2025-01-21T17:43:42.768+0000] {processor.py:925} INFO - DAG(s) 'spark_example' retrieved from /opt/airflow/dags/spark_example.py
[2025-01-21T17:43:42.794+0000] {logging_mixin.py:190} INFO - [2025-01-21T17:43:42.794+0000] {dag.py:3239} INFO - Sync 1 DAGs
[2025-01-21T17:43:42.810+0000] {logging_mixin.py:190} INFO - [2025-01-21T17:43:42.809+0000] {dag.py:4180} INFO - Setting next_dagrun for spark_example to None, run_after=None
[2025-01-21T17:43:42.866+0000] {processor.py:208} INFO - Processing /opt/airflow/dags/spark_example.py took 0.135 seconds
[2025-01-21T17:44:13.541+0000] {processor.py:186} INFO - Started process (PID=375) to work on /opt/airflow/dags/spark_example.py
[2025-01-21T17:44:13.542+0000] {processor.py:914} INFO - Processing file /opt/airflow/dags/spark_example.py for tasks to queue
[2025-01-21T17:44:13.544+0000] {logging_mixin.py:190} INFO - [2025-01-21T17:44:13.544+0000] {dagbag.py:588} INFO - Filling up the DagBag from /opt/airflow/dags/spark_example.py
[2025-01-21T17:44:13.557+0000] {processor.py:925} INFO - DAG(s) 'spark_example' retrieved from /opt/airflow/dags/spark_example.py
[2025-01-21T17:44:13.589+0000] {logging_mixin.py:190} INFO - [2025-01-21T17:44:13.589+0000] {dag.py:3239} INFO - Sync 1 DAGs
[2025-01-21T17:44:13.604+0000] {logging_mixin.py:190} INFO - [2025-01-21T17:44:13.603+0000] {dag.py:4180} INFO - Setting next_dagrun for spark_example to None, run_after=None
[2025-01-21T17:44:13.627+0000] {processor.py:208} INFO - Processing /opt/airflow/dags/spark_example.py took 0.091 seconds
[2025-01-21T17:44:43.875+0000] {processor.py:186} INFO - Started process (PID=387) to work on /opt/airflow/dags/spark_example.py
[2025-01-21T17:44:43.878+0000] {processor.py:914} INFO - Processing file /opt/airflow/dags/spark_example.py for tasks to queue
[2025-01-21T17:44:43.887+0000] {logging_mixin.py:190} INFO - [2025-01-21T17:44:43.886+0000] {dagbag.py:588} INFO - Filling up the DagBag from /opt/airflow/dags/spark_example.py
[2025-01-21T17:44:43.908+0000] {processor.py:925} INFO - DAG(s) 'spark_example' retrieved from /opt/airflow/dags/spark_example.py
[2025-01-21T17:44:43.938+0000] {logging_mixin.py:190} INFO - [2025-01-21T17:44:43.938+0000] {dag.py:3239} INFO - Sync 1 DAGs
[2025-01-21T17:44:43.955+0000] {logging_mixin.py:190} INFO - [2025-01-21T17:44:43.955+0000] {dag.py:4180} INFO - Setting next_dagrun for spark_example to None, run_after=None
[2025-01-21T17:44:43.994+0000] {processor.py:208} INFO - Processing /opt/airflow/dags/spark_example.py took 0.127 seconds
[2025-01-21T17:45:14.405+0000] {processor.py:186} INFO - Started process (PID=398) to work on /opt/airflow/dags/spark_example.py
[2025-01-21T17:45:14.406+0000] {processor.py:914} INFO - Processing file /opt/airflow/dags/spark_example.py for tasks to queue
[2025-01-21T17:45:14.408+0000] {logging_mixin.py:190} INFO - [2025-01-21T17:45:14.408+0000] {dagbag.py:588} INFO - Filling up the DagBag from /opt/airflow/dags/spark_example.py
[2025-01-21T17:45:14.420+0000] {processor.py:925} INFO - DAG(s) 'spark_example' retrieved from /opt/airflow/dags/spark_example.py
[2025-01-21T17:45:14.447+0000] {logging_mixin.py:190} INFO - [2025-01-21T17:45:14.447+0000] {dag.py:3239} INFO - Sync 1 DAGs
[2025-01-21T17:45:14.461+0000] {logging_mixin.py:190} INFO - [2025-01-21T17:45:14.461+0000] {dag.py:4180} INFO - Setting next_dagrun for spark_example to None, run_after=None
[2025-01-21T17:45:14.487+0000] {processor.py:208} INFO - Processing /opt/airflow/dags/spark_example.py took 0.087 seconds
[2025-01-21T17:45:44.858+0000] {processor.py:186} INFO - Started process (PID=409) to work on /opt/airflow/dags/spark_example.py
[2025-01-21T17:45:44.859+0000] {processor.py:914} INFO - Processing file /opt/airflow/dags/spark_example.py for tasks to queue
[2025-01-21T17:45:44.861+0000] {logging_mixin.py:190} INFO - [2025-01-21T17:45:44.861+0000] {dagbag.py:588} INFO - Filling up the DagBag from /opt/airflow/dags/spark_example.py
[2025-01-21T17:45:44.882+0000] {processor.py:925} INFO - DAG(s) 'spark_example' retrieved from /opt/airflow/dags/spark_example.py
[2025-01-21T17:45:44.909+0000] {logging_mixin.py:190} INFO - [2025-01-21T17:45:44.909+0000] {dag.py:3239} INFO - Sync 1 DAGs
[2025-01-21T17:45:44.929+0000] {logging_mixin.py:190} INFO - [2025-01-21T17:45:44.928+0000] {dag.py:4180} INFO - Setting next_dagrun for spark_example to None, run_after=None
[2025-01-21T17:45:44.967+0000] {processor.py:208} INFO - Processing /opt/airflow/dags/spark_example.py took 0.117 seconds
[2025-01-21T17:46:15.074+0000] {processor.py:186} INFO - Started process (PID=421) to work on /opt/airflow/dags/spark_example.py
[2025-01-21T17:46:15.076+0000] {processor.py:914} INFO - Processing file /opt/airflow/dags/spark_example.py for tasks to queue
[2025-01-21T17:46:15.080+0000] {logging_mixin.py:190} INFO - [2025-01-21T17:46:15.079+0000] {dagbag.py:588} INFO - Filling up the DagBag from /opt/airflow/dags/spark_example.py
[2025-01-21T17:46:15.110+0000] {processor.py:925} INFO - DAG(s) 'spark_example' retrieved from /opt/airflow/dags/spark_example.py
[2025-01-21T17:46:15.138+0000] {logging_mixin.py:190} INFO - [2025-01-21T17:46:15.137+0000] {dag.py:3239} INFO - Sync 1 DAGs
[2025-01-21T17:46:15.153+0000] {logging_mixin.py:190} INFO - [2025-01-21T17:46:15.153+0000] {dag.py:4180} INFO - Setting next_dagrun for spark_example to None, run_after=None
[2025-01-21T17:46:15.195+0000] {processor.py:208} INFO - Processing /opt/airflow/dags/spark_example.py took 0.127 seconds
[2025-01-21T17:46:45.332+0000] {processor.py:186} INFO - Started process (PID=432) to work on /opt/airflow/dags/spark_example.py
[2025-01-21T17:46:45.333+0000] {processor.py:914} INFO - Processing file /opt/airflow/dags/spark_example.py for tasks to queue
[2025-01-21T17:46:45.335+0000] {logging_mixin.py:190} INFO - [2025-01-21T17:46:45.335+0000] {dagbag.py:588} INFO - Filling up the DagBag from /opt/airflow/dags/spark_example.py
[2025-01-21T17:46:45.353+0000] {processor.py:925} INFO - DAG(s) 'spark_example' retrieved from /opt/airflow/dags/spark_example.py
[2025-01-21T17:46:45.375+0000] {logging_mixin.py:190} INFO - [2025-01-21T17:46:45.375+0000] {dag.py:3239} INFO - Sync 1 DAGs
[2025-01-21T17:46:45.388+0000] {logging_mixin.py:190} INFO - [2025-01-21T17:46:45.388+0000] {dag.py:4180} INFO - Setting next_dagrun for spark_example to None, run_after=None
[2025-01-21T17:46:45.422+0000] {processor.py:208} INFO - Processing /opt/airflow/dags/spark_example.py took 0.095 seconds
[2025-01-21T17:47:15.578+0000] {processor.py:186} INFO - Started process (PID=443) to work on /opt/airflow/dags/spark_example.py
[2025-01-21T17:47:15.579+0000] {processor.py:914} INFO - Processing file /opt/airflow/dags/spark_example.py for tasks to queue
[2025-01-21T17:47:15.582+0000] {logging_mixin.py:190} INFO - [2025-01-21T17:47:15.581+0000] {dagbag.py:588} INFO - Filling up the DagBag from /opt/airflow/dags/spark_example.py
[2025-01-21T17:47:15.605+0000] {processor.py:925} INFO - DAG(s) 'spark_example' retrieved from /opt/airflow/dags/spark_example.py
[2025-01-21T17:47:15.627+0000] {logging_mixin.py:190} INFO - [2025-01-21T17:47:15.626+0000] {dag.py:3239} INFO - Sync 1 DAGs
[2025-01-21T17:47:15.638+0000] {logging_mixin.py:190} INFO - [2025-01-21T17:47:15.638+0000] {dag.py:4180} INFO - Setting next_dagrun for spark_example to None, run_after=None
[2025-01-21T17:47:15.657+0000] {processor.py:208} INFO - Processing /opt/airflow/dags/spark_example.py took 0.086 seconds
[2025-01-21T17:47:45.747+0000] {processor.py:186} INFO - Started process (PID=454) to work on /opt/airflow/dags/spark_example.py
[2025-01-21T17:47:45.748+0000] {processor.py:914} INFO - Processing file /opt/airflow/dags/spark_example.py for tasks to queue
[2025-01-21T17:47:45.751+0000] {logging_mixin.py:190} INFO - [2025-01-21T17:47:45.751+0000] {dagbag.py:588} INFO - Filling up the DagBag from /opt/airflow/dags/spark_example.py
[2025-01-21T17:47:45.774+0000] {processor.py:925} INFO - DAG(s) 'spark_example' retrieved from /opt/airflow/dags/spark_example.py
[2025-01-21T17:47:45.800+0000] {logging_mixin.py:190} INFO - [2025-01-21T17:47:45.800+0000] {dag.py:3239} INFO - Sync 1 DAGs
[2025-01-21T17:47:45.816+0000] {logging_mixin.py:190} INFO - [2025-01-21T17:47:45.815+0000] {dag.py:4180} INFO - Setting next_dagrun for spark_example to None, run_after=None
[2025-01-21T17:47:45.843+0000] {processor.py:208} INFO - Processing /opt/airflow/dags/spark_example.py took 0.103 seconds
[2025-01-21T17:48:16.028+0000] {processor.py:186} INFO - Started process (PID=465) to work on /opt/airflow/dags/spark_example.py
[2025-01-21T17:48:16.029+0000] {processor.py:914} INFO - Processing file /opt/airflow/dags/spark_example.py for tasks to queue
[2025-01-21T17:48:16.032+0000] {logging_mixin.py:190} INFO - [2025-01-21T17:48:16.032+0000] {dagbag.py:588} INFO - Filling up the DagBag from /opt/airflow/dags/spark_example.py
[2025-01-21T17:48:16.052+0000] {processor.py:925} INFO - DAG(s) 'spark_example' retrieved from /opt/airflow/dags/spark_example.py
[2025-01-21T17:48:16.080+0000] {logging_mixin.py:190} INFO - [2025-01-21T17:48:16.079+0000] {dag.py:3239} INFO - Sync 1 DAGs
[2025-01-21T17:48:16.097+0000] {logging_mixin.py:190} INFO - [2025-01-21T17:48:16.096+0000] {dag.py:4180} INFO - Setting next_dagrun for spark_example to None, run_after=None
[2025-01-21T17:48:16.139+0000] {processor.py:208} INFO - Processing /opt/airflow/dags/spark_example.py took 0.117 seconds
[2025-01-21T17:48:46.223+0000] {processor.py:186} INFO - Started process (PID=476) to work on /opt/airflow/dags/spark_example.py
[2025-01-21T17:48:46.226+0000] {processor.py:914} INFO - Processing file /opt/airflow/dags/spark_example.py for tasks to queue
[2025-01-21T17:48:46.231+0000] {logging_mixin.py:190} INFO - [2025-01-21T17:48:46.231+0000] {dagbag.py:588} INFO - Filling up the DagBag from /opt/airflow/dags/spark_example.py
[2025-01-21T17:48:46.253+0000] {processor.py:925} INFO - DAG(s) 'spark_example' retrieved from /opt/airflow/dags/spark_example.py
[2025-01-21T17:48:46.286+0000] {logging_mixin.py:190} INFO - [2025-01-21T17:48:46.286+0000] {dag.py:3239} INFO - Sync 1 DAGs
[2025-01-21T17:48:46.302+0000] {logging_mixin.py:190} INFO - [2025-01-21T17:48:46.301+0000] {dag.py:4180} INFO - Setting next_dagrun for spark_example to None, run_after=None
[2025-01-21T17:48:46.334+0000] {processor.py:208} INFO - Processing /opt/airflow/dags/spark_example.py took 0.117 seconds
[2025-01-21T17:49:16.404+0000] {processor.py:186} INFO - Started process (PID=487) to work on /opt/airflow/dags/spark_example.py
[2025-01-21T17:49:16.405+0000] {processor.py:914} INFO - Processing file /opt/airflow/dags/spark_example.py for tasks to queue
[2025-01-21T17:49:16.407+0000] {logging_mixin.py:190} INFO - [2025-01-21T17:49:16.407+0000] {dagbag.py:588} INFO - Filling up the DagBag from /opt/airflow/dags/spark_example.py
[2025-01-21T17:49:16.424+0000] {processor.py:925} INFO - DAG(s) 'spark_example' retrieved from /opt/airflow/dags/spark_example.py
[2025-01-21T17:49:16.447+0000] {logging_mixin.py:190} INFO - [2025-01-21T17:49:16.446+0000] {dag.py:3239} INFO - Sync 1 DAGs
[2025-01-21T17:49:16.459+0000] {logging_mixin.py:190} INFO - [2025-01-21T17:49:16.459+0000] {dag.py:4180} INFO - Setting next_dagrun for spark_example to None, run_after=None
[2025-01-21T17:49:16.493+0000] {processor.py:208} INFO - Processing /opt/airflow/dags/spark_example.py took 0.095 seconds
[2025-01-21T17:49:46.666+0000] {processor.py:186} INFO - Started process (PID=498) to work on /opt/airflow/dags/spark_example.py
[2025-01-21T17:49:46.667+0000] {processor.py:914} INFO - Processing file /opt/airflow/dags/spark_example.py for tasks to queue
[2025-01-21T17:49:46.669+0000] {logging_mixin.py:190} INFO - [2025-01-21T17:49:46.669+0000] {dagbag.py:588} INFO - Filling up the DagBag from /opt/airflow/dags/spark_example.py
[2025-01-21T17:49:46.682+0000] {processor.py:925} INFO - DAG(s) 'spark_example' retrieved from /opt/airflow/dags/spark_example.py
[2025-01-21T17:49:46.701+0000] {logging_mixin.py:190} INFO - [2025-01-21T17:49:46.701+0000] {dag.py:3239} INFO - Sync 1 DAGs
[2025-01-21T17:49:46.712+0000] {logging_mixin.py:190} INFO - [2025-01-21T17:49:46.712+0000] {dag.py:4180} INFO - Setting next_dagrun for spark_example to None, run_after=None
[2025-01-21T17:49:46.746+0000] {processor.py:208} INFO - Processing /opt/airflow/dags/spark_example.py took 0.084 seconds
[2025-01-21T17:50:17.076+0000] {processor.py:186} INFO - Started process (PID=509) to work on /opt/airflow/dags/spark_example.py
[2025-01-21T17:50:17.078+0000] {processor.py:914} INFO - Processing file /opt/airflow/dags/spark_example.py for tasks to queue
[2025-01-21T17:50:17.081+0000] {logging_mixin.py:190} INFO - [2025-01-21T17:50:17.081+0000] {dagbag.py:588} INFO - Filling up the DagBag from /opt/airflow/dags/spark_example.py
[2025-01-21T17:50:17.101+0000] {processor.py:925} INFO - DAG(s) 'spark_example' retrieved from /opt/airflow/dags/spark_example.py
[2025-01-21T17:50:17.127+0000] {logging_mixin.py:190} INFO - [2025-01-21T17:50:17.127+0000] {dag.py:3239} INFO - Sync 1 DAGs
[2025-01-21T17:50:17.142+0000] {logging_mixin.py:190} INFO - [2025-01-21T17:50:17.141+0000] {dag.py:4180} INFO - Setting next_dagrun for spark_example to None, run_after=None
[2025-01-21T17:50:17.168+0000] {processor.py:208} INFO - Processing /opt/airflow/dags/spark_example.py took 0.098 seconds
[2025-01-21T17:50:47.893+0000] {processor.py:186} INFO - Started process (PID=520) to work on /opt/airflow/dags/spark_example.py
[2025-01-21T17:50:47.895+0000] {processor.py:914} INFO - Processing file /opt/airflow/dags/spark_example.py for tasks to queue
[2025-01-21T17:50:47.897+0000] {logging_mixin.py:190} INFO - [2025-01-21T17:50:47.897+0000] {dagbag.py:588} INFO - Filling up the DagBag from /opt/airflow/dags/spark_example.py
[2025-01-21T17:50:47.924+0000] {processor.py:925} INFO - DAG(s) 'spark_example' retrieved from /opt/airflow/dags/spark_example.py
[2025-01-21T17:50:47.950+0000] {logging_mixin.py:190} INFO - [2025-01-21T17:50:47.950+0000] {dag.py:3239} INFO - Sync 1 DAGs
[2025-01-21T17:50:47.965+0000] {logging_mixin.py:190} INFO - [2025-01-21T17:50:47.965+0000] {dag.py:4180} INFO - Setting next_dagrun for spark_example to None, run_after=None
[2025-01-21T17:50:48.003+0000] {processor.py:208} INFO - Processing /opt/airflow/dags/spark_example.py took 0.116 seconds
[2025-01-21T17:51:18.590+0000] {processor.py:186} INFO - Started process (PID=531) to work on /opt/airflow/dags/spark_example.py
[2025-01-21T17:51:18.592+0000] {processor.py:914} INFO - Processing file /opt/airflow/dags/spark_example.py for tasks to queue
[2025-01-21T17:51:18.594+0000] {logging_mixin.py:190} INFO - [2025-01-21T17:51:18.593+0000] {dagbag.py:588} INFO - Filling up the DagBag from /opt/airflow/dags/spark_example.py
[2025-01-21T17:51:18.610+0000] {processor.py:925} INFO - DAG(s) 'spark_example' retrieved from /opt/airflow/dags/spark_example.py
[2025-01-21T17:51:18.632+0000] {logging_mixin.py:190} INFO - [2025-01-21T17:51:18.631+0000] {dag.py:3239} INFO - Sync 1 DAGs
[2025-01-21T17:51:18.644+0000] {logging_mixin.py:190} INFO - [2025-01-21T17:51:18.644+0000] {dag.py:4180} INFO - Setting next_dagrun for spark_example to None, run_after=None
[2025-01-21T17:51:18.668+0000] {processor.py:208} INFO - Processing /opt/airflow/dags/spark_example.py took 0.083 seconds
[2025-01-21T17:51:49.421+0000] {processor.py:186} INFO - Started process (PID=542) to work on /opt/airflow/dags/spark_example.py
[2025-01-21T17:51:49.422+0000] {processor.py:914} INFO - Processing file /opt/airflow/dags/spark_example.py for tasks to queue
[2025-01-21T17:51:49.425+0000] {logging_mixin.py:190} INFO - [2025-01-21T17:51:49.424+0000] {dagbag.py:588} INFO - Filling up the DagBag from /opt/airflow/dags/spark_example.py
[2025-01-21T17:51:49.438+0000] {processor.py:925} INFO - DAG(s) 'spark_example' retrieved from /opt/airflow/dags/spark_example.py
[2025-01-21T17:51:49.460+0000] {logging_mixin.py:190} INFO - [2025-01-21T17:51:49.460+0000] {dag.py:3239} INFO - Sync 1 DAGs
[2025-01-21T17:51:49.471+0000] {logging_mixin.py:190} INFO - [2025-01-21T17:51:49.471+0000] {dag.py:4180} INFO - Setting next_dagrun for spark_example to None, run_after=None
[2025-01-21T17:51:49.493+0000] {processor.py:208} INFO - Processing /opt/airflow/dags/spark_example.py took 0.077 seconds
[2025-01-21T17:52:19.794+0000] {processor.py:186} INFO - Started process (PID=553) to work on /opt/airflow/dags/spark_example.py
[2025-01-21T17:52:19.796+0000] {processor.py:914} INFO - Processing file /opt/airflow/dags/spark_example.py for tasks to queue
[2025-01-21T17:52:19.798+0000] {logging_mixin.py:190} INFO - [2025-01-21T17:52:19.797+0000] {dagbag.py:588} INFO - Filling up the DagBag from /opt/airflow/dags/spark_example.py
[2025-01-21T17:52:19.816+0000] {processor.py:925} INFO - DAG(s) 'spark_example' retrieved from /opt/airflow/dags/spark_example.py
[2025-01-21T17:52:19.840+0000] {logging_mixin.py:190} INFO - [2025-01-21T17:52:19.839+0000] {dag.py:3239} INFO - Sync 1 DAGs
[2025-01-21T17:52:19.853+0000] {logging_mixin.py:190} INFO - [2025-01-21T17:52:19.852+0000] {dag.py:4180} INFO - Setting next_dagrun for spark_example to None, run_after=None
[2025-01-21T17:52:19.875+0000] {processor.py:208} INFO - Processing /opt/airflow/dags/spark_example.py took 0.087 seconds
[2025-01-21T17:52:50.153+0000] {processor.py:186} INFO - Started process (PID=564) to work on /opt/airflow/dags/spark_example.py
[2025-01-21T17:52:50.154+0000] {processor.py:914} INFO - Processing file /opt/airflow/dags/spark_example.py for tasks to queue
[2025-01-21T17:52:50.156+0000] {logging_mixin.py:190} INFO - [2025-01-21T17:52:50.156+0000] {dagbag.py:588} INFO - Filling up the DagBag from /opt/airflow/dags/spark_example.py
[2025-01-21T17:52:50.169+0000] {processor.py:925} INFO - DAG(s) 'spark_example' retrieved from /opt/airflow/dags/spark_example.py
[2025-01-21T17:52:50.195+0000] {logging_mixin.py:190} INFO - [2025-01-21T17:52:50.195+0000] {dag.py:3239} INFO - Sync 1 DAGs
[2025-01-21T17:52:50.206+0000] {logging_mixin.py:190} INFO - [2025-01-21T17:52:50.206+0000] {dag.py:4180} INFO - Setting next_dagrun for spark_example to None, run_after=None
[2025-01-21T17:52:50.226+0000] {processor.py:208} INFO - Processing /opt/airflow/dags/spark_example.py took 0.078 seconds
[2025-01-21T17:53:20.897+0000] {processor.py:186} INFO - Started process (PID=574) to work on /opt/airflow/dags/spark_example.py
[2025-01-21T17:53:20.898+0000] {processor.py:914} INFO - Processing file /opt/airflow/dags/spark_example.py for tasks to queue
[2025-01-21T17:53:20.903+0000] {logging_mixin.py:190} INFO - [2025-01-21T17:53:20.902+0000] {dagbag.py:588} INFO - Filling up the DagBag from /opt/airflow/dags/spark_example.py
[2025-01-21T17:53:20.925+0000] {processor.py:925} INFO - DAG(s) 'spark_example' retrieved from /opt/airflow/dags/spark_example.py
[2025-01-21T17:53:20.957+0000] {logging_mixin.py:190} INFO - [2025-01-21T17:53:20.956+0000] {dag.py:3239} INFO - Sync 1 DAGs
[2025-01-21T17:53:20.974+0000] {logging_mixin.py:190} INFO - [2025-01-21T17:53:20.974+0000] {dag.py:4180} INFO - Setting next_dagrun for spark_example to None, run_after=None
[2025-01-21T17:53:21.019+0000] {processor.py:208} INFO - Processing /opt/airflow/dags/spark_example.py took 0.128 seconds
[2025-01-21T17:53:51.285+0000] {processor.py:186} INFO - Started process (PID=584) to work on /opt/airflow/dags/spark_example.py
[2025-01-21T17:53:51.286+0000] {processor.py:914} INFO - Processing file /opt/airflow/dags/spark_example.py for tasks to queue
[2025-01-21T17:53:51.288+0000] {logging_mixin.py:190} INFO - [2025-01-21T17:53:51.288+0000] {dagbag.py:588} INFO - Filling up the DagBag from /opt/airflow/dags/spark_example.py
[2025-01-21T17:53:51.300+0000] {processor.py:925} INFO - DAG(s) 'spark_example' retrieved from /opt/airflow/dags/spark_example.py
[2025-01-21T17:53:51.318+0000] {logging_mixin.py:190} INFO - [2025-01-21T17:53:51.318+0000] {dag.py:3239} INFO - Sync 1 DAGs
[2025-01-21T17:53:51.329+0000] {logging_mixin.py:190} INFO - [2025-01-21T17:53:51.329+0000] {dag.py:4180} INFO - Setting next_dagrun for spark_example to None, run_after=None
[2025-01-21T17:53:51.350+0000] {processor.py:208} INFO - Processing /opt/airflow/dags/spark_example.py took 0.069 seconds
[2025-01-21T17:54:21.531+0000] {processor.py:186} INFO - Started process (PID=595) to work on /opt/airflow/dags/spark_example.py
[2025-01-21T17:54:21.532+0000] {processor.py:914} INFO - Processing file /opt/airflow/dags/spark_example.py for tasks to queue
[2025-01-21T17:54:21.534+0000] {logging_mixin.py:190} INFO - [2025-01-21T17:54:21.534+0000] {dagbag.py:588} INFO - Filling up the DagBag from /opt/airflow/dags/spark_example.py
[2025-01-21T17:54:21.560+0000] {processor.py:925} INFO - DAG(s) 'spark_example' retrieved from /opt/airflow/dags/spark_example.py
[2025-01-21T17:54:21.580+0000] {logging_mixin.py:190} INFO - [2025-01-21T17:54:21.580+0000] {dag.py:3239} INFO - Sync 1 DAGs
[2025-01-21T17:54:21.591+0000] {logging_mixin.py:190} INFO - [2025-01-21T17:54:21.591+0000] {dag.py:4180} INFO - Setting next_dagrun for spark_example to None, run_after=None
[2025-01-21T17:54:21.613+0000] {processor.py:208} INFO - Processing /opt/airflow/dags/spark_example.py took 0.087 seconds
[2025-01-21T17:54:52.110+0000] {processor.py:186} INFO - Started process (PID=606) to work on /opt/airflow/dags/spark_example.py
[2025-01-21T17:54:52.111+0000] {processor.py:914} INFO - Processing file /opt/airflow/dags/spark_example.py for tasks to queue
[2025-01-21T17:54:52.113+0000] {logging_mixin.py:190} INFO - [2025-01-21T17:54:52.113+0000] {dagbag.py:588} INFO - Filling up the DagBag from /opt/airflow/dags/spark_example.py
[2025-01-21T17:54:52.127+0000] {processor.py:925} INFO - DAG(s) 'spark_example' retrieved from /opt/airflow/dags/spark_example.py
[2025-01-21T17:54:52.147+0000] {logging_mixin.py:190} INFO - [2025-01-21T17:54:52.147+0000] {dag.py:3239} INFO - Sync 1 DAGs
[2025-01-21T17:54:52.158+0000] {logging_mixin.py:190} INFO - [2025-01-21T17:54:52.158+0000] {dag.py:4180} INFO - Setting next_dagrun for spark_example to None, run_after=None
[2025-01-21T17:54:52.180+0000] {processor.py:208} INFO - Processing /opt/airflow/dags/spark_example.py took 0.074 seconds
[2025-01-21T17:55:22.727+0000] {processor.py:186} INFO - Started process (PID=617) to work on /opt/airflow/dags/spark_example.py
[2025-01-21T17:55:22.728+0000] {processor.py:914} INFO - Processing file /opt/airflow/dags/spark_example.py for tasks to queue
[2025-01-21T17:55:22.731+0000] {logging_mixin.py:190} INFO - [2025-01-21T17:55:22.731+0000] {dagbag.py:588} INFO - Filling up the DagBag from /opt/airflow/dags/spark_example.py
[2025-01-21T17:55:22.751+0000] {processor.py:925} INFO - DAG(s) 'spark_example' retrieved from /opt/airflow/dags/spark_example.py
[2025-01-21T17:55:22.769+0000] {logging_mixin.py:190} INFO - [2025-01-21T17:55:22.769+0000] {dag.py:3239} INFO - Sync 1 DAGs
[2025-01-21T17:55:22.781+0000] {logging_mixin.py:190} INFO - [2025-01-21T17:55:22.781+0000] {dag.py:4180} INFO - Setting next_dagrun for spark_example to None, run_after=None
[2025-01-21T17:55:22.816+0000] {processor.py:208} INFO - Processing /opt/airflow/dags/spark_example.py took 0.097 seconds
[2025-01-21T17:55:53.473+0000] {processor.py:186} INFO - Started process (PID=628) to work on /opt/airflow/dags/spark_example.py
[2025-01-21T17:55:53.474+0000] {processor.py:914} INFO - Processing file /opt/airflow/dags/spark_example.py for tasks to queue
[2025-01-21T17:55:53.478+0000] {logging_mixin.py:190} INFO - [2025-01-21T17:55:53.478+0000] {dagbag.py:588} INFO - Filling up the DagBag from /opt/airflow/dags/spark_example.py
[2025-01-21T17:55:53.503+0000] {processor.py:925} INFO - DAG(s) 'spark_example' retrieved from /opt/airflow/dags/spark_example.py
[2025-01-21T17:55:53.537+0000] {logging_mixin.py:190} INFO - [2025-01-21T17:55:53.537+0000] {dag.py:3239} INFO - Sync 1 DAGs
[2025-01-21T17:55:53.552+0000] {logging_mixin.py:190} INFO - [2025-01-21T17:55:53.552+0000] {dag.py:4180} INFO - Setting next_dagrun for spark_example to None, run_after=None
[2025-01-21T17:55:53.573+0000] {processor.py:208} INFO - Processing /opt/airflow/dags/spark_example.py took 0.108 seconds
[2025-01-21T17:56:24.062+0000] {processor.py:186} INFO - Started process (PID=639) to work on /opt/airflow/dags/spark_example.py
[2025-01-21T17:56:24.063+0000] {processor.py:914} INFO - Processing file /opt/airflow/dags/spark_example.py for tasks to queue
[2025-01-21T17:56:24.065+0000] {logging_mixin.py:190} INFO - [2025-01-21T17:56:24.065+0000] {dagbag.py:588} INFO - Filling up the DagBag from /opt/airflow/dags/spark_example.py
[2025-01-21T17:56:24.080+0000] {processor.py:925} INFO - DAG(s) 'spark_example' retrieved from /opt/airflow/dags/spark_example.py
[2025-01-21T17:56:24.100+0000] {logging_mixin.py:190} INFO - [2025-01-21T17:56:24.100+0000] {dag.py:3239} INFO - Sync 1 DAGs
[2025-01-21T17:56:24.113+0000] {logging_mixin.py:190} INFO - [2025-01-21T17:56:24.113+0000] {dag.py:4180} INFO - Setting next_dagrun for spark_example to None, run_after=None
[2025-01-21T17:56:24.133+0000] {processor.py:208} INFO - Processing /opt/airflow/dags/spark_example.py took 0.076 seconds
[2025-01-21T17:56:54.989+0000] {processor.py:186} INFO - Started process (PID=650) to work on /opt/airflow/dags/spark_example.py
[2025-01-21T17:56:54.990+0000] {processor.py:914} INFO - Processing file /opt/airflow/dags/spark_example.py for tasks to queue
[2025-01-21T17:56:54.992+0000] {logging_mixin.py:190} INFO - [2025-01-21T17:56:54.992+0000] {dagbag.py:588} INFO - Filling up the DagBag from /opt/airflow/dags/spark_example.py
[2025-01-21T17:56:55.005+0000] {processor.py:925} INFO - DAG(s) 'spark_example' retrieved from /opt/airflow/dags/spark_example.py
[2025-01-21T17:56:55.024+0000] {logging_mixin.py:190} INFO - [2025-01-21T17:56:55.024+0000] {dag.py:3239} INFO - Sync 1 DAGs
[2025-01-21T17:56:55.035+0000] {logging_mixin.py:190} INFO - [2025-01-21T17:56:55.034+0000] {dag.py:4180} INFO - Setting next_dagrun for spark_example to None, run_after=None
[2025-01-21T17:56:55.067+0000] {processor.py:208} INFO - Processing /opt/airflow/dags/spark_example.py took 0.082 seconds
[2025-01-21T17:57:25.282+0000] {processor.py:186} INFO - Started process (PID=661) to work on /opt/airflow/dags/spark_example.py
[2025-01-21T17:57:25.284+0000] {processor.py:914} INFO - Processing file /opt/airflow/dags/spark_example.py for tasks to queue
[2025-01-21T17:57:25.287+0000] {logging_mixin.py:190} INFO - [2025-01-21T17:57:25.287+0000] {dagbag.py:588} INFO - Filling up the DagBag from /opt/airflow/dags/spark_example.py
[2025-01-21T17:57:25.323+0000] {processor.py:925} INFO - DAG(s) 'spark_example' retrieved from /opt/airflow/dags/spark_example.py
[2025-01-21T17:57:25.345+0000] {logging_mixin.py:190} INFO - [2025-01-21T17:57:25.345+0000] {dag.py:3239} INFO - Sync 1 DAGs
[2025-01-21T17:57:25.356+0000] {logging_mixin.py:190} INFO - [2025-01-21T17:57:25.356+0000] {dag.py:4180} INFO - Setting next_dagrun for spark_example to None, run_after=None
[2025-01-21T17:57:25.419+0000] {processor.py:208} INFO - Processing /opt/airflow/dags/spark_example.py took 0.143 seconds
[2025-01-21T17:57:55.654+0000] {processor.py:186} INFO - Started process (PID=672) to work on /opt/airflow/dags/spark_example.py
[2025-01-21T17:57:55.655+0000] {processor.py:914} INFO - Processing file /opt/airflow/dags/spark_example.py for tasks to queue
[2025-01-21T17:57:55.657+0000] {logging_mixin.py:190} INFO - [2025-01-21T17:57:55.657+0000] {dagbag.py:588} INFO - Filling up the DagBag from /opt/airflow/dags/spark_example.py
[2025-01-21T17:57:55.678+0000] {processor.py:925} INFO - DAG(s) 'spark_example' retrieved from /opt/airflow/dags/spark_example.py
[2025-01-21T17:57:55.703+0000] {logging_mixin.py:190} INFO - [2025-01-21T17:57:55.703+0000] {dag.py:3239} INFO - Sync 1 DAGs
[2025-01-21T17:57:55.716+0000] {logging_mixin.py:190} INFO - [2025-01-21T17:57:55.715+0000] {dag.py:4180} INFO - Setting next_dagrun for spark_example to None, run_after=None
[2025-01-21T17:57:55.755+0000] {processor.py:208} INFO - Processing /opt/airflow/dags/spark_example.py took 0.107 seconds
[2025-01-21T17:58:25.966+0000] {processor.py:186} INFO - Started process (PID=683) to work on /opt/airflow/dags/spark_example.py
[2025-01-21T17:58:25.967+0000] {processor.py:914} INFO - Processing file /opt/airflow/dags/spark_example.py for tasks to queue
[2025-01-21T17:58:25.969+0000] {logging_mixin.py:190} INFO - [2025-01-21T17:58:25.969+0000] {dagbag.py:588} INFO - Filling up the DagBag from /opt/airflow/dags/spark_example.py
[2025-01-21T17:58:25.979+0000] {processor.py:925} INFO - DAG(s) 'spark_example' retrieved from /opt/airflow/dags/spark_example.py
[2025-01-21T17:58:25.996+0000] {logging_mixin.py:190} INFO - [2025-01-21T17:58:25.996+0000] {dag.py:3239} INFO - Sync 1 DAGs
[2025-01-21T17:58:26.007+0000] {logging_mixin.py:190} INFO - [2025-01-21T17:58:26.007+0000] {dag.py:4180} INFO - Setting next_dagrun for spark_example to None, run_after=None
[2025-01-21T17:58:26.041+0000] {processor.py:208} INFO - Processing /opt/airflow/dags/spark_example.py took 0.080 seconds
[2025-01-21T17:58:56.744+0000] {processor.py:186} INFO - Started process (PID=694) to work on /opt/airflow/dags/spark_example.py
[2025-01-21T17:58:56.745+0000] {processor.py:914} INFO - Processing file /opt/airflow/dags/spark_example.py for tasks to queue
[2025-01-21T17:58:56.747+0000] {logging_mixin.py:190} INFO - [2025-01-21T17:58:56.747+0000] {dagbag.py:588} INFO - Filling up the DagBag from /opt/airflow/dags/spark_example.py
[2025-01-21T17:58:56.757+0000] {processor.py:925} INFO - DAG(s) 'spark_example' retrieved from /opt/airflow/dags/spark_example.py
[2025-01-21T17:58:56.776+0000] {logging_mixin.py:190} INFO - [2025-01-21T17:58:56.776+0000] {dag.py:3239} INFO - Sync 1 DAGs
[2025-01-21T17:58:56.788+0000] {logging_mixin.py:190} INFO - [2025-01-21T17:58:56.788+0000] {dag.py:4180} INFO - Setting next_dagrun for spark_example to None, run_after=None
[2025-01-21T17:58:56.816+0000] {processor.py:208} INFO - Processing /opt/airflow/dags/spark_example.py took 0.076 seconds
[2025-01-21T17:59:26.944+0000] {processor.py:186} INFO - Started process (PID=705) to work on /opt/airflow/dags/spark_example.py
[2025-01-21T17:59:26.945+0000] {processor.py:914} INFO - Processing file /opt/airflow/dags/spark_example.py for tasks to queue
[2025-01-21T17:59:26.949+0000] {logging_mixin.py:190} INFO - [2025-01-21T17:59:26.948+0000] {dagbag.py:588} INFO - Filling up the DagBag from /opt/airflow/dags/spark_example.py
[2025-01-21T17:59:26.964+0000] {processor.py:925} INFO - DAG(s) 'spark_example' retrieved from /opt/airflow/dags/spark_example.py
[2025-01-21T17:59:26.986+0000] {logging_mixin.py:190} INFO - [2025-01-21T17:59:26.986+0000] {dag.py:3239} INFO - Sync 1 DAGs
[2025-01-21T17:59:26.999+0000] {logging_mixin.py:190} INFO - [2025-01-21T17:59:26.999+0000] {dag.py:4180} INFO - Setting next_dagrun for spark_example to None, run_after=None
[2025-01-21T17:59:27.036+0000] {processor.py:208} INFO - Processing /opt/airflow/dags/spark_example.py took 0.097 seconds
[2025-01-21T17:59:57.841+0000] {processor.py:186} INFO - Started process (PID=716) to work on /opt/airflow/dags/spark_example.py
[2025-01-21T17:59:57.842+0000] {processor.py:914} INFO - Processing file /opt/airflow/dags/spark_example.py for tasks to queue
[2025-01-21T17:59:57.844+0000] {logging_mixin.py:190} INFO - [2025-01-21T17:59:57.844+0000] {dagbag.py:588} INFO - Filling up the DagBag from /opt/airflow/dags/spark_example.py
[2025-01-21T17:59:57.859+0000] {processor.py:925} INFO - DAG(s) 'spark_example' retrieved from /opt/airflow/dags/spark_example.py
[2025-01-21T17:59:57.877+0000] {logging_mixin.py:190} INFO - [2025-01-21T17:59:57.877+0000] {dag.py:3239} INFO - Sync 1 DAGs
[2025-01-21T17:59:57.889+0000] {logging_mixin.py:190} INFO - [2025-01-21T17:59:57.888+0000] {dag.py:4180} INFO - Setting next_dagrun for spark_example to None, run_after=None
[2025-01-21T17:59:57.920+0000] {processor.py:208} INFO - Processing /opt/airflow/dags/spark_example.py took 0.083 seconds
[2025-01-21T18:00:28.333+0000] {processor.py:186} INFO - Started process (PID=727) to work on /opt/airflow/dags/spark_example.py
[2025-01-21T18:00:28.334+0000] {processor.py:914} INFO - Processing file /opt/airflow/dags/spark_example.py for tasks to queue
[2025-01-21T18:00:28.340+0000] {logging_mixin.py:190} INFO - [2025-01-21T18:00:28.339+0000] {dagbag.py:588} INFO - Filling up the DagBag from /opt/airflow/dags/spark_example.py
[2025-01-21T18:00:28.380+0000] {processor.py:925} INFO - DAG(s) 'spark_example' retrieved from /opt/airflow/dags/spark_example.py
[2025-01-21T18:00:28.409+0000] {logging_mixin.py:190} INFO - [2025-01-21T18:00:28.408+0000] {dag.py:3239} INFO - Sync 1 DAGs
[2025-01-21T18:00:28.422+0000] {logging_mixin.py:190} INFO - [2025-01-21T18:00:28.421+0000] {dag.py:4180} INFO - Setting next_dagrun for spark_example to None, run_after=None
[2025-01-21T18:00:28.446+0000] {processor.py:208} INFO - Processing /opt/airflow/dags/spark_example.py took 0.118 seconds
[2025-01-21T18:00:59.130+0000] {processor.py:186} INFO - Started process (PID=738) to work on /opt/airflow/dags/spark_example.py
[2025-01-21T18:00:59.131+0000] {processor.py:914} INFO - Processing file /opt/airflow/dags/spark_example.py for tasks to queue
[2025-01-21T18:00:59.133+0000] {logging_mixin.py:190} INFO - [2025-01-21T18:00:59.133+0000] {dagbag.py:588} INFO - Filling up the DagBag from /opt/airflow/dags/spark_example.py
[2025-01-21T18:00:59.148+0000] {processor.py:925} INFO - DAG(s) 'spark_example' retrieved from /opt/airflow/dags/spark_example.py
[2025-01-21T18:00:59.169+0000] {logging_mixin.py:190} INFO - [2025-01-21T18:00:59.169+0000] {dag.py:3239} INFO - Sync 1 DAGs
[2025-01-21T18:00:59.182+0000] {logging_mixin.py:190} INFO - [2025-01-21T18:00:59.182+0000] {dag.py:4180} INFO - Setting next_dagrun for spark_example to None, run_after=None
[2025-01-21T18:00:59.219+0000] {processor.py:208} INFO - Processing /opt/airflow/dags/spark_example.py took 0.094 seconds
[2025-01-21T18:01:29.778+0000] {processor.py:186} INFO - Started process (PID=749) to work on /opt/airflow/dags/spark_example.py
[2025-01-21T18:01:29.780+0000] {processor.py:914} INFO - Processing file /opt/airflow/dags/spark_example.py for tasks to queue
[2025-01-21T18:01:29.785+0000] {logging_mixin.py:190} INFO - [2025-01-21T18:01:29.784+0000] {dagbag.py:588} INFO - Filling up the DagBag from /opt/airflow/dags/spark_example.py
[2025-01-21T18:01:29.819+0000] {processor.py:925} INFO - DAG(s) 'spark_example' retrieved from /opt/airflow/dags/spark_example.py
[2025-01-21T18:01:29.875+0000] {logging_mixin.py:190} INFO - [2025-01-21T18:01:29.875+0000] {dag.py:3239} INFO - Sync 1 DAGs
[2025-01-21T18:01:29.905+0000] {logging_mixin.py:190} INFO - [2025-01-21T18:01:29.904+0000] {dag.py:4180} INFO - Setting next_dagrun for spark_example to None, run_after=None
[2025-01-21T18:01:29.944+0000] {processor.py:208} INFO - Processing /opt/airflow/dags/spark_example.py took 0.176 seconds
[2025-01-21T18:02:00.141+0000] {processor.py:186} INFO - Started process (PID=761) to work on /opt/airflow/dags/spark_example.py
[2025-01-21T18:02:00.142+0000] {processor.py:914} INFO - Processing file /opt/airflow/dags/spark_example.py for tasks to queue
[2025-01-21T18:02:00.144+0000] {logging_mixin.py:190} INFO - [2025-01-21T18:02:00.144+0000] {dagbag.py:588} INFO - Filling up the DagBag from /opt/airflow/dags/spark_example.py
[2025-01-21T18:02:00.157+0000] {processor.py:925} INFO - DAG(s) 'spark_example' retrieved from /opt/airflow/dags/spark_example.py
[2025-01-21T18:02:00.180+0000] {logging_mixin.py:190} INFO - [2025-01-21T18:02:00.179+0000] {dag.py:3239} INFO - Sync 1 DAGs
[2025-01-21T18:02:00.192+0000] {logging_mixin.py:190} INFO - [2025-01-21T18:02:00.192+0000] {dag.py:4180} INFO - Setting next_dagrun for spark_example to None, run_after=None
[2025-01-21T18:02:00.227+0000] {processor.py:208} INFO - Processing /opt/airflow/dags/spark_example.py took 0.091 seconds
[2025-01-21T18:02:30.910+0000] {processor.py:186} INFO - Started process (PID=772) to work on /opt/airflow/dags/spark_example.py
[2025-01-21T18:02:30.911+0000] {processor.py:914} INFO - Processing file /opt/airflow/dags/spark_example.py for tasks to queue
[2025-01-21T18:02:30.914+0000] {logging_mixin.py:190} INFO - [2025-01-21T18:02:30.914+0000] {dagbag.py:588} INFO - Filling up the DagBag from /opt/airflow/dags/spark_example.py
[2025-01-21T18:02:30.929+0000] {processor.py:925} INFO - DAG(s) 'spark_example' retrieved from /opt/airflow/dags/spark_example.py
[2025-01-21T18:02:30.952+0000] {logging_mixin.py:190} INFO - [2025-01-21T18:02:30.952+0000] {dag.py:3239} INFO - Sync 1 DAGs
[2025-01-21T18:02:30.964+0000] {logging_mixin.py:190} INFO - [2025-01-21T18:02:30.964+0000] {dag.py:4180} INFO - Setting next_dagrun for spark_example to None, run_after=None
[2025-01-21T18:02:30.984+0000] {processor.py:208} INFO - Processing /opt/airflow/dags/spark_example.py took 0.079 seconds
[2025-01-21T18:03:01.391+0000] {processor.py:186} INFO - Started process (PID=783) to work on /opt/airflow/dags/spark_example.py
[2025-01-21T18:03:01.394+0000] {processor.py:914} INFO - Processing file /opt/airflow/dags/spark_example.py for tasks to queue
[2025-01-21T18:03:01.396+0000] {logging_mixin.py:190} INFO - [2025-01-21T18:03:01.396+0000] {dagbag.py:588} INFO - Filling up the DagBag from /opt/airflow/dags/spark_example.py
[2025-01-21T18:03:01.413+0000] {processor.py:925} INFO - DAG(s) 'spark_example' retrieved from /opt/airflow/dags/spark_example.py
[2025-01-21T18:03:01.441+0000] {logging_mixin.py:190} INFO - [2025-01-21T18:03:01.441+0000] {dag.py:3239} INFO - Sync 1 DAGs
[2025-01-21T18:03:01.457+0000] {logging_mixin.py:190} INFO - [2025-01-21T18:03:01.456+0000] {dag.py:4180} INFO - Setting next_dagrun for spark_example to None, run_after=None
[2025-01-21T18:03:01.495+0000] {processor.py:208} INFO - Processing /opt/airflow/dags/spark_example.py took 0.111 seconds
[2025-01-21T18:03:31.680+0000] {processor.py:186} INFO - Started process (PID=794) to work on /opt/airflow/dags/spark_example.py
[2025-01-21T18:03:31.682+0000] {processor.py:914} INFO - Processing file /opt/airflow/dags/spark_example.py for tasks to queue
[2025-01-21T18:03:31.686+0000] {logging_mixin.py:190} INFO - [2025-01-21T18:03:31.685+0000] {dagbag.py:588} INFO - Filling up the DagBag from /opt/airflow/dags/spark_example.py
[2025-01-21T18:03:31.715+0000] {processor.py:925} INFO - DAG(s) 'spark_example' retrieved from /opt/airflow/dags/spark_example.py
[2025-01-21T18:03:31.744+0000] {logging_mixin.py:190} INFO - [2025-01-21T18:03:31.743+0000] {dag.py:3239} INFO - Sync 1 DAGs
[2025-01-21T18:03:31.757+0000] {logging_mixin.py:190} INFO - [2025-01-21T18:03:31.756+0000] {dag.py:4180} INFO - Setting next_dagrun for spark_example to None, run_after=None
[2025-01-21T18:03:31.812+0000] {processor.py:208} INFO - Processing /opt/airflow/dags/spark_example.py took 0.142 seconds
[2025-01-21T18:04:02.098+0000] {processor.py:186} INFO - Started process (PID=805) to work on /opt/airflow/dags/spark_example.py
[2025-01-21T18:04:02.099+0000] {processor.py:914} INFO - Processing file /opt/airflow/dags/spark_example.py for tasks to queue
[2025-01-21T18:04:02.102+0000] {logging_mixin.py:190} INFO - [2025-01-21T18:04:02.101+0000] {dagbag.py:588} INFO - Filling up the DagBag from /opt/airflow/dags/spark_example.py
[2025-01-21T18:04:02.122+0000] {processor.py:925} INFO - DAG(s) 'spark_example' retrieved from /opt/airflow/dags/spark_example.py
[2025-01-21T18:04:02.148+0000] {logging_mixin.py:190} INFO - [2025-01-21T18:04:02.147+0000] {dag.py:3239} INFO - Sync 1 DAGs
[2025-01-21T18:04:02.165+0000] {logging_mixin.py:190} INFO - [2025-01-21T18:04:02.164+0000] {dag.py:4180} INFO - Setting next_dagrun for spark_example to None, run_after=None
[2025-01-21T18:04:02.204+0000] {processor.py:208} INFO - Processing /opt/airflow/dags/spark_example.py took 0.112 seconds
[2025-01-21T18:04:32.370+0000] {processor.py:186} INFO - Started process (PID=816) to work on /opt/airflow/dags/spark_example.py
[2025-01-21T18:04:32.372+0000] {processor.py:914} INFO - Processing file /opt/airflow/dags/spark_example.py for tasks to queue
[2025-01-21T18:04:32.376+0000] {logging_mixin.py:190} INFO - [2025-01-21T18:04:32.376+0000] {dagbag.py:588} INFO - Filling up the DagBag from /opt/airflow/dags/spark_example.py
[2025-01-21T18:04:32.399+0000] {processor.py:925} INFO - DAG(s) 'spark_example' retrieved from /opt/airflow/dags/spark_example.py
[2025-01-21T18:04:32.428+0000] {logging_mixin.py:190} INFO - [2025-01-21T18:04:32.428+0000] {dag.py:3239} INFO - Sync 1 DAGs
[2025-01-21T18:04:32.443+0000] {logging_mixin.py:190} INFO - [2025-01-21T18:04:32.443+0000] {dag.py:4180} INFO - Setting next_dagrun for spark_example to None, run_after=None
[2025-01-21T18:04:32.468+0000] {processor.py:208} INFO - Processing /opt/airflow/dags/spark_example.py took 0.103 seconds
[2025-01-21T18:05:03.123+0000] {processor.py:186} INFO - Started process (PID=827) to work on /opt/airflow/dags/spark_example.py
[2025-01-21T18:05:03.125+0000] {processor.py:914} INFO - Processing file /opt/airflow/dags/spark_example.py for tasks to queue
[2025-01-21T18:05:03.127+0000] {logging_mixin.py:190} INFO - [2025-01-21T18:05:03.127+0000] {dagbag.py:588} INFO - Filling up the DagBag from /opt/airflow/dags/spark_example.py
[2025-01-21T18:05:03.141+0000] {processor.py:925} INFO - DAG(s) 'spark_example' retrieved from /opt/airflow/dags/spark_example.py
[2025-01-21T18:05:03.164+0000] {logging_mixin.py:190} INFO - [2025-01-21T18:05:03.164+0000] {dag.py:3239} INFO - Sync 1 DAGs
[2025-01-21T18:05:03.178+0000] {logging_mixin.py:190} INFO - [2025-01-21T18:05:03.178+0000] {dag.py:4180} INFO - Setting next_dagrun for spark_example to None, run_after=None
[2025-01-21T18:05:03.212+0000] {processor.py:208} INFO - Processing /opt/airflow/dags/spark_example.py took 0.096 seconds
[2025-01-21T18:05:33.814+0000] {processor.py:186} INFO - Started process (PID=838) to work on /opt/airflow/dags/spark_example.py
[2025-01-21T18:05:33.815+0000] {processor.py:914} INFO - Processing file /opt/airflow/dags/spark_example.py for tasks to queue
[2025-01-21T18:05:33.817+0000] {logging_mixin.py:190} INFO - [2025-01-21T18:05:33.817+0000] {dagbag.py:588} INFO - Filling up the DagBag from /opt/airflow/dags/spark_example.py
[2025-01-21T18:05:33.832+0000] {processor.py:925} INFO - DAG(s) 'spark_example' retrieved from /opt/airflow/dags/spark_example.py
[2025-01-21T18:05:33.854+0000] {logging_mixin.py:190} INFO - [2025-01-21T18:05:33.854+0000] {dag.py:3239} INFO - Sync 1 DAGs
[2025-01-21T18:05:33.867+0000] {logging_mixin.py:190} INFO - [2025-01-21T18:05:33.866+0000] {dag.py:4180} INFO - Setting next_dagrun for spark_example to None, run_after=None
[2025-01-21T18:05:33.902+0000] {processor.py:208} INFO - Processing /opt/airflow/dags/spark_example.py took 0.094 seconds
[2025-01-21T18:06:04.233+0000] {processor.py:186} INFO - Started process (PID=849) to work on /opt/airflow/dags/spark_example.py
[2025-01-21T18:06:04.234+0000] {processor.py:914} INFO - Processing file /opt/airflow/dags/spark_example.py for tasks to queue
[2025-01-21T18:06:04.236+0000] {logging_mixin.py:190} INFO - [2025-01-21T18:06:04.236+0000] {dagbag.py:588} INFO - Filling up the DagBag from /opt/airflow/dags/spark_example.py
[2025-01-21T18:06:04.265+0000] {processor.py:925} INFO - DAG(s) 'spark_example' retrieved from /opt/airflow/dags/spark_example.py
[2025-01-21T18:06:04.295+0000] {logging_mixin.py:190} INFO - [2025-01-21T18:06:04.295+0000] {dag.py:3239} INFO - Sync 1 DAGs
[2025-01-21T18:06:04.308+0000] {logging_mixin.py:190} INFO - [2025-01-21T18:06:04.308+0000] {dag.py:4180} INFO - Setting next_dagrun for spark_example to None, run_after=None
[2025-01-21T18:06:04.346+0000] {processor.py:208} INFO - Processing /opt/airflow/dags/spark_example.py took 0.118 seconds
[2025-01-21T18:06:34.741+0000] {processor.py:186} INFO - Started process (PID=861) to work on /opt/airflow/dags/spark_example.py
[2025-01-21T18:06:34.742+0000] {processor.py:914} INFO - Processing file /opt/airflow/dags/spark_example.py for tasks to queue
[2025-01-21T18:06:34.745+0000] {logging_mixin.py:190} INFO - [2025-01-21T18:06:34.745+0000] {dagbag.py:588} INFO - Filling up the DagBag from /opt/airflow/dags/spark_example.py
[2025-01-21T18:06:34.762+0000] {processor.py:925} INFO - DAG(s) 'spark_example' retrieved from /opt/airflow/dags/spark_example.py
[2025-01-21T18:06:34.788+0000] {logging_mixin.py:190} INFO - [2025-01-21T18:06:34.788+0000] {dag.py:3239} INFO - Sync 1 DAGs
[2025-01-21T18:06:34.806+0000] {logging_mixin.py:190} INFO - [2025-01-21T18:06:34.806+0000] {dag.py:4180} INFO - Setting next_dagrun for spark_example to None, run_after=None
[2025-01-21T18:06:34.840+0000] {processor.py:208} INFO - Processing /opt/airflow/dags/spark_example.py took 0.104 seconds
[2025-01-21T18:07:05.149+0000] {processor.py:186} INFO - Started process (PID=872) to work on /opt/airflow/dags/spark_example.py
[2025-01-21T18:07:05.150+0000] {processor.py:914} INFO - Processing file /opt/airflow/dags/spark_example.py for tasks to queue
[2025-01-21T18:07:05.153+0000] {logging_mixin.py:190} INFO - [2025-01-21T18:07:05.153+0000] {dagbag.py:588} INFO - Filling up the DagBag from /opt/airflow/dags/spark_example.py
[2025-01-21T18:07:05.172+0000] {processor.py:925} INFO - DAG(s) 'spark_example' retrieved from /opt/airflow/dags/spark_example.py
[2025-01-21T18:07:05.194+0000] {logging_mixin.py:190} INFO - [2025-01-21T18:07:05.194+0000] {dag.py:3239} INFO - Sync 1 DAGs
[2025-01-21T18:07:05.209+0000] {logging_mixin.py:190} INFO - [2025-01-21T18:07:05.209+0000] {dag.py:4180} INFO - Setting next_dagrun for spark_example to None, run_after=None
[2025-01-21T18:07:05.247+0000] {processor.py:208} INFO - Processing /opt/airflow/dags/spark_example.py took 0.106 seconds
[2025-01-21T18:07:35.556+0000] {processor.py:186} INFO - Started process (PID=883) to work on /opt/airflow/dags/spark_example.py
[2025-01-21T18:07:35.558+0000] {processor.py:914} INFO - Processing file /opt/airflow/dags/spark_example.py for tasks to queue
[2025-01-21T18:07:35.562+0000] {logging_mixin.py:190} INFO - [2025-01-21T18:07:35.561+0000] {dagbag.py:588} INFO - Filling up the DagBag from /opt/airflow/dags/spark_example.py
[2025-01-21T18:07:35.598+0000] {processor.py:925} INFO - DAG(s) 'spark_example' retrieved from /opt/airflow/dags/spark_example.py
[2025-01-21T18:07:35.639+0000] {logging_mixin.py:190} INFO - [2025-01-21T18:07:35.639+0000] {dag.py:3239} INFO - Sync 1 DAGs
[2025-01-21T18:07:35.661+0000] {logging_mixin.py:190} INFO - [2025-01-21T18:07:35.661+0000] {dag.py:4180} INFO - Setting next_dagrun for spark_example to None, run_after=None
[2025-01-21T18:07:35.716+0000] {processor.py:208} INFO - Processing /opt/airflow/dags/spark_example.py took 0.168 seconds
[2025-01-21T18:08:06.090+0000] {processor.py:186} INFO - Started process (PID=894) to work on /opt/airflow/dags/spark_example.py
[2025-01-21T18:08:06.096+0000] {processor.py:914} INFO - Processing file /opt/airflow/dags/spark_example.py for tasks to queue
[2025-01-21T18:08:06.108+0000] {logging_mixin.py:190} INFO - [2025-01-21T18:08:06.106+0000] {dagbag.py:588} INFO - Filling up the DagBag from /opt/airflow/dags/spark_example.py
[2025-01-21T18:08:06.155+0000] {processor.py:925} INFO - DAG(s) 'spark_example' retrieved from /opt/airflow/dags/spark_example.py
[2025-01-21T18:08:06.220+0000] {logging_mixin.py:190} INFO - [2025-01-21T18:08:06.220+0000] {dag.py:3239} INFO - Sync 1 DAGs
[2025-01-21T18:08:06.253+0000] {logging_mixin.py:190} INFO - [2025-01-21T18:08:06.252+0000] {dag.py:4180} INFO - Setting next_dagrun for spark_example to None, run_after=None
[2025-01-21T18:08:06.303+0000] {processor.py:208} INFO - Processing /opt/airflow/dags/spark_example.py took 0.234 seconds
[2025-01-21T18:08:37.102+0000] {processor.py:186} INFO - Started process (PID=904) to work on /opt/airflow/dags/spark_example.py
[2025-01-21T18:08:37.104+0000] {processor.py:914} INFO - Processing file /opt/airflow/dags/spark_example.py for tasks to queue
[2025-01-21T18:08:37.108+0000] {logging_mixin.py:190} INFO - [2025-01-21T18:08:37.108+0000] {dagbag.py:588} INFO - Filling up the DagBag from /opt/airflow/dags/spark_example.py
[2025-01-21T18:08:37.153+0000] {processor.py:925} INFO - DAG(s) 'spark_example' retrieved from /opt/airflow/dags/spark_example.py
[2025-01-21T18:08:37.256+0000] {logging_mixin.py:190} INFO - [2025-01-21T18:08:37.255+0000] {dag.py:3239} INFO - Sync 1 DAGs
[2025-01-21T18:08:37.302+0000] {logging_mixin.py:190} INFO - [2025-01-21T18:08:37.301+0000] {dag.py:4180} INFO - Setting next_dagrun for spark_example to None, run_after=None
[2025-01-21T18:08:37.394+0000] {processor.py:208} INFO - Processing /opt/airflow/dags/spark_example.py took 0.305 seconds
[2025-01-21T18:09:07.711+0000] {processor.py:186} INFO - Started process (PID=921) to work on /opt/airflow/dags/spark_example.py
[2025-01-21T18:09:07.713+0000] {processor.py:914} INFO - Processing file /opt/airflow/dags/spark_example.py for tasks to queue
[2025-01-21T18:09:07.715+0000] {logging_mixin.py:190} INFO - [2025-01-21T18:09:07.715+0000] {dagbag.py:588} INFO - Filling up the DagBag from /opt/airflow/dags/spark_example.py
[2025-01-21T18:09:07.730+0000] {processor.py:925} INFO - DAG(s) 'spark_example' retrieved from /opt/airflow/dags/spark_example.py
[2025-01-21T18:09:07.753+0000] {logging_mixin.py:190} INFO - [2025-01-21T18:09:07.753+0000] {dag.py:3239} INFO - Sync 1 DAGs
[2025-01-21T18:09:07.767+0000] {logging_mixin.py:190} INFO - [2025-01-21T18:09:07.767+0000] {dag.py:4180} INFO - Setting next_dagrun for spark_example to None, run_after=None
[2025-01-21T18:09:07.791+0000] {processor.py:208} INFO - Processing /opt/airflow/dags/spark_example.py took 0.087 seconds
[2025-01-21T18:09:37.959+0000] {processor.py:186} INFO - Started process (PID=932) to work on /opt/airflow/dags/spark_example.py
[2025-01-21T18:09:37.960+0000] {processor.py:914} INFO - Processing file /opt/airflow/dags/spark_example.py for tasks to queue
[2025-01-21T18:09:37.963+0000] {logging_mixin.py:190} INFO - [2025-01-21T18:09:37.963+0000] {dagbag.py:588} INFO - Filling up the DagBag from /opt/airflow/dags/spark_example.py
[2025-01-21T18:09:37.988+0000] {processor.py:925} INFO - DAG(s) 'spark_example' retrieved from /opt/airflow/dags/spark_example.py
[2025-01-21T18:09:38.036+0000] {logging_mixin.py:190} INFO - [2025-01-21T18:09:38.036+0000] {dag.py:3239} INFO - Sync 1 DAGs
[2025-01-21T18:09:38.062+0000] {logging_mixin.py:190} INFO - [2025-01-21T18:09:38.060+0000] {dag.py:4180} INFO - Setting next_dagrun for spark_example to None, run_after=None
[2025-01-21T18:09:38.096+0000] {processor.py:208} INFO - Processing /opt/airflow/dags/spark_example.py took 0.145 seconds
[2025-01-21T18:10:08.387+0000] {processor.py:186} INFO - Started process (PID=943) to work on /opt/airflow/dags/spark_example.py
[2025-01-21T18:10:08.388+0000] {processor.py:914} INFO - Processing file /opt/airflow/dags/spark_example.py for tasks to queue
[2025-01-21T18:10:08.391+0000] {logging_mixin.py:190} INFO - [2025-01-21T18:10:08.390+0000] {dagbag.py:588} INFO - Filling up the DagBag from /opt/airflow/dags/spark_example.py
[2025-01-21T18:10:08.411+0000] {processor.py:925} INFO - DAG(s) 'spark_example' retrieved from /opt/airflow/dags/spark_example.py
[2025-01-21T18:10:08.436+0000] {logging_mixin.py:190} INFO - [2025-01-21T18:10:08.436+0000] {dag.py:3239} INFO - Sync 1 DAGs
[2025-01-21T18:10:08.450+0000] {logging_mixin.py:190} INFO - [2025-01-21T18:10:08.450+0000] {dag.py:4180} INFO - Setting next_dagrun for spark_example to None, run_after=None
[2025-01-21T18:10:08.486+0000] {processor.py:208} INFO - Processing /opt/airflow/dags/spark_example.py took 0.104 seconds
[2025-01-21T18:10:38.949+0000] {processor.py:186} INFO - Started process (PID=954) to work on /opt/airflow/dags/spark_example.py
[2025-01-21T18:10:38.951+0000] {processor.py:914} INFO - Processing file /opt/airflow/dags/spark_example.py for tasks to queue
[2025-01-21T18:10:38.954+0000] {logging_mixin.py:190} INFO - [2025-01-21T18:10:38.954+0000] {dagbag.py:588} INFO - Filling up the DagBag from /opt/airflow/dags/spark_example.py
[2025-01-21T18:10:38.982+0000] {processor.py:925} INFO - DAG(s) 'spark_example' retrieved from /opt/airflow/dags/spark_example.py
[2025-01-21T18:10:39.011+0000] {logging_mixin.py:190} INFO - [2025-01-21T18:10:39.011+0000] {dag.py:3239} INFO - Sync 1 DAGs
[2025-01-21T18:10:39.028+0000] {logging_mixin.py:190} INFO - [2025-01-21T18:10:39.028+0000] {dag.py:4180} INFO - Setting next_dagrun for spark_example to None, run_after=None
[2025-01-21T18:10:39.066+0000] {processor.py:208} INFO - Processing /opt/airflow/dags/spark_example.py took 0.125 seconds
[2025-01-21T18:11:09.185+0000] {processor.py:186} INFO - Started process (PID=965) to work on /opt/airflow/dags/spark_example.py
[2025-01-21T18:11:09.186+0000] {processor.py:914} INFO - Processing file /opt/airflow/dags/spark_example.py for tasks to queue
[2025-01-21T18:11:09.189+0000] {logging_mixin.py:190} INFO - [2025-01-21T18:11:09.188+0000] {dagbag.py:588} INFO - Filling up the DagBag from /opt/airflow/dags/spark_example.py
[2025-01-21T18:11:09.216+0000] {processor.py:925} INFO - DAG(s) 'spark_example' retrieved from /opt/airflow/dags/spark_example.py
[2025-01-21T18:11:09.250+0000] {logging_mixin.py:190} INFO - [2025-01-21T18:11:09.250+0000] {dag.py:3239} INFO - Sync 1 DAGs
[2025-01-21T18:11:09.267+0000] {logging_mixin.py:190} INFO - [2025-01-21T18:11:09.266+0000] {dag.py:4180} INFO - Setting next_dagrun for spark_example to None, run_after=None
[2025-01-21T18:11:09.321+0000] {processor.py:208} INFO - Processing /opt/airflow/dags/spark_example.py took 0.142 seconds
[2025-01-21T18:11:40.028+0000] {processor.py:186} INFO - Started process (PID=976) to work on /opt/airflow/dags/spark_example.py
[2025-01-21T18:11:40.029+0000] {processor.py:914} INFO - Processing file /opt/airflow/dags/spark_example.py for tasks to queue
[2025-01-21T18:11:40.032+0000] {logging_mixin.py:190} INFO - [2025-01-21T18:11:40.031+0000] {dagbag.py:588} INFO - Filling up the DagBag from /opt/airflow/dags/spark_example.py
[2025-01-21T18:11:40.054+0000] {processor.py:925} INFO - DAG(s) 'spark_example' retrieved from /opt/airflow/dags/spark_example.py
[2025-01-21T18:11:40.080+0000] {logging_mixin.py:190} INFO - [2025-01-21T18:11:40.079+0000] {dag.py:3239} INFO - Sync 1 DAGs
[2025-01-21T18:11:40.093+0000] {logging_mixin.py:190} INFO - [2025-01-21T18:11:40.092+0000] {dag.py:4180} INFO - Setting next_dagrun for spark_example to None, run_after=None
[2025-01-21T18:11:40.130+0000] {processor.py:208} INFO - Processing /opt/airflow/dags/spark_example.py took 0.108 seconds
[2025-01-21T18:12:10.277+0000] {processor.py:186} INFO - Started process (PID=987) to work on /opt/airflow/dags/spark_example.py
[2025-01-21T18:12:10.278+0000] {processor.py:914} INFO - Processing file /opt/airflow/dags/spark_example.py for tasks to queue
[2025-01-21T18:12:10.280+0000] {logging_mixin.py:190} INFO - [2025-01-21T18:12:10.280+0000] {dagbag.py:588} INFO - Filling up the DagBag from /opt/airflow/dags/spark_example.py
[2025-01-21T18:12:10.293+0000] {processor.py:925} INFO - DAG(s) 'spark_example' retrieved from /opt/airflow/dags/spark_example.py
[2025-01-21T18:12:10.314+0000] {logging_mixin.py:190} INFO - [2025-01-21T18:12:10.314+0000] {dag.py:3239} INFO - Sync 1 DAGs
[2025-01-21T18:12:10.327+0000] {logging_mixin.py:190} INFO - [2025-01-21T18:12:10.327+0000] {dag.py:4180} INFO - Setting next_dagrun for spark_example to None, run_after=None
[2025-01-21T18:12:10.358+0000] {processor.py:208} INFO - Processing /opt/airflow/dags/spark_example.py took 0.087 seconds
[2025-01-21T18:12:40.490+0000] {processor.py:186} INFO - Started process (PID=998) to work on /opt/airflow/dags/spark_example.py
[2025-01-21T18:12:40.491+0000] {processor.py:914} INFO - Processing file /opt/airflow/dags/spark_example.py for tasks to queue
[2025-01-21T18:12:40.495+0000] {logging_mixin.py:190} INFO - [2025-01-21T18:12:40.495+0000] {dagbag.py:588} INFO - Filling up the DagBag from /opt/airflow/dags/spark_example.py
[2025-01-21T18:12:40.514+0000] {processor.py:925} INFO - DAG(s) 'spark_example' retrieved from /opt/airflow/dags/spark_example.py
[2025-01-21T18:12:40.540+0000] {logging_mixin.py:190} INFO - [2025-01-21T18:12:40.540+0000] {dag.py:3239} INFO - Sync 1 DAGs
[2025-01-21T18:12:40.553+0000] {logging_mixin.py:190} INFO - [2025-01-21T18:12:40.553+0000] {dag.py:4180} INFO - Setting next_dagrun for spark_example to None, run_after=None
[2025-01-21T18:12:40.588+0000] {processor.py:208} INFO - Processing /opt/airflow/dags/spark_example.py took 0.103 seconds
[2025-01-21T18:13:10.706+0000] {processor.py:186} INFO - Started process (PID=1009) to work on /opt/airflow/dags/spark_example.py
[2025-01-21T18:13:10.708+0000] {processor.py:914} INFO - Processing file /opt/airflow/dags/spark_example.py for tasks to queue
[2025-01-21T18:13:10.711+0000] {logging_mixin.py:190} INFO - [2025-01-21T18:13:10.711+0000] {dagbag.py:588} INFO - Filling up the DagBag from /opt/airflow/dags/spark_example.py
[2025-01-21T18:13:10.737+0000] {processor.py:925} INFO - DAG(s) 'spark_example' retrieved from /opt/airflow/dags/spark_example.py
[2025-01-21T18:13:10.761+0000] {logging_mixin.py:190} INFO - [2025-01-21T18:13:10.761+0000] {dag.py:3239} INFO - Sync 1 DAGs
[2025-01-21T18:13:10.776+0000] {logging_mixin.py:190} INFO - [2025-01-21T18:13:10.775+0000] {dag.py:4180} INFO - Setting next_dagrun for spark_example to None, run_after=None
[2025-01-21T18:13:10.809+0000] {processor.py:208} INFO - Processing /opt/airflow/dags/spark_example.py took 0.108 seconds
[2025-01-21T18:13:40.869+0000] {processor.py:186} INFO - Started process (PID=1020) to work on /opt/airflow/dags/spark_example.py
[2025-01-21T18:13:40.870+0000] {processor.py:914} INFO - Processing file /opt/airflow/dags/spark_example.py for tasks to queue
[2025-01-21T18:13:40.872+0000] {logging_mixin.py:190} INFO - [2025-01-21T18:13:40.872+0000] {dagbag.py:588} INFO - Filling up the DagBag from /opt/airflow/dags/spark_example.py
[2025-01-21T18:13:40.885+0000] {processor.py:925} INFO - DAG(s) 'spark_example' retrieved from /opt/airflow/dags/spark_example.py
[2025-01-21T18:13:40.907+0000] {logging_mixin.py:190} INFO - [2025-01-21T18:13:40.907+0000] {dag.py:3239} INFO - Sync 1 DAGs
[2025-01-21T18:13:40.920+0000] {logging_mixin.py:190} INFO - [2025-01-21T18:13:40.919+0000] {dag.py:4180} INFO - Setting next_dagrun for spark_example to None, run_after=None
[2025-01-21T18:13:40.946+0000] {processor.py:208} INFO - Processing /opt/airflow/dags/spark_example.py took 0.082 seconds
[2025-01-21T18:14:11.122+0000] {processor.py:186} INFO - Started process (PID=1031) to work on /opt/airflow/dags/spark_example.py
[2025-01-21T18:14:11.123+0000] {processor.py:914} INFO - Processing file /opt/airflow/dags/spark_example.py for tasks to queue
[2025-01-21T18:14:11.125+0000] {logging_mixin.py:190} INFO - [2025-01-21T18:14:11.125+0000] {dagbag.py:588} INFO - Filling up the DagBag from /opt/airflow/dags/spark_example.py
[2025-01-21T18:14:11.142+0000] {processor.py:925} INFO - DAG(s) 'spark_example' retrieved from /opt/airflow/dags/spark_example.py
[2025-01-21T18:14:11.163+0000] {logging_mixin.py:190} INFO - [2025-01-21T18:14:11.163+0000] {dag.py:3239} INFO - Sync 1 DAGs
[2025-01-21T18:14:11.176+0000] {logging_mixin.py:190} INFO - [2025-01-21T18:14:11.176+0000] {dag.py:4180} INFO - Setting next_dagrun for spark_example to None, run_after=None
[2025-01-21T18:14:11.214+0000] {processor.py:208} INFO - Processing /opt/airflow/dags/spark_example.py took 0.098 seconds
[2025-01-21T18:14:41.326+0000] {processor.py:186} INFO - Started process (PID=1042) to work on /opt/airflow/dags/spark_example.py
[2025-01-21T18:14:41.327+0000] {processor.py:914} INFO - Processing file /opt/airflow/dags/spark_example.py for tasks to queue
[2025-01-21T18:14:41.329+0000] {logging_mixin.py:190} INFO - [2025-01-21T18:14:41.329+0000] {dagbag.py:588} INFO - Filling up the DagBag from /opt/airflow/dags/spark_example.py
[2025-01-21T18:14:41.361+0000] {processor.py:925} INFO - DAG(s) 'spark_example' retrieved from /opt/airflow/dags/spark_example.py
[2025-01-21T18:14:41.389+0000] {logging_mixin.py:190} INFO - [2025-01-21T18:14:41.389+0000] {dag.py:3239} INFO - Sync 1 DAGs
[2025-01-21T18:14:41.407+0000] {logging_mixin.py:190} INFO - [2025-01-21T18:14:41.406+0000] {dag.py:4180} INFO - Setting next_dagrun for spark_example to None, run_after=None
[2025-01-21T18:14:41.443+0000] {processor.py:208} INFO - Processing /opt/airflow/dags/spark_example.py took 0.122 seconds
[2025-01-21T18:15:11.689+0000] {processor.py:186} INFO - Started process (PID=1053) to work on /opt/airflow/dags/spark_example.py
[2025-01-21T18:15:11.690+0000] {processor.py:914} INFO - Processing file /opt/airflow/dags/spark_example.py for tasks to queue
[2025-01-21T18:15:11.693+0000] {logging_mixin.py:190} INFO - [2025-01-21T18:15:11.692+0000] {dagbag.py:588} INFO - Filling up the DagBag from /opt/airflow/dags/spark_example.py
[2025-01-21T18:15:11.709+0000] {processor.py:925} INFO - DAG(s) 'spark_example' retrieved from /opt/airflow/dags/spark_example.py
[2025-01-21T18:15:11.732+0000] {logging_mixin.py:190} INFO - [2025-01-21T18:15:11.732+0000] {dag.py:3239} INFO - Sync 1 DAGs
[2025-01-21T18:15:11.745+0000] {logging_mixin.py:190} INFO - [2025-01-21T18:15:11.744+0000] {dag.py:4180} INFO - Setting next_dagrun for spark_example to None, run_after=None
[2025-01-21T18:15:11.773+0000] {processor.py:208} INFO - Processing /opt/airflow/dags/spark_example.py took 0.090 seconds
[2025-01-21T18:15:42.326+0000] {processor.py:186} INFO - Started process (PID=1064) to work on /opt/airflow/dags/spark_example.py
[2025-01-21T18:15:42.327+0000] {processor.py:914} INFO - Processing file /opt/airflow/dags/spark_example.py for tasks to queue
[2025-01-21T18:15:42.330+0000] {logging_mixin.py:190} INFO - [2025-01-21T18:15:42.330+0000] {dagbag.py:588} INFO - Filling up the DagBag from /opt/airflow/dags/spark_example.py
[2025-01-21T18:15:42.344+0000] {processor.py:925} INFO - DAG(s) 'spark_example' retrieved from /opt/airflow/dags/spark_example.py
[2025-01-21T18:15:42.368+0000] {logging_mixin.py:190} INFO - [2025-01-21T18:15:42.368+0000] {dag.py:3239} INFO - Sync 1 DAGs
[2025-01-21T18:15:42.383+0000] {logging_mixin.py:190} INFO - [2025-01-21T18:15:42.383+0000] {dag.py:4180} INFO - Setting next_dagrun for spark_example to None, run_after=None
[2025-01-21T18:15:42.407+0000] {processor.py:208} INFO - Processing /opt/airflow/dags/spark_example.py took 0.086 seconds
[2025-01-21T18:16:12.690+0000] {processor.py:186} INFO - Started process (PID=1075) to work on /opt/airflow/dags/spark_example.py
[2025-01-21T18:16:12.691+0000] {processor.py:914} INFO - Processing file /opt/airflow/dags/spark_example.py for tasks to queue
[2025-01-21T18:16:12.693+0000] {logging_mixin.py:190} INFO - [2025-01-21T18:16:12.693+0000] {dagbag.py:588} INFO - Filling up the DagBag from /opt/airflow/dags/spark_example.py
[2025-01-21T18:16:12.718+0000] {processor.py:925} INFO - DAG(s) 'spark_example' retrieved from /opt/airflow/dags/spark_example.py
[2025-01-21T18:16:12.741+0000] {logging_mixin.py:190} INFO - [2025-01-21T18:16:12.741+0000] {dag.py:3239} INFO - Sync 1 DAGs
[2025-01-21T18:16:12.755+0000] {logging_mixin.py:190} INFO - [2025-01-21T18:16:12.754+0000] {dag.py:4180} INFO - Setting next_dagrun for spark_example to None, run_after=None
[2025-01-21T18:16:12.790+0000] {processor.py:208} INFO - Processing /opt/airflow/dags/spark_example.py took 0.107 seconds
[2025-01-21T18:16:43.398+0000] {processor.py:186} INFO - Started process (PID=1086) to work on /opt/airflow/dags/spark_example.py
[2025-01-21T18:16:43.400+0000] {processor.py:914} INFO - Processing file /opt/airflow/dags/spark_example.py for tasks to queue
[2025-01-21T18:16:43.402+0000] {logging_mixin.py:190} INFO - [2025-01-21T18:16:43.402+0000] {dagbag.py:588} INFO - Filling up the DagBag from /opt/airflow/dags/spark_example.py
[2025-01-21T18:16:43.422+0000] {processor.py:925} INFO - DAG(s) 'spark_example' retrieved from /opt/airflow/dags/spark_example.py
[2025-01-21T18:16:43.445+0000] {logging_mixin.py:190} INFO - [2025-01-21T18:16:43.444+0000] {dag.py:3239} INFO - Sync 1 DAGs
[2025-01-21T18:16:43.460+0000] {logging_mixin.py:190} INFO - [2025-01-21T18:16:43.460+0000] {dag.py:4180} INFO - Setting next_dagrun for spark_example to None, run_after=None
[2025-01-21T18:16:43.496+0000] {processor.py:208} INFO - Processing /opt/airflow/dags/spark_example.py took 0.103 seconds
[2025-01-21T18:17:13.707+0000] {processor.py:186} INFO - Started process (PID=1097) to work on /opt/airflow/dags/spark_example.py
[2025-01-21T18:17:13.708+0000] {processor.py:914} INFO - Processing file /opt/airflow/dags/spark_example.py for tasks to queue
[2025-01-21T18:17:13.711+0000] {logging_mixin.py:190} INFO - [2025-01-21T18:17:13.711+0000] {dagbag.py:588} INFO - Filling up the DagBag from /opt/airflow/dags/spark_example.py
[2025-01-21T18:17:13.747+0000] {processor.py:925} INFO - DAG(s) 'spark_example' retrieved from /opt/airflow/dags/spark_example.py
[2025-01-21T18:17:13.775+0000] {logging_mixin.py:190} INFO - [2025-01-21T18:17:13.775+0000] {dag.py:3239} INFO - Sync 1 DAGs
[2025-01-21T18:17:13.789+0000] {logging_mixin.py:190} INFO - [2025-01-21T18:17:13.788+0000] {dag.py:4180} INFO - Setting next_dagrun for spark_example to None, run_after=None
[2025-01-21T18:17:13.811+0000] {processor.py:208} INFO - Processing /opt/airflow/dags/spark_example.py took 0.110 seconds
[2025-01-21T18:17:43.858+0000] {processor.py:186} INFO - Started process (PID=1108) to work on /opt/airflow/dags/spark_example.py
[2025-01-21T18:17:43.859+0000] {processor.py:914} INFO - Processing file /opt/airflow/dags/spark_example.py for tasks to queue
[2025-01-21T18:17:43.862+0000] {logging_mixin.py:190} INFO - [2025-01-21T18:17:43.862+0000] {dagbag.py:588} INFO - Filling up the DagBag from /opt/airflow/dags/spark_example.py
[2025-01-21T18:17:43.877+0000] {processor.py:925} INFO - DAG(s) 'spark_example' retrieved from /opt/airflow/dags/spark_example.py
[2025-01-21T18:17:43.903+0000] {logging_mixin.py:190} INFO - [2025-01-21T18:17:43.902+0000] {dag.py:3239} INFO - Sync 1 DAGs
[2025-01-21T18:17:43.921+0000] {logging_mixin.py:190} INFO - [2025-01-21T18:17:43.921+0000] {dag.py:4180} INFO - Setting next_dagrun for spark_example to None, run_after=None
[2025-01-21T18:17:43.964+0000] {processor.py:208} INFO - Processing /opt/airflow/dags/spark_example.py took 0.112 seconds
[2025-01-21T18:18:14.145+0000] {processor.py:186} INFO - Started process (PID=1119) to work on /opt/airflow/dags/spark_example.py
[2025-01-21T18:18:14.146+0000] {processor.py:914} INFO - Processing file /opt/airflow/dags/spark_example.py for tasks to queue
[2025-01-21T18:18:14.149+0000] {logging_mixin.py:190} INFO - [2025-01-21T18:18:14.148+0000] {dagbag.py:588} INFO - Filling up the DagBag from /opt/airflow/dags/spark_example.py
[2025-01-21T18:18:14.163+0000] {processor.py:925} INFO - DAG(s) 'spark_example' retrieved from /opt/airflow/dags/spark_example.py
[2025-01-21T18:18:14.185+0000] {logging_mixin.py:190} INFO - [2025-01-21T18:18:14.185+0000] {dag.py:3239} INFO - Sync 1 DAGs
[2025-01-21T18:18:14.199+0000] {logging_mixin.py:190} INFO - [2025-01-21T18:18:14.198+0000] {dag.py:4180} INFO - Setting next_dagrun for spark_example to None, run_after=None
[2025-01-21T18:18:14.223+0000] {processor.py:208} INFO - Processing /opt/airflow/dags/spark_example.py took 0.083 seconds
[2025-01-21T18:18:44.777+0000] {processor.py:186} INFO - Started process (PID=1130) to work on /opt/airflow/dags/spark_example.py
[2025-01-21T18:18:44.778+0000] {processor.py:914} INFO - Processing file /opt/airflow/dags/spark_example.py for tasks to queue
[2025-01-21T18:18:44.781+0000] {logging_mixin.py:190} INFO - [2025-01-21T18:18:44.781+0000] {dagbag.py:588} INFO - Filling up the DagBag from /opt/airflow/dags/spark_example.py
[2025-01-21T18:18:44.799+0000] {processor.py:925} INFO - DAG(s) 'spark_example' retrieved from /opt/airflow/dags/spark_example.py
[2025-01-21T18:18:44.831+0000] {logging_mixin.py:190} INFO - [2025-01-21T18:18:44.830+0000] {dag.py:3239} INFO - Sync 1 DAGs
[2025-01-21T18:18:44.847+0000] {logging_mixin.py:190} INFO - [2025-01-21T18:18:44.847+0000] {dag.py:4180} INFO - Setting next_dagrun for spark_example to None, run_after=None
[2025-01-21T18:18:44.872+0000] {processor.py:208} INFO - Processing /opt/airflow/dags/spark_example.py took 0.101 seconds
