[2025-01-09T18:32:12.041+0000] {processor.py:186} INFO - Started process (PID=88) to work on /opt/airflow/dags/spark_example.py
[2025-01-09T18:32:12.052+0000] {processor.py:914} INFO - Processing file /opt/airflow/dags/spark_example.py for tasks to queue
[2025-01-09T18:32:12.074+0000] {logging_mixin.py:190} INFO - [2025-01-09T18:32:12.067+0000] {dagbag.py:588} INFO - Filling up the DagBag from /opt/airflow/dags/spark_example.py
[2025-01-09T18:32:12.190+0000] {processor.py:925} INFO - DAG(s) 'spark_example' retrieved from /opt/airflow/dags/spark_example.py
[2025-01-09T18:32:12.337+0000] {logging_mixin.py:190} INFO - [2025-01-09T18:32:12.335+0000] {dag.py:3239} INFO - Sync 1 DAGs
[2025-01-09T18:32:12.465+0000] {logging_mixin.py:190} INFO - [2025-01-09T18:32:12.463+0000] {dag.py:4180} INFO - Setting next_dagrun for spark_example to None, run_after=None
[2025-01-09T18:32:12.579+0000] {processor.py:208} INFO - Processing /opt/airflow/dags/spark_example.py took 0.576 seconds
[2025-01-09T18:32:42.972+0000] {processor.py:186} INFO - Started process (PID=99) to work on /opt/airflow/dags/spark_example.py
[2025-01-09T18:32:42.974+0000] {processor.py:914} INFO - Processing file /opt/airflow/dags/spark_example.py for tasks to queue
[2025-01-09T18:32:42.980+0000] {logging_mixin.py:190} INFO - [2025-01-09T18:32:42.979+0000] {dagbag.py:588} INFO - Filling up the DagBag from /opt/airflow/dags/spark_example.py
[2025-01-09T18:32:43.013+0000] {processor.py:925} INFO - DAG(s) 'spark_example' retrieved from /opt/airflow/dags/spark_example.py
[2025-01-09T18:32:43.055+0000] {logging_mixin.py:190} INFO - [2025-01-09T18:32:43.055+0000] {dag.py:3239} INFO - Sync 1 DAGs
[2025-01-09T18:32:43.081+0000] {logging_mixin.py:190} INFO - [2025-01-09T18:32:43.081+0000] {dag.py:4180} INFO - Setting next_dagrun for spark_example to None, run_after=None
[2025-01-09T18:32:43.116+0000] {processor.py:208} INFO - Processing /opt/airflow/dags/spark_example.py took 0.152 seconds
[2025-01-09T18:33:13.399+0000] {processor.py:186} INFO - Started process (PID=110) to work on /opt/airflow/dags/spark_example.py
[2025-01-09T18:33:13.400+0000] {processor.py:914} INFO - Processing file /opt/airflow/dags/spark_example.py for tasks to queue
[2025-01-09T18:33:13.405+0000] {logging_mixin.py:190} INFO - [2025-01-09T18:33:13.404+0000] {dagbag.py:588} INFO - Filling up the DagBag from /opt/airflow/dags/spark_example.py
[2025-01-09T18:33:13.425+0000] {processor.py:925} INFO - DAG(s) 'spark_example' retrieved from /opt/airflow/dags/spark_example.py
[2025-01-09T18:33:13.453+0000] {logging_mixin.py:190} INFO - [2025-01-09T18:33:13.453+0000] {dag.py:3239} INFO - Sync 1 DAGs
[2025-01-09T18:33:13.470+0000] {logging_mixin.py:190} INFO - [2025-01-09T18:33:13.469+0000] {dag.py:4180} INFO - Setting next_dagrun for spark_example to None, run_after=None
[2025-01-09T18:33:13.504+0000] {processor.py:208} INFO - Processing /opt/airflow/dags/spark_example.py took 0.112 seconds
[2025-01-09T18:33:43.739+0000] {processor.py:186} INFO - Started process (PID=120) to work on /opt/airflow/dags/spark_example.py
[2025-01-09T18:33:43.754+0000] {processor.py:914} INFO - Processing file /opt/airflow/dags/spark_example.py for tasks to queue
[2025-01-09T18:33:43.781+0000] {logging_mixin.py:190} INFO - [2025-01-09T18:33:43.778+0000] {dagbag.py:588} INFO - Filling up the DagBag from /opt/airflow/dags/spark_example.py
[2025-01-09T18:33:43.888+0000] {processor.py:925} INFO - DAG(s) 'spark_example' retrieved from /opt/airflow/dags/spark_example.py
[2025-01-09T18:33:44.071+0000] {logging_mixin.py:190} INFO - [2025-01-09T18:33:44.070+0000] {dag.py:3239} INFO - Sync 1 DAGs
[2025-01-09T18:33:44.207+0000] {logging_mixin.py:190} INFO - [2025-01-09T18:33:44.205+0000] {dag.py:4180} INFO - Setting next_dagrun for spark_example to None, run_after=None
[2025-01-09T18:33:44.372+0000] {processor.py:208} INFO - Processing /opt/airflow/dags/spark_example.py took 0.654 seconds
[2025-01-09T18:34:15.179+0000] {processor.py:186} INFO - Started process (PID=131) to work on /opt/airflow/dags/spark_example.py
[2025-01-09T18:34:15.181+0000] {processor.py:914} INFO - Processing file /opt/airflow/dags/spark_example.py for tasks to queue
[2025-01-09T18:34:15.185+0000] {logging_mixin.py:190} INFO - [2025-01-09T18:34:15.185+0000] {dagbag.py:588} INFO - Filling up the DagBag from /opt/airflow/dags/spark_example.py
[2025-01-09T18:34:15.201+0000] {processor.py:925} INFO - DAG(s) 'spark_example' retrieved from /opt/airflow/dags/spark_example.py
[2025-01-09T18:34:15.240+0000] {logging_mixin.py:190} INFO - [2025-01-09T18:34:15.240+0000] {dag.py:3239} INFO - Sync 1 DAGs
[2025-01-09T18:34:15.258+0000] {logging_mixin.py:190} INFO - [2025-01-09T18:34:15.258+0000] {dag.py:4180} INFO - Setting next_dagrun for spark_example to None, run_after=None
[2025-01-09T18:34:15.284+0000] {processor.py:208} INFO - Processing /opt/airflow/dags/spark_example.py took 0.114 seconds
[2025-01-09T18:34:45.844+0000] {processor.py:186} INFO - Started process (PID=142) to work on /opt/airflow/dags/spark_example.py
[2025-01-09T18:34:45.845+0000] {processor.py:914} INFO - Processing file /opt/airflow/dags/spark_example.py for tasks to queue
[2025-01-09T18:34:45.849+0000] {logging_mixin.py:190} INFO - [2025-01-09T18:34:45.849+0000] {dagbag.py:588} INFO - Filling up the DagBag from /opt/airflow/dags/spark_example.py
[2025-01-09T18:34:45.868+0000] {processor.py:925} INFO - DAG(s) 'spark_example' retrieved from /opt/airflow/dags/spark_example.py
[2025-01-09T18:34:45.898+0000] {logging_mixin.py:190} INFO - [2025-01-09T18:34:45.898+0000] {dag.py:3239} INFO - Sync 1 DAGs
[2025-01-09T18:34:45.912+0000] {logging_mixin.py:190} INFO - [2025-01-09T18:34:45.912+0000] {dag.py:4180} INFO - Setting next_dagrun for spark_example to None, run_after=None
[2025-01-09T18:34:45.957+0000] {processor.py:208} INFO - Processing /opt/airflow/dags/spark_example.py took 0.120 seconds
[2025-01-09T18:35:16.325+0000] {processor.py:186} INFO - Started process (PID=153) to work on /opt/airflow/dags/spark_example.py
[2025-01-09T18:35:16.326+0000] {processor.py:914} INFO - Processing file /opt/airflow/dags/spark_example.py for tasks to queue
[2025-01-09T18:35:16.329+0000] {logging_mixin.py:190} INFO - [2025-01-09T18:35:16.329+0000] {dagbag.py:588} INFO - Filling up the DagBag from /opt/airflow/dags/spark_example.py
[2025-01-09T18:35:16.345+0000] {processor.py:925} INFO - DAG(s) 'spark_example' retrieved from /opt/airflow/dags/spark_example.py
[2025-01-09T18:35:16.375+0000] {logging_mixin.py:190} INFO - [2025-01-09T18:35:16.375+0000] {dag.py:3239} INFO - Sync 1 DAGs
[2025-01-09T18:35:16.389+0000] {logging_mixin.py:190} INFO - [2025-01-09T18:35:16.389+0000] {dag.py:4180} INFO - Setting next_dagrun for spark_example to None, run_after=None
[2025-01-09T18:35:16.429+0000] {processor.py:208} INFO - Processing /opt/airflow/dags/spark_example.py took 0.111 seconds
[2025-01-09T18:35:46.909+0000] {processor.py:186} INFO - Started process (PID=163) to work on /opt/airflow/dags/spark_example.py
[2025-01-09T18:35:46.911+0000] {processor.py:914} INFO - Processing file /opt/airflow/dags/spark_example.py for tasks to queue
[2025-01-09T18:35:46.918+0000] {logging_mixin.py:190} INFO - [2025-01-09T18:35:46.916+0000] {dagbag.py:588} INFO - Filling up the DagBag from /opt/airflow/dags/spark_example.py
[2025-01-09T18:35:46.941+0000] {processor.py:925} INFO - DAG(s) 'spark_example' retrieved from /opt/airflow/dags/spark_example.py
[2025-01-09T18:35:46.980+0000] {logging_mixin.py:190} INFO - [2025-01-09T18:35:46.979+0000] {dag.py:3239} INFO - Sync 1 DAGs
[2025-01-09T18:35:47.006+0000] {logging_mixin.py:190} INFO - [2025-01-09T18:35:47.005+0000] {dag.py:4180} INFO - Setting next_dagrun for spark_example to None, run_after=None
[2025-01-09T18:35:47.056+0000] {processor.py:208} INFO - Processing /opt/airflow/dags/spark_example.py took 0.159 seconds
[2025-01-09T18:36:17.816+0000] {processor.py:186} INFO - Started process (PID=174) to work on /opt/airflow/dags/spark_example.py
[2025-01-09T18:36:17.817+0000] {processor.py:914} INFO - Processing file /opt/airflow/dags/spark_example.py for tasks to queue
[2025-01-09T18:36:17.820+0000] {logging_mixin.py:190} INFO - [2025-01-09T18:36:17.819+0000] {dagbag.py:588} INFO - Filling up the DagBag from /opt/airflow/dags/spark_example.py
[2025-01-09T18:36:17.842+0000] {processor.py:925} INFO - DAG(s) 'spark_example' retrieved from /opt/airflow/dags/spark_example.py
[2025-01-09T18:36:17.868+0000] {logging_mixin.py:190} INFO - [2025-01-09T18:36:17.867+0000] {dag.py:3239} INFO - Sync 1 DAGs
[2025-01-09T18:36:18.021+0000] {logging_mixin.py:190} INFO - [2025-01-09T18:36:18.021+0000] {dag.py:4180} INFO - Setting next_dagrun for spark_example to None, run_after=None
[2025-01-09T18:36:18.054+0000] {processor.py:208} INFO - Processing /opt/airflow/dags/spark_example.py took 0.244 seconds
[2025-01-09T18:36:48.113+0000] {processor.py:186} INFO - Started process (PID=185) to work on /opt/airflow/dags/spark_example.py
[2025-01-09T18:36:48.115+0000] {processor.py:914} INFO - Processing file /opt/airflow/dags/spark_example.py for tasks to queue
[2025-01-09T18:36:48.119+0000] {logging_mixin.py:190} INFO - [2025-01-09T18:36:48.118+0000] {dagbag.py:588} INFO - Filling up the DagBag from /opt/airflow/dags/spark_example.py
[2025-01-09T18:36:48.137+0000] {processor.py:925} INFO - DAG(s) 'spark_example' retrieved from /opt/airflow/dags/spark_example.py
[2025-01-09T18:36:48.171+0000] {logging_mixin.py:190} INFO - [2025-01-09T18:36:48.171+0000] {dag.py:3239} INFO - Sync 1 DAGs
[2025-01-09T18:36:48.346+0000] {logging_mixin.py:190} INFO - [2025-01-09T18:36:48.346+0000] {dag.py:4180} INFO - Setting next_dagrun for spark_example to None, run_after=None
[2025-01-09T18:36:48.366+0000] {processor.py:208} INFO - Processing /opt/airflow/dags/spark_example.py took 0.260 seconds
[2025-01-09T18:37:18.650+0000] {processor.py:186} INFO - Started process (PID=196) to work on /opt/airflow/dags/spark_example.py
[2025-01-09T18:37:18.652+0000] {processor.py:914} INFO - Processing file /opt/airflow/dags/spark_example.py for tasks to queue
[2025-01-09T18:37:18.824+0000] {logging_mixin.py:190} INFO - [2025-01-09T18:37:18.824+0000] {dagbag.py:588} INFO - Filling up the DagBag from /opt/airflow/dags/spark_example.py
[2025-01-09T18:37:18.839+0000] {processor.py:925} INFO - DAG(s) 'spark_example' retrieved from /opt/airflow/dags/spark_example.py
[2025-01-09T18:37:18.861+0000] {logging_mixin.py:190} INFO - [2025-01-09T18:37:18.861+0000] {dag.py:3239} INFO - Sync 1 DAGs
[2025-01-09T18:37:18.873+0000] {logging_mixin.py:190} INFO - [2025-01-09T18:37:18.873+0000] {dag.py:4180} INFO - Setting next_dagrun for spark_example to None, run_after=None
[2025-01-09T18:37:18.910+0000] {processor.py:208} INFO - Processing /opt/airflow/dags/spark_example.py took 0.267 seconds
[2025-01-09T18:37:49.036+0000] {processor.py:186} INFO - Started process (PID=207) to work on /opt/airflow/dags/spark_example.py
[2025-01-09T18:37:49.037+0000] {processor.py:914} INFO - Processing file /opt/airflow/dags/spark_example.py for tasks to queue
[2025-01-09T18:37:49.040+0000] {logging_mixin.py:190} INFO - [2025-01-09T18:37:49.040+0000] {dagbag.py:588} INFO - Filling up the DagBag from /opt/airflow/dags/spark_example.py
[2025-01-09T18:37:49.056+0000] {processor.py:925} INFO - DAG(s) 'spark_example' retrieved from /opt/airflow/dags/spark_example.py
[2025-01-09T18:37:49.093+0000] {logging_mixin.py:190} INFO - [2025-01-09T18:37:49.093+0000] {dag.py:3239} INFO - Sync 1 DAGs
[2025-01-09T18:37:49.108+0000] {logging_mixin.py:190} INFO - [2025-01-09T18:37:49.108+0000] {dag.py:4180} INFO - Setting next_dagrun for spark_example to None, run_after=None
[2025-01-09T18:37:49.144+0000] {processor.py:208} INFO - Processing /opt/airflow/dags/spark_example.py took 0.115 seconds
[2025-01-09T18:38:19.462+0000] {processor.py:186} INFO - Started process (PID=218) to work on /opt/airflow/dags/spark_example.py
[2025-01-09T18:38:19.464+0000] {processor.py:914} INFO - Processing file /opt/airflow/dags/spark_example.py for tasks to queue
[2025-01-09T18:38:19.468+0000] {logging_mixin.py:190} INFO - [2025-01-09T18:38:19.467+0000] {dagbag.py:588} INFO - Filling up the DagBag from /opt/airflow/dags/spark_example.py
[2025-01-09T18:38:19.487+0000] {processor.py:925} INFO - DAG(s) 'spark_example' retrieved from /opt/airflow/dags/spark_example.py
[2025-01-09T18:38:19.520+0000] {logging_mixin.py:190} INFO - [2025-01-09T18:38:19.519+0000] {dag.py:3239} INFO - Sync 1 DAGs
[2025-01-09T18:38:19.538+0000] {logging_mixin.py:190} INFO - [2025-01-09T18:38:19.538+0000] {dag.py:4180} INFO - Setting next_dagrun for spark_example to None, run_after=None
[2025-01-09T18:38:19.577+0000] {processor.py:208} INFO - Processing /opt/airflow/dags/spark_example.py took 0.122 seconds
[2025-01-09T18:38:49.982+0000] {processor.py:186} INFO - Started process (PID=229) to work on /opt/airflow/dags/spark_example.py
[2025-01-09T18:38:49.983+0000] {processor.py:914} INFO - Processing file /opt/airflow/dags/spark_example.py for tasks to queue
[2025-01-09T18:38:49.986+0000] {logging_mixin.py:190} INFO - [2025-01-09T18:38:49.985+0000] {dagbag.py:588} INFO - Filling up the DagBag from /opt/airflow/dags/spark_example.py
[2025-01-09T18:38:50.001+0000] {processor.py:925} INFO - DAG(s) 'spark_example' retrieved from /opt/airflow/dags/spark_example.py
[2025-01-09T18:38:50.027+0000] {logging_mixin.py:190} INFO - [2025-01-09T18:38:50.026+0000] {dag.py:3239} INFO - Sync 1 DAGs
[2025-01-09T18:38:50.042+0000] {logging_mixin.py:190} INFO - [2025-01-09T18:38:50.042+0000] {dag.py:4180} INFO - Setting next_dagrun for spark_example to None, run_after=None
[2025-01-09T18:38:50.075+0000] {processor.py:208} INFO - Processing /opt/airflow/dags/spark_example.py took 0.100 seconds
[2025-01-09T18:39:20.354+0000] {processor.py:186} INFO - Started process (PID=240) to work on /opt/airflow/dags/spark_example.py
[2025-01-09T18:39:20.356+0000] {processor.py:914} INFO - Processing file /opt/airflow/dags/spark_example.py for tasks to queue
[2025-01-09T18:39:20.359+0000] {logging_mixin.py:190} INFO - [2025-01-09T18:39:20.359+0000] {dagbag.py:588} INFO - Filling up the DagBag from /opt/airflow/dags/spark_example.py
[2025-01-09T18:39:20.374+0000] {processor.py:925} INFO - DAG(s) 'spark_example' retrieved from /opt/airflow/dags/spark_example.py
[2025-01-09T18:39:20.401+0000] {logging_mixin.py:190} INFO - [2025-01-09T18:39:20.401+0000] {dag.py:3239} INFO - Sync 1 DAGs
[2025-01-09T18:39:20.416+0000] {logging_mixin.py:190} INFO - [2025-01-09T18:39:20.416+0000] {dag.py:4180} INFO - Setting next_dagrun for spark_example to None, run_after=None
[2025-01-09T18:39:20.453+0000] {processor.py:208} INFO - Processing /opt/airflow/dags/spark_example.py took 0.105 seconds
[2025-01-09T18:39:50.841+0000] {processor.py:186} INFO - Started process (PID=259) to work on /opt/airflow/dags/spark_example.py
[2025-01-09T18:39:50.847+0000] {processor.py:914} INFO - Processing file /opt/airflow/dags/spark_example.py for tasks to queue
[2025-01-09T18:39:50.859+0000] {logging_mixin.py:190} INFO - [2025-01-09T18:39:50.857+0000] {dagbag.py:588} INFO - Filling up the DagBag from /opt/airflow/dags/spark_example.py
[2025-01-09T18:39:50.948+0000] {processor.py:925} INFO - DAG(s) 'spark_example' retrieved from /opt/airflow/dags/spark_example.py
[2025-01-09T18:39:51.087+0000] {logging_mixin.py:190} INFO - [2025-01-09T18:39:51.086+0000] {dag.py:3239} INFO - Sync 1 DAGs
[2025-01-09T18:39:51.156+0000] {logging_mixin.py:190} INFO - [2025-01-09T18:39:51.155+0000] {dag.py:4180} INFO - Setting next_dagrun for spark_example to None, run_after=None
[2025-01-09T18:39:51.300+0000] {processor.py:208} INFO - Processing /opt/airflow/dags/spark_example.py took 0.507 seconds
[2025-01-09T18:40:21.940+0000] {processor.py:186} INFO - Started process (PID=270) to work on /opt/airflow/dags/spark_example.py
[2025-01-09T18:40:21.942+0000] {processor.py:914} INFO - Processing file /opt/airflow/dags/spark_example.py for tasks to queue
[2025-01-09T18:40:21.947+0000] {logging_mixin.py:190} INFO - [2025-01-09T18:40:21.947+0000] {dagbag.py:588} INFO - Filling up the DagBag from /opt/airflow/dags/spark_example.py
[2025-01-09T18:40:21.974+0000] {processor.py:925} INFO - DAG(s) 'spark_example' retrieved from /opt/airflow/dags/spark_example.py
[2025-01-09T18:40:22.015+0000] {logging_mixin.py:190} INFO - [2025-01-09T18:40:22.014+0000] {dag.py:3239} INFO - Sync 1 DAGs
[2025-01-09T18:40:22.038+0000] {logging_mixin.py:190} INFO - [2025-01-09T18:40:22.038+0000] {dag.py:4180} INFO - Setting next_dagrun for spark_example to None, run_after=None
[2025-01-09T18:40:22.077+0000] {processor.py:208} INFO - Processing /opt/airflow/dags/spark_example.py took 0.148 seconds
[2025-01-09T18:40:52.901+0000] {processor.py:186} INFO - Started process (PID=281) to work on /opt/airflow/dags/spark_example.py
[2025-01-09T18:40:52.903+0000] {processor.py:914} INFO - Processing file /opt/airflow/dags/spark_example.py for tasks to queue
[2025-01-09T18:40:52.909+0000] {logging_mixin.py:190} INFO - [2025-01-09T18:40:52.908+0000] {dagbag.py:588} INFO - Filling up the DagBag from /opt/airflow/dags/spark_example.py
[2025-01-09T18:40:52.954+0000] {processor.py:925} INFO - DAG(s) 'spark_example' retrieved from /opt/airflow/dags/spark_example.py
[2025-01-09T18:40:53.011+0000] {logging_mixin.py:190} INFO - [2025-01-09T18:40:53.011+0000] {dag.py:3239} INFO - Sync 1 DAGs
[2025-01-09T18:40:53.040+0000] {logging_mixin.py:190} INFO - [2025-01-09T18:40:53.039+0000] {dag.py:4180} INFO - Setting next_dagrun for spark_example to None, run_after=None
[2025-01-09T18:40:53.084+0000] {processor.py:208} INFO - Processing /opt/airflow/dags/spark_example.py took 0.197 seconds
[2025-01-09T18:41:23.641+0000] {processor.py:186} INFO - Started process (PID=292) to work on /opt/airflow/dags/spark_example.py
[2025-01-09T18:41:23.643+0000] {processor.py:914} INFO - Processing file /opt/airflow/dags/spark_example.py for tasks to queue
[2025-01-09T18:41:23.649+0000] {logging_mixin.py:190} INFO - [2025-01-09T18:41:23.649+0000] {dagbag.py:588} INFO - Filling up the DagBag from /opt/airflow/dags/spark_example.py
[2025-01-09T18:41:23.673+0000] {processor.py:925} INFO - DAG(s) 'spark_example' retrieved from /opt/airflow/dags/spark_example.py
[2025-01-09T18:41:23.715+0000] {logging_mixin.py:190} INFO - [2025-01-09T18:41:23.715+0000] {dag.py:3239} INFO - Sync 1 DAGs
[2025-01-09T18:41:23.740+0000] {logging_mixin.py:190} INFO - [2025-01-09T18:41:23.740+0000] {dag.py:4180} INFO - Setting next_dagrun for spark_example to None, run_after=None
[2025-01-09T18:41:23.787+0000] {processor.py:208} INFO - Processing /opt/airflow/dags/spark_example.py took 0.155 seconds
[2025-01-09T18:41:54.495+0000] {processor.py:186} INFO - Started process (PID=303) to work on /opt/airflow/dags/spark_example.py
[2025-01-09T18:41:54.497+0000] {processor.py:914} INFO - Processing file /opt/airflow/dags/spark_example.py for tasks to queue
[2025-01-09T18:41:54.501+0000] {logging_mixin.py:190} INFO - [2025-01-09T18:41:54.501+0000] {dagbag.py:588} INFO - Filling up the DagBag from /opt/airflow/dags/spark_example.py
[2025-01-09T18:41:54.528+0000] {processor.py:925} INFO - DAG(s) 'spark_example' retrieved from /opt/airflow/dags/spark_example.py
[2025-01-09T18:41:54.574+0000] {logging_mixin.py:190} INFO - [2025-01-09T18:41:54.574+0000] {dag.py:3239} INFO - Sync 1 DAGs
[2025-01-09T18:41:54.600+0000] {logging_mixin.py:190} INFO - [2025-01-09T18:41:54.600+0000] {dag.py:4180} INFO - Setting next_dagrun for spark_example to None, run_after=None
[2025-01-09T18:41:54.640+0000] {processor.py:208} INFO - Processing /opt/airflow/dags/spark_example.py took 0.158 seconds
[2025-01-09T18:42:25.109+0000] {processor.py:186} INFO - Started process (PID=314) to work on /opt/airflow/dags/spark_example.py
[2025-01-09T18:42:25.110+0000] {processor.py:914} INFO - Processing file /opt/airflow/dags/spark_example.py for tasks to queue
[2025-01-09T18:42:25.113+0000] {logging_mixin.py:190} INFO - [2025-01-09T18:42:25.113+0000] {dagbag.py:588} INFO - Filling up the DagBag from /opt/airflow/dags/spark_example.py
[2025-01-09T18:42:25.131+0000] {processor.py:925} INFO - DAG(s) 'spark_example' retrieved from /opt/airflow/dags/spark_example.py
[2025-01-09T18:42:25.163+0000] {logging_mixin.py:190} INFO - [2025-01-09T18:42:25.163+0000] {dag.py:3239} INFO - Sync 1 DAGs
[2025-01-09T18:42:25.179+0000] {logging_mixin.py:190} INFO - [2025-01-09T18:42:25.179+0000] {dag.py:4180} INFO - Setting next_dagrun for spark_example to None, run_after=None
[2025-01-09T18:42:25.203+0000] {processor.py:208} INFO - Processing /opt/airflow/dags/spark_example.py took 0.102 seconds
[2025-01-09T18:42:55.690+0000] {processor.py:186} INFO - Started process (PID=328) to work on /opt/airflow/dags/spark_example.py
[2025-01-09T18:42:55.693+0000] {processor.py:914} INFO - Processing file /opt/airflow/dags/spark_example.py for tasks to queue
[2025-01-09T18:42:55.698+0000] {logging_mixin.py:190} INFO - [2025-01-09T18:42:55.697+0000] {dagbag.py:588} INFO - Filling up the DagBag from /opt/airflow/dags/spark_example.py
[2025-01-09T18:42:55.737+0000] {processor.py:925} INFO - DAG(s) 'spark_example' retrieved from /opt/airflow/dags/spark_example.py
[2025-01-09T18:42:55.793+0000] {logging_mixin.py:190} INFO - [2025-01-09T18:42:55.792+0000] {dag.py:3239} INFO - Sync 1 DAGs
[2025-01-09T18:42:55.819+0000] {logging_mixin.py:190} INFO - [2025-01-09T18:42:55.818+0000] {dag.py:4180} INFO - Setting next_dagrun for spark_example to None, run_after=None
[2025-01-09T18:42:55.874+0000] {processor.py:208} INFO - Processing /opt/airflow/dags/spark_example.py took 0.197 seconds
[2025-01-09T18:43:26.015+0000] {processor.py:186} INFO - Started process (PID=338) to work on /opt/airflow/dags/spark_example.py
[2025-01-09T18:43:26.017+0000] {processor.py:914} INFO - Processing file /opt/airflow/dags/spark_example.py for tasks to queue
[2025-01-09T18:43:26.021+0000] {logging_mixin.py:190} INFO - [2025-01-09T18:43:26.021+0000] {dagbag.py:588} INFO - Filling up the DagBag from /opt/airflow/dags/spark_example.py
[2025-01-09T18:43:26.048+0000] {processor.py:925} INFO - DAG(s) 'spark_example' retrieved from /opt/airflow/dags/spark_example.py
[2025-01-09T18:43:26.090+0000] {logging_mixin.py:190} INFO - [2025-01-09T18:43:26.090+0000] {dag.py:3239} INFO - Sync 1 DAGs
[2025-01-09T18:43:26.109+0000] {logging_mixin.py:190} INFO - [2025-01-09T18:43:26.108+0000] {dag.py:4180} INFO - Setting next_dagrun for spark_example to None, run_after=None
[2025-01-09T18:43:26.155+0000] {processor.py:208} INFO - Processing /opt/airflow/dags/spark_example.py took 0.148 seconds
[2025-01-09T18:43:56.805+0000] {processor.py:186} INFO - Started process (PID=351) to work on /opt/airflow/dags/spark_example.py
[2025-01-09T18:43:56.807+0000] {processor.py:914} INFO - Processing file /opt/airflow/dags/spark_example.py for tasks to queue
[2025-01-09T18:43:56.810+0000] {logging_mixin.py:190} INFO - [2025-01-09T18:43:56.810+0000] {dagbag.py:588} INFO - Filling up the DagBag from /opt/airflow/dags/spark_example.py
[2025-01-09T18:43:56.825+0000] {processor.py:925} INFO - DAG(s) 'spark_example' retrieved from /opt/airflow/dags/spark_example.py
[2025-01-09T18:43:56.856+0000] {logging_mixin.py:190} INFO - [2025-01-09T18:43:56.855+0000] {dag.py:3239} INFO - Sync 1 DAGs
[2025-01-09T18:43:56.872+0000] {logging_mixin.py:190} INFO - [2025-01-09T18:43:56.872+0000] {dag.py:4180} INFO - Setting next_dagrun for spark_example to None, run_after=None
[2025-01-09T18:43:56.909+0000] {processor.py:208} INFO - Processing /opt/airflow/dags/spark_example.py took 0.111 seconds
[2025-01-09T18:44:27.146+0000] {processor.py:186} INFO - Started process (PID=365) to work on /opt/airflow/dags/spark_example.py
[2025-01-09T18:44:27.149+0000] {processor.py:914} INFO - Processing file /opt/airflow/dags/spark_example.py for tasks to queue
[2025-01-09T18:44:27.151+0000] {logging_mixin.py:190} INFO - [2025-01-09T18:44:27.151+0000] {dagbag.py:588} INFO - Filling up the DagBag from /opt/airflow/dags/spark_example.py
[2025-01-09T18:44:27.194+0000] {processor.py:925} INFO - DAG(s) 'spark_example' retrieved from /opt/airflow/dags/spark_example.py
[2025-01-09T18:44:27.244+0000] {logging_mixin.py:190} INFO - [2025-01-09T18:44:27.243+0000] {dag.py:3239} INFO - Sync 1 DAGs
[2025-01-09T18:44:27.269+0000] {logging_mixin.py:190} INFO - [2025-01-09T18:44:27.268+0000] {dag.py:4180} INFO - Setting next_dagrun for spark_example to None, run_after=None
[2025-01-09T18:44:27.304+0000] {processor.py:208} INFO - Processing /opt/airflow/dags/spark_example.py took 0.175 seconds
[2025-01-09T18:44:58.009+0000] {processor.py:186} INFO - Started process (PID=375) to work on /opt/airflow/dags/spark_example.py
[2025-01-09T18:44:58.011+0000] {processor.py:914} INFO - Processing file /opt/airflow/dags/spark_example.py for tasks to queue
[2025-01-09T18:44:58.012+0000] {logging_mixin.py:190} INFO - [2025-01-09T18:44:58.012+0000] {dagbag.py:588} INFO - Filling up the DagBag from /opt/airflow/dags/spark_example.py
[2025-01-09T18:44:58.029+0000] {processor.py:925} INFO - DAG(s) 'spark_example' retrieved from /opt/airflow/dags/spark_example.py
[2025-01-09T18:44:58.060+0000] {logging_mixin.py:190} INFO - [2025-01-09T18:44:58.060+0000] {dag.py:3239} INFO - Sync 1 DAGs
[2025-01-09T18:44:58.083+0000] {logging_mixin.py:190} INFO - [2025-01-09T18:44:58.082+0000] {dag.py:4180} INFO - Setting next_dagrun for spark_example to None, run_after=None
[2025-01-09T18:44:58.112+0000] {processor.py:208} INFO - Processing /opt/airflow/dags/spark_example.py took 0.109 seconds
[2025-01-09T18:45:28.912+0000] {processor.py:186} INFO - Started process (PID=388) to work on /opt/airflow/dags/spark_example.py
[2025-01-09T18:45:28.914+0000] {processor.py:914} INFO - Processing file /opt/airflow/dags/spark_example.py for tasks to queue
[2025-01-09T18:45:28.917+0000] {logging_mixin.py:190} INFO - [2025-01-09T18:45:28.916+0000] {dagbag.py:588} INFO - Filling up the DagBag from /opt/airflow/dags/spark_example.py
[2025-01-09T18:45:28.951+0000] {processor.py:925} INFO - DAG(s) 'spark_example' retrieved from /opt/airflow/dags/spark_example.py
[2025-01-09T18:45:29.012+0000] {logging_mixin.py:190} INFO - [2025-01-09T18:45:29.011+0000] {dag.py:3239} INFO - Sync 1 DAGs
[2025-01-09T18:45:29.050+0000] {logging_mixin.py:190} INFO - [2025-01-09T18:45:29.049+0000] {dag.py:4180} INFO - Setting next_dagrun for spark_example to None, run_after=None
[2025-01-09T18:45:29.118+0000] {processor.py:208} INFO - Processing /opt/airflow/dags/spark_example.py took 0.220 seconds
[2025-01-09T18:45:59.702+0000] {processor.py:186} INFO - Started process (PID=399) to work on /opt/airflow/dags/spark_example.py
[2025-01-09T18:45:59.703+0000] {processor.py:914} INFO - Processing file /opt/airflow/dags/spark_example.py for tasks to queue
[2025-01-09T18:45:59.706+0000] {logging_mixin.py:190} INFO - [2025-01-09T18:45:59.705+0000] {dagbag.py:588} INFO - Filling up the DagBag from /opt/airflow/dags/spark_example.py
[2025-01-09T18:45:59.723+0000] {processor.py:925} INFO - DAG(s) 'spark_example' retrieved from /opt/airflow/dags/spark_example.py
[2025-01-09T18:45:59.757+0000] {logging_mixin.py:190} INFO - [2025-01-09T18:45:59.756+0000] {dag.py:3239} INFO - Sync 1 DAGs
[2025-01-09T18:45:59.773+0000] {logging_mixin.py:190} INFO - [2025-01-09T18:45:59.773+0000] {dag.py:4180} INFO - Setting next_dagrun for spark_example to None, run_after=None
[2025-01-09T18:45:59.814+0000] {processor.py:208} INFO - Processing /opt/airflow/dags/spark_example.py took 0.119 seconds
[2025-01-09T18:46:30.021+0000] {processor.py:186} INFO - Started process (PID=410) to work on /opt/airflow/dags/spark_example.py
[2025-01-09T18:46:30.023+0000] {processor.py:914} INFO - Processing file /opt/airflow/dags/spark_example.py for tasks to queue
[2025-01-09T18:46:30.029+0000] {logging_mixin.py:190} INFO - [2025-01-09T18:46:30.029+0000] {dagbag.py:588} INFO - Filling up the DagBag from /opt/airflow/dags/spark_example.py
[2025-01-09T18:46:30.079+0000] {processor.py:925} INFO - DAG(s) 'spark_example' retrieved from /opt/airflow/dags/spark_example.py
[2025-01-09T18:46:30.127+0000] {logging_mixin.py:190} INFO - [2025-01-09T18:46:30.126+0000] {dag.py:3239} INFO - Sync 1 DAGs
[2025-01-09T18:46:30.149+0000] {logging_mixin.py:190} INFO - [2025-01-09T18:46:30.148+0000] {dag.py:4180} INFO - Setting next_dagrun for spark_example to None, run_after=None
[2025-01-09T18:46:30.186+0000] {processor.py:208} INFO - Processing /opt/airflow/dags/spark_example.py took 0.175 seconds
[2025-01-09T18:47:00.673+0000] {processor.py:186} INFO - Started process (PID=420) to work on /opt/airflow/dags/spark_example.py
[2025-01-09T18:47:00.674+0000] {processor.py:914} INFO - Processing file /opt/airflow/dags/spark_example.py for tasks to queue
[2025-01-09T18:47:00.676+0000] {logging_mixin.py:190} INFO - [2025-01-09T18:47:00.676+0000] {dagbag.py:588} INFO - Filling up the DagBag from /opt/airflow/dags/spark_example.py
[2025-01-09T18:47:00.703+0000] {processor.py:925} INFO - DAG(s) 'spark_example' retrieved from /opt/airflow/dags/spark_example.py
[2025-01-09T18:47:00.775+0000] {logging_mixin.py:190} INFO - [2025-01-09T18:47:00.775+0000] {dag.py:3239} INFO - Sync 1 DAGs
[2025-01-09T18:47:00.807+0000] {logging_mixin.py:190} INFO - [2025-01-09T18:47:00.806+0000] {dag.py:4180} INFO - Setting next_dagrun for spark_example to None, run_after=None
[2025-01-09T18:47:00.852+0000] {processor.py:208} INFO - Processing /opt/airflow/dags/spark_example.py took 0.191 seconds
[2025-01-09T18:47:31.852+0000] {processor.py:186} INFO - Started process (PID=431) to work on /opt/airflow/dags/spark_example.py
[2025-01-09T18:47:31.853+0000] {processor.py:914} INFO - Processing file /opt/airflow/dags/spark_example.py for tasks to queue
[2025-01-09T18:47:31.854+0000] {logging_mixin.py:190} INFO - [2025-01-09T18:47:31.854+0000] {dagbag.py:588} INFO - Filling up the DagBag from /opt/airflow/dags/spark_example.py
[2025-01-09T18:47:31.878+0000] {processor.py:925} INFO - DAG(s) 'spark_example' retrieved from /opt/airflow/dags/spark_example.py
[2025-01-09T18:47:31.931+0000] {logging_mixin.py:190} INFO - [2025-01-09T18:47:31.930+0000] {dag.py:3239} INFO - Sync 1 DAGs
[2025-01-09T18:47:31.960+0000] {logging_mixin.py:190} INFO - [2025-01-09T18:47:31.960+0000] {dag.py:4180} INFO - Setting next_dagrun for spark_example to None, run_after=None
[2025-01-09T18:47:32.015+0000] {processor.py:208} INFO - Processing /opt/airflow/dags/spark_example.py took 0.171 seconds
[2025-01-09T18:48:02.102+0000] {processor.py:186} INFO - Started process (PID=441) to work on /opt/airflow/dags/spark_example.py
[2025-01-09T18:48:02.104+0000] {processor.py:914} INFO - Processing file /opt/airflow/dags/spark_example.py for tasks to queue
[2025-01-09T18:48:02.106+0000] {logging_mixin.py:190} INFO - [2025-01-09T18:48:02.106+0000] {dagbag.py:588} INFO - Filling up the DagBag from /opt/airflow/dags/spark_example.py
[2025-01-09T18:48:02.122+0000] {processor.py:925} INFO - DAG(s) 'spark_example' retrieved from /opt/airflow/dags/spark_example.py
[2025-01-09T18:48:02.150+0000] {logging_mixin.py:190} INFO - [2025-01-09T18:48:02.149+0000] {dag.py:3239} INFO - Sync 1 DAGs
[2025-01-09T18:48:02.166+0000] {logging_mixin.py:190} INFO - [2025-01-09T18:48:02.165+0000] {dag.py:4180} INFO - Setting next_dagrun for spark_example to None, run_after=None
[2025-01-09T18:48:02.191+0000] {processor.py:208} INFO - Processing /opt/airflow/dags/spark_example.py took 0.097 seconds
[2025-01-09T18:48:33.044+0000] {processor.py:186} INFO - Started process (PID=452) to work on /opt/airflow/dags/spark_example.py
[2025-01-09T18:48:33.046+0000] {processor.py:914} INFO - Processing file /opt/airflow/dags/spark_example.py for tasks to queue
[2025-01-09T18:48:33.050+0000] {logging_mixin.py:190} INFO - [2025-01-09T18:48:33.049+0000] {dagbag.py:588} INFO - Filling up the DagBag from /opt/airflow/dags/spark_example.py
[2025-01-09T18:48:33.114+0000] {processor.py:925} INFO - DAG(s) 'spark_example' retrieved from /opt/airflow/dags/spark_example.py
[2025-01-09T18:48:33.205+0000] {logging_mixin.py:190} INFO - [2025-01-09T18:48:33.204+0000] {dag.py:3239} INFO - Sync 1 DAGs
[2025-01-09T18:48:33.257+0000] {logging_mixin.py:190} INFO - [2025-01-09T18:48:33.256+0000] {dag.py:4180} INFO - Setting next_dagrun for spark_example to None, run_after=None
[2025-01-09T18:48:33.341+0000] {processor.py:208} INFO - Processing /opt/airflow/dags/spark_example.py took 0.311 seconds
[2025-01-09T18:49:03.457+0000] {processor.py:186} INFO - Started process (PID=463) to work on /opt/airflow/dags/spark_example.py
[2025-01-09T18:49:03.459+0000] {processor.py:914} INFO - Processing file /opt/airflow/dags/spark_example.py for tasks to queue
[2025-01-09T18:49:03.460+0000] {logging_mixin.py:190} INFO - [2025-01-09T18:49:03.460+0000] {dagbag.py:588} INFO - Filling up the DagBag from /opt/airflow/dags/spark_example.py
[2025-01-09T18:49:03.479+0000] {processor.py:925} INFO - DAG(s) 'spark_example' retrieved from /opt/airflow/dags/spark_example.py
[2025-01-09T18:49:03.509+0000] {logging_mixin.py:190} INFO - [2025-01-09T18:49:03.509+0000] {dag.py:3239} INFO - Sync 1 DAGs
[2025-01-09T18:49:03.530+0000] {logging_mixin.py:190} INFO - [2025-01-09T18:49:03.529+0000] {dag.py:4180} INFO - Setting next_dagrun for spark_example to None, run_after=None
[2025-01-09T18:49:03.569+0000] {processor.py:208} INFO - Processing /opt/airflow/dags/spark_example.py took 0.119 seconds
[2025-01-09T18:49:34.047+0000] {processor.py:186} INFO - Started process (PID=474) to work on /opt/airflow/dags/spark_example.py
[2025-01-09T18:49:34.050+0000] {processor.py:914} INFO - Processing file /opt/airflow/dags/spark_example.py for tasks to queue
[2025-01-09T18:49:34.054+0000] {logging_mixin.py:190} INFO - [2025-01-09T18:49:34.053+0000] {dagbag.py:588} INFO - Filling up the DagBag from /opt/airflow/dags/spark_example.py
[2025-01-09T18:49:34.077+0000] {processor.py:925} INFO - DAG(s) 'spark_example' retrieved from /opt/airflow/dags/spark_example.py
[2025-01-09T18:49:34.116+0000] {logging_mixin.py:190} INFO - [2025-01-09T18:49:34.115+0000] {dag.py:3239} INFO - Sync 1 DAGs
[2025-01-09T18:49:34.140+0000] {logging_mixin.py:190} INFO - [2025-01-09T18:49:34.140+0000] {dag.py:4180} INFO - Setting next_dagrun for spark_example to None, run_after=None
[2025-01-09T18:49:34.194+0000] {processor.py:208} INFO - Processing /opt/airflow/dags/spark_example.py took 0.155 seconds
[2025-01-09T18:50:04.280+0000] {processor.py:186} INFO - Started process (PID=485) to work on /opt/airflow/dags/spark_example.py
[2025-01-09T18:50:04.281+0000] {processor.py:914} INFO - Processing file /opt/airflow/dags/spark_example.py for tasks to queue
[2025-01-09T18:50:04.283+0000] {logging_mixin.py:190} INFO - [2025-01-09T18:50:04.282+0000] {dagbag.py:588} INFO - Filling up the DagBag from /opt/airflow/dags/spark_example.py
[2025-01-09T18:50:04.297+0000] {processor.py:925} INFO - DAG(s) 'spark_example' retrieved from /opt/airflow/dags/spark_example.py
[2025-01-09T18:50:04.324+0000] {logging_mixin.py:190} INFO - [2025-01-09T18:50:04.324+0000] {dag.py:3239} INFO - Sync 1 DAGs
[2025-01-09T18:50:04.341+0000] {logging_mixin.py:190} INFO - [2025-01-09T18:50:04.341+0000] {dag.py:4180} INFO - Setting next_dagrun for spark_example to None, run_after=None
[2025-01-09T18:50:04.374+0000] {processor.py:208} INFO - Processing /opt/airflow/dags/spark_example.py took 0.102 seconds
[2025-01-09T18:50:34.606+0000] {processor.py:186} INFO - Started process (PID=496) to work on /opt/airflow/dags/spark_example.py
[2025-01-09T18:50:34.608+0000] {processor.py:914} INFO - Processing file /opt/airflow/dags/spark_example.py for tasks to queue
[2025-01-09T18:50:34.609+0000] {logging_mixin.py:190} INFO - [2025-01-09T18:50:34.609+0000] {dagbag.py:588} INFO - Filling up the DagBag from /opt/airflow/dags/spark_example.py
[2025-01-09T18:50:34.624+0000] {processor.py:925} INFO - DAG(s) 'spark_example' retrieved from /opt/airflow/dags/spark_example.py
[2025-01-09T18:50:34.655+0000] {logging_mixin.py:190} INFO - [2025-01-09T18:50:34.655+0000] {dag.py:3239} INFO - Sync 1 DAGs
[2025-01-09T18:50:34.672+0000] {logging_mixin.py:190} INFO - [2025-01-09T18:50:34.672+0000] {dag.py:4180} INFO - Setting next_dagrun for spark_example to None, run_after=None
[2025-01-09T18:50:34.695+0000] {processor.py:208} INFO - Processing /opt/airflow/dags/spark_example.py took 0.097 seconds
[2025-01-09T18:51:05.107+0000] {processor.py:186} INFO - Started process (PID=507) to work on /opt/airflow/dags/spark_example.py
[2025-01-09T18:51:05.109+0000] {processor.py:914} INFO - Processing file /opt/airflow/dags/spark_example.py for tasks to queue
[2025-01-09T18:51:05.111+0000] {logging_mixin.py:190} INFO - [2025-01-09T18:51:05.110+0000] {dagbag.py:588} INFO - Filling up the DagBag from /opt/airflow/dags/spark_example.py
[2025-01-09T18:51:05.131+0000] {processor.py:925} INFO - DAG(s) 'spark_example' retrieved from /opt/airflow/dags/spark_example.py
[2025-01-09T18:51:05.161+0000] {logging_mixin.py:190} INFO - [2025-01-09T18:51:05.161+0000] {dag.py:3239} INFO - Sync 1 DAGs
[2025-01-09T18:51:05.178+0000] {logging_mixin.py:190} INFO - [2025-01-09T18:51:05.178+0000] {dag.py:4180} INFO - Setting next_dagrun for spark_example to None, run_after=None
[2025-01-09T18:51:05.207+0000] {processor.py:208} INFO - Processing /opt/airflow/dags/spark_example.py took 0.107 seconds
[2025-01-09T18:51:35.600+0000] {processor.py:186} INFO - Started process (PID=518) to work on /opt/airflow/dags/spark_example.py
[2025-01-09T18:51:35.601+0000] {processor.py:914} INFO - Processing file /opt/airflow/dags/spark_example.py for tasks to queue
[2025-01-09T18:51:35.603+0000] {logging_mixin.py:190} INFO - [2025-01-09T18:51:35.602+0000] {dagbag.py:588} INFO - Filling up the DagBag from /opt/airflow/dags/spark_example.py
[2025-01-09T18:51:35.619+0000] {processor.py:925} INFO - DAG(s) 'spark_example' retrieved from /opt/airflow/dags/spark_example.py
[2025-01-09T18:51:35.650+0000] {logging_mixin.py:190} INFO - [2025-01-09T18:51:35.649+0000] {dag.py:3239} INFO - Sync 1 DAGs
[2025-01-09T18:51:35.672+0000] {logging_mixin.py:190} INFO - [2025-01-09T18:51:35.672+0000] {dag.py:4180} INFO - Setting next_dagrun for spark_example to None, run_after=None
[2025-01-09T18:51:35.713+0000] {processor.py:208} INFO - Processing /opt/airflow/dags/spark_example.py took 0.119 seconds
[2025-01-09T18:52:05.844+0000] {processor.py:186} INFO - Started process (PID=529) to work on /opt/airflow/dags/spark_example.py
[2025-01-09T18:52:05.846+0000] {processor.py:914} INFO - Processing file /opt/airflow/dags/spark_example.py for tasks to queue
[2025-01-09T18:52:05.849+0000] {logging_mixin.py:190} INFO - [2025-01-09T18:52:05.848+0000] {dagbag.py:588} INFO - Filling up the DagBag from /opt/airflow/dags/spark_example.py
[2025-01-09T18:52:05.876+0000] {processor.py:925} INFO - DAG(s) 'spark_example' retrieved from /opt/airflow/dags/spark_example.py
[2025-01-09T18:52:05.917+0000] {logging_mixin.py:190} INFO - [2025-01-09T18:52:05.916+0000] {dag.py:3239} INFO - Sync 1 DAGs
[2025-01-09T18:52:05.946+0000] {logging_mixin.py:190} INFO - [2025-01-09T18:52:05.946+0000] {dag.py:4180} INFO - Setting next_dagrun for spark_example to None, run_after=None
[2025-01-09T18:52:06.002+0000] {processor.py:208} INFO - Processing /opt/airflow/dags/spark_example.py took 0.167 seconds
[2025-01-09T18:52:36.206+0000] {processor.py:186} INFO - Started process (PID=540) to work on /opt/airflow/dags/spark_example.py
[2025-01-09T18:52:36.208+0000] {processor.py:914} INFO - Processing file /opt/airflow/dags/spark_example.py for tasks to queue
[2025-01-09T18:52:36.210+0000] {logging_mixin.py:190} INFO - [2025-01-09T18:52:36.210+0000] {dagbag.py:588} INFO - Filling up the DagBag from /opt/airflow/dags/spark_example.py
[2025-01-09T18:52:36.231+0000] {processor.py:925} INFO - DAG(s) 'spark_example' retrieved from /opt/airflow/dags/spark_example.py
[2025-01-09T18:52:36.259+0000] {logging_mixin.py:190} INFO - [2025-01-09T18:52:36.258+0000] {dag.py:3239} INFO - Sync 1 DAGs
[2025-01-09T18:52:36.273+0000] {logging_mixin.py:190} INFO - [2025-01-09T18:52:36.273+0000] {dag.py:4180} INFO - Setting next_dagrun for spark_example to None, run_after=None
[2025-01-09T18:52:36.314+0000] {processor.py:208} INFO - Processing /opt/airflow/dags/spark_example.py took 0.118 seconds
[2025-01-09T18:53:06.514+0000] {processor.py:186} INFO - Started process (PID=551) to work on /opt/airflow/dags/spark_example.py
[2025-01-09T18:53:06.515+0000] {processor.py:914} INFO - Processing file /opt/airflow/dags/spark_example.py for tasks to queue
[2025-01-09T18:53:06.517+0000] {logging_mixin.py:190} INFO - [2025-01-09T18:53:06.516+0000] {dagbag.py:588} INFO - Filling up the DagBag from /opt/airflow/dags/spark_example.py
[2025-01-09T18:53:06.532+0000] {processor.py:925} INFO - DAG(s) 'spark_example' retrieved from /opt/airflow/dags/spark_example.py
[2025-01-09T18:53:06.567+0000] {logging_mixin.py:190} INFO - [2025-01-09T18:53:06.567+0000] {dag.py:3239} INFO - Sync 1 DAGs
[2025-01-09T18:53:06.584+0000] {logging_mixin.py:190} INFO - [2025-01-09T18:53:06.583+0000] {dag.py:4180} INFO - Setting next_dagrun for spark_example to None, run_after=None
[2025-01-09T18:53:06.622+0000] {processor.py:208} INFO - Processing /opt/airflow/dags/spark_example.py took 0.115 seconds
[2025-01-09T18:53:37.341+0000] {processor.py:186} INFO - Started process (PID=562) to work on /opt/airflow/dags/spark_example.py
[2025-01-09T18:53:37.343+0000] {processor.py:914} INFO - Processing file /opt/airflow/dags/spark_example.py for tasks to queue
[2025-01-09T18:53:37.346+0000] {logging_mixin.py:190} INFO - [2025-01-09T18:53:37.345+0000] {dagbag.py:588} INFO - Filling up the DagBag from /opt/airflow/dags/spark_example.py
[2025-01-09T18:53:37.371+0000] {processor.py:925} INFO - DAG(s) 'spark_example' retrieved from /opt/airflow/dags/spark_example.py
[2025-01-09T18:53:37.408+0000] {logging_mixin.py:190} INFO - [2025-01-09T18:53:37.408+0000] {dag.py:3239} INFO - Sync 1 DAGs
[2025-01-09T18:53:37.434+0000] {logging_mixin.py:190} INFO - [2025-01-09T18:53:37.433+0000] {dag.py:4180} INFO - Setting next_dagrun for spark_example to None, run_after=None
[2025-01-09T18:53:37.470+0000] {processor.py:208} INFO - Processing /opt/airflow/dags/spark_example.py took 0.137 seconds
[2025-01-09T18:54:08.082+0000] {processor.py:186} INFO - Started process (PID=574) to work on /opt/airflow/dags/spark_example.py
[2025-01-09T18:54:08.084+0000] {processor.py:914} INFO - Processing file /opt/airflow/dags/spark_example.py for tasks to queue
[2025-01-09T18:54:08.087+0000] {logging_mixin.py:190} INFO - [2025-01-09T18:54:08.086+0000] {dagbag.py:588} INFO - Filling up the DagBag from /opt/airflow/dags/spark_example.py
[2025-01-09T18:54:08.115+0000] {processor.py:925} INFO - DAG(s) 'spark_example' retrieved from /opt/airflow/dags/spark_example.py
[2025-01-09T18:54:08.161+0000] {logging_mixin.py:190} INFO - [2025-01-09T18:54:08.160+0000] {dag.py:3239} INFO - Sync 1 DAGs
[2025-01-09T18:54:08.186+0000] {logging_mixin.py:190} INFO - [2025-01-09T18:54:08.185+0000] {dag.py:4180} INFO - Setting next_dagrun for spark_example to None, run_after=None
[2025-01-09T18:54:08.243+0000] {processor.py:208} INFO - Processing /opt/airflow/dags/spark_example.py took 0.170 seconds
[2025-01-09T18:54:38.821+0000] {processor.py:186} INFO - Started process (PID=591) to work on /opt/airflow/dags/spark_example.py
[2025-01-09T18:54:38.822+0000] {processor.py:914} INFO - Processing file /opt/airflow/dags/spark_example.py for tasks to queue
[2025-01-09T18:54:38.824+0000] {logging_mixin.py:190} INFO - [2025-01-09T18:54:38.824+0000] {dagbag.py:588} INFO - Filling up the DagBag from /opt/airflow/dags/spark_example.py
[2025-01-09T18:54:38.850+0000] {processor.py:925} INFO - DAG(s) 'spark_example' retrieved from /opt/airflow/dags/spark_example.py
[2025-01-09T18:54:38.889+0000] {logging_mixin.py:190} INFO - [2025-01-09T18:54:38.888+0000] {dag.py:3239} INFO - Sync 1 DAGs
[2025-01-09T18:54:38.915+0000] {logging_mixin.py:190} INFO - [2025-01-09T18:54:38.915+0000] {dag.py:4180} INFO - Setting next_dagrun for spark_example to None, run_after=None
[2025-01-09T18:54:38.968+0000] {processor.py:208} INFO - Processing /opt/airflow/dags/spark_example.py took 0.155 seconds
[2025-01-09T18:55:09.486+0000] {processor.py:186} INFO - Started process (PID=602) to work on /opt/airflow/dags/spark_example.py
[2025-01-09T18:55:09.488+0000] {processor.py:914} INFO - Processing file /opt/airflow/dags/spark_example.py for tasks to queue
[2025-01-09T18:55:09.490+0000] {logging_mixin.py:190} INFO - [2025-01-09T18:55:09.490+0000] {dagbag.py:588} INFO - Filling up the DagBag from /opt/airflow/dags/spark_example.py
[2025-01-09T18:55:09.509+0000] {processor.py:925} INFO - DAG(s) 'spark_example' retrieved from /opt/airflow/dags/spark_example.py
[2025-01-09T18:55:09.539+0000] {logging_mixin.py:190} INFO - [2025-01-09T18:55:09.539+0000] {dag.py:3239} INFO - Sync 1 DAGs
[2025-01-09T18:55:09.562+0000] {logging_mixin.py:190} INFO - [2025-01-09T18:55:09.562+0000] {dag.py:4180} INFO - Setting next_dagrun for spark_example to None, run_after=None
[2025-01-09T18:55:09.602+0000] {processor.py:208} INFO - Processing /opt/airflow/dags/spark_example.py took 0.124 seconds
[2025-01-09T18:55:40.215+0000] {processor.py:186} INFO - Started process (PID=613) to work on /opt/airflow/dags/spark_example.py
[2025-01-09T18:55:40.217+0000] {processor.py:914} INFO - Processing file /opt/airflow/dags/spark_example.py for tasks to queue
[2025-01-09T18:55:40.221+0000] {logging_mixin.py:190} INFO - [2025-01-09T18:55:40.219+0000] {dagbag.py:588} INFO - Filling up the DagBag from /opt/airflow/dags/spark_example.py
[2025-01-09T18:55:40.277+0000] {processor.py:925} INFO - DAG(s) 'spark_example' retrieved from /opt/airflow/dags/spark_example.py
[2025-01-09T18:55:40.359+0000] {logging_mixin.py:190} INFO - [2025-01-09T18:55:40.359+0000] {dag.py:3239} INFO - Sync 1 DAGs
[2025-01-09T18:55:40.394+0000] {logging_mixin.py:190} INFO - [2025-01-09T18:55:40.393+0000] {dag.py:4180} INFO - Setting next_dagrun for spark_example to None, run_after=None
[2025-01-09T18:55:40.471+0000] {processor.py:208} INFO - Processing /opt/airflow/dags/spark_example.py took 0.267 seconds
[2025-01-09T18:56:10.940+0000] {processor.py:186} INFO - Started process (PID=624) to work on /opt/airflow/dags/spark_example.py
[2025-01-09T18:56:10.945+0000] {processor.py:914} INFO - Processing file /opt/airflow/dags/spark_example.py for tasks to queue
[2025-01-09T18:56:10.949+0000] {logging_mixin.py:190} INFO - [2025-01-09T18:56:10.948+0000] {dagbag.py:588} INFO - Filling up the DagBag from /opt/airflow/dags/spark_example.py
[2025-01-09T18:56:10.972+0000] {processor.py:925} INFO - DAG(s) 'spark_example' retrieved from /opt/airflow/dags/spark_example.py
[2025-01-09T18:56:11.003+0000] {logging_mixin.py:190} INFO - [2025-01-09T18:56:11.003+0000] {dag.py:3239} INFO - Sync 1 DAGs
[2025-01-09T18:56:11.026+0000] {logging_mixin.py:190} INFO - [2025-01-09T18:56:11.025+0000] {dag.py:4180} INFO - Setting next_dagrun for spark_example to None, run_after=None
[2025-01-09T18:56:11.059+0000] {processor.py:208} INFO - Processing /opt/airflow/dags/spark_example.py took 0.128 seconds
[2025-01-09T18:56:41.381+0000] {processor.py:186} INFO - Started process (PID=635) to work on /opt/airflow/dags/spark_example.py
[2025-01-09T18:56:41.382+0000] {processor.py:914} INFO - Processing file /opt/airflow/dags/spark_example.py for tasks to queue
[2025-01-09T18:56:41.384+0000] {logging_mixin.py:190} INFO - [2025-01-09T18:56:41.384+0000] {dagbag.py:588} INFO - Filling up the DagBag from /opt/airflow/dags/spark_example.py
[2025-01-09T18:56:41.398+0000] {processor.py:925} INFO - DAG(s) 'spark_example' retrieved from /opt/airflow/dags/spark_example.py
[2025-01-09T18:56:41.424+0000] {logging_mixin.py:190} INFO - [2025-01-09T18:56:41.423+0000] {dag.py:3239} INFO - Sync 1 DAGs
[2025-01-09T18:56:41.438+0000] {logging_mixin.py:190} INFO - [2025-01-09T18:56:41.438+0000] {dag.py:4180} INFO - Setting next_dagrun for spark_example to None, run_after=None
[2025-01-09T18:56:41.464+0000] {processor.py:208} INFO - Processing /opt/airflow/dags/spark_example.py took 0.089 seconds
[2025-01-09T18:57:11.695+0000] {processor.py:186} INFO - Started process (PID=646) to work on /opt/airflow/dags/spark_example.py
[2025-01-09T18:57:11.704+0000] {processor.py:914} INFO - Processing file /opt/airflow/dags/spark_example.py for tasks to queue
[2025-01-09T18:57:11.721+0000] {logging_mixin.py:190} INFO - [2025-01-09T18:57:11.715+0000] {dagbag.py:588} INFO - Filling up the DagBag from /opt/airflow/dags/spark_example.py
[2025-01-09T18:57:11.814+0000] {processor.py:925} INFO - DAG(s) 'spark_example' retrieved from /opt/airflow/dags/spark_example.py
[2025-01-09T18:57:11.909+0000] {logging_mixin.py:190} INFO - [2025-01-09T18:57:11.909+0000] {dag.py:3239} INFO - Sync 1 DAGs
[2025-01-09T18:57:11.953+0000] {logging_mixin.py:190} INFO - [2025-01-09T18:57:11.953+0000] {dag.py:4180} INFO - Setting next_dagrun for spark_example to None, run_after=None
[2025-01-09T18:57:12.043+0000] {processor.py:208} INFO - Processing /opt/airflow/dags/spark_example.py took 0.381 seconds
[2025-01-09T18:57:42.133+0000] {processor.py:186} INFO - Started process (PID=657) to work on /opt/airflow/dags/spark_example.py
[2025-01-09T18:57:42.135+0000] {processor.py:914} INFO - Processing file /opt/airflow/dags/spark_example.py for tasks to queue
[2025-01-09T18:57:42.137+0000] {logging_mixin.py:190} INFO - [2025-01-09T18:57:42.137+0000] {dagbag.py:588} INFO - Filling up the DagBag from /opt/airflow/dags/spark_example.py
[2025-01-09T18:57:42.158+0000] {processor.py:925} INFO - DAG(s) 'spark_example' retrieved from /opt/airflow/dags/spark_example.py
[2025-01-09T18:57:42.191+0000] {logging_mixin.py:190} INFO - [2025-01-09T18:57:42.191+0000] {dag.py:3239} INFO - Sync 1 DAGs
[2025-01-09T18:57:42.209+0000] {logging_mixin.py:190} INFO - [2025-01-09T18:57:42.209+0000] {dag.py:4180} INFO - Setting next_dagrun for spark_example to None, run_after=None
[2025-01-09T18:57:42.257+0000] {processor.py:208} INFO - Processing /opt/airflow/dags/spark_example.py took 0.133 seconds
[2025-01-09T18:58:12.773+0000] {processor.py:186} INFO - Started process (PID=668) to work on /opt/airflow/dags/spark_example.py
[2025-01-09T18:58:12.775+0000] {processor.py:914} INFO - Processing file /opt/airflow/dags/spark_example.py for tasks to queue
[2025-01-09T18:58:12.781+0000] {logging_mixin.py:190} INFO - [2025-01-09T18:58:12.780+0000] {dagbag.py:588} INFO - Filling up the DagBag from /opt/airflow/dags/spark_example.py
[2025-01-09T18:58:12.839+0000] {processor.py:925} INFO - DAG(s) 'spark_example' retrieved from /opt/airflow/dags/spark_example.py
[2025-01-09T18:58:12.938+0000] {logging_mixin.py:190} INFO - [2025-01-09T18:58:12.937+0000] {dag.py:3239} INFO - Sync 1 DAGs
[2025-01-09T18:58:13.008+0000] {logging_mixin.py:190} INFO - [2025-01-09T18:58:13.007+0000] {dag.py:4180} INFO - Setting next_dagrun for spark_example to None, run_after=None
[2025-01-09T18:58:13.085+0000] {processor.py:208} INFO - Processing /opt/airflow/dags/spark_example.py took 0.326 seconds
[2025-01-09T18:58:43.458+0000] {processor.py:186} INFO - Started process (PID=680) to work on /opt/airflow/dags/spark_example.py
[2025-01-09T18:58:43.460+0000] {processor.py:914} INFO - Processing file /opt/airflow/dags/spark_example.py for tasks to queue
[2025-01-09T18:58:43.463+0000] {logging_mixin.py:190} INFO - [2025-01-09T18:58:43.463+0000] {dagbag.py:588} INFO - Filling up the DagBag from /opt/airflow/dags/spark_example.py
[2025-01-09T18:58:43.499+0000] {processor.py:925} INFO - DAG(s) 'spark_example' retrieved from /opt/airflow/dags/spark_example.py
[2025-01-09T18:58:43.559+0000] {logging_mixin.py:190} INFO - [2025-01-09T18:58:43.559+0000] {dag.py:3239} INFO - Sync 1 DAGs
[2025-01-09T18:58:43.599+0000] {logging_mixin.py:190} INFO - [2025-01-09T18:58:43.599+0000] {dag.py:4180} INFO - Setting next_dagrun for spark_example to None, run_after=None
[2025-01-09T18:58:43.667+0000] {processor.py:208} INFO - Processing /opt/airflow/dags/spark_example.py took 0.228 seconds
[2025-01-09T18:59:14.175+0000] {processor.py:186} INFO - Started process (PID=704) to work on /opt/airflow/dags/spark_example.py
[2025-01-09T18:59:14.177+0000] {processor.py:914} INFO - Processing file /opt/airflow/dags/spark_example.py for tasks to queue
[2025-01-09T18:59:14.178+0000] {logging_mixin.py:190} INFO - [2025-01-09T18:59:14.178+0000] {dagbag.py:588} INFO - Filling up the DagBag from /opt/airflow/dags/spark_example.py
[2025-01-09T18:59:14.200+0000] {processor.py:925} INFO - DAG(s) 'spark_example' retrieved from /opt/airflow/dags/spark_example.py
[2025-01-09T18:59:14.236+0000] {logging_mixin.py:190} INFO - [2025-01-09T18:59:14.236+0000] {dag.py:3239} INFO - Sync 1 DAGs
[2025-01-09T18:59:14.256+0000] {logging_mixin.py:190} INFO - [2025-01-09T18:59:14.255+0000] {dag.py:4180} INFO - Setting next_dagrun for spark_example to None, run_after=None
[2025-01-09T18:59:14.287+0000] {processor.py:208} INFO - Processing /opt/airflow/dags/spark_example.py took 0.121 seconds
[2025-01-09T18:59:45.143+0000] {processor.py:186} INFO - Started process (PID=717) to work on /opt/airflow/dags/spark_example.py
[2025-01-09T18:59:45.147+0000] {processor.py:914} INFO - Processing file /opt/airflow/dags/spark_example.py for tasks to queue
[2025-01-09T18:59:45.151+0000] {logging_mixin.py:190} INFO - [2025-01-09T18:59:45.150+0000] {dagbag.py:588} INFO - Filling up the DagBag from /opt/airflow/dags/spark_example.py
[2025-01-09T18:59:45.196+0000] {processor.py:925} INFO - DAG(s) 'spark_example' retrieved from /opt/airflow/dags/spark_example.py
[2025-01-09T18:59:45.262+0000] {logging_mixin.py:190} INFO - [2025-01-09T18:59:45.261+0000] {dag.py:3239} INFO - Sync 1 DAGs
[2025-01-09T18:59:45.293+0000] {logging_mixin.py:190} INFO - [2025-01-09T18:59:45.292+0000] {dag.py:4180} INFO - Setting next_dagrun for spark_example to None, run_after=None
[2025-01-09T18:59:45.347+0000] {processor.py:208} INFO - Processing /opt/airflow/dags/spark_example.py took 0.223 seconds
[2025-01-09T19:00:16.087+0000] {processor.py:186} INFO - Started process (PID=727) to work on /opt/airflow/dags/spark_example.py
[2025-01-09T19:00:16.089+0000] {processor.py:914} INFO - Processing file /opt/airflow/dags/spark_example.py for tasks to queue
[2025-01-09T19:00:16.092+0000] {logging_mixin.py:190} INFO - [2025-01-09T19:00:16.091+0000] {dagbag.py:588} INFO - Filling up the DagBag from /opt/airflow/dags/spark_example.py
[2025-01-09T19:00:16.112+0000] {processor.py:925} INFO - DAG(s) 'spark_example' retrieved from /opt/airflow/dags/spark_example.py
[2025-01-09T19:00:16.147+0000] {logging_mixin.py:190} INFO - [2025-01-09T19:00:16.147+0000] {dag.py:3239} INFO - Sync 1 DAGs
[2025-01-09T19:00:16.167+0000] {logging_mixin.py:190} INFO - [2025-01-09T19:00:16.167+0000] {dag.py:4180} INFO - Setting next_dagrun for spark_example to None, run_after=None
[2025-01-09T19:00:16.207+0000] {processor.py:208} INFO - Processing /opt/airflow/dags/spark_example.py took 0.129 seconds
[2025-01-09T19:00:46.982+0000] {processor.py:186} INFO - Started process (PID=737) to work on /opt/airflow/dags/spark_example.py
[2025-01-09T19:00:46.986+0000] {processor.py:914} INFO - Processing file /opt/airflow/dags/spark_example.py for tasks to queue
[2025-01-09T19:00:46.988+0000] {logging_mixin.py:190} INFO - [2025-01-09T19:00:46.987+0000] {dagbag.py:588} INFO - Filling up the DagBag from /opt/airflow/dags/spark_example.py
[2025-01-09T19:00:47.006+0000] {processor.py:925} INFO - DAG(s) 'spark_example' retrieved from /opt/airflow/dags/spark_example.py
[2025-01-09T19:00:47.036+0000] {logging_mixin.py:190} INFO - [2025-01-09T19:00:47.036+0000] {dag.py:3239} INFO - Sync 1 DAGs
[2025-01-09T19:00:47.050+0000] {logging_mixin.py:190} INFO - [2025-01-09T19:00:47.049+0000] {dag.py:4180} INFO - Setting next_dagrun for spark_example to None, run_after=None
[2025-01-09T19:00:47.075+0000] {processor.py:208} INFO - Processing /opt/airflow/dags/spark_example.py took 0.101 seconds
[2025-01-09T19:01:17.898+0000] {processor.py:186} INFO - Started process (PID=747) to work on /opt/airflow/dags/spark_example.py
[2025-01-09T19:01:17.900+0000] {processor.py:914} INFO - Processing file /opt/airflow/dags/spark_example.py for tasks to queue
[2025-01-09T19:01:17.902+0000] {logging_mixin.py:190} INFO - [2025-01-09T19:01:17.901+0000] {dagbag.py:588} INFO - Filling up the DagBag from /opt/airflow/dags/spark_example.py
[2025-01-09T19:01:17.917+0000] {processor.py:925} INFO - DAG(s) 'spark_example' retrieved from /opt/airflow/dags/spark_example.py
[2025-01-09T19:01:17.944+0000] {logging_mixin.py:190} INFO - [2025-01-09T19:01:17.944+0000] {dag.py:3239} INFO - Sync 1 DAGs
[2025-01-09T19:01:17.959+0000] {logging_mixin.py:190} INFO - [2025-01-09T19:01:17.959+0000] {dag.py:4180} INFO - Setting next_dagrun for spark_example to None, run_after=None
[2025-01-09T19:01:17.997+0000] {processor.py:208} INFO - Processing /opt/airflow/dags/spark_example.py took 0.105 seconds
[2025-01-09T19:01:48.642+0000] {processor.py:186} INFO - Started process (PID=757) to work on /opt/airflow/dags/spark_example.py
[2025-01-09T19:01:48.644+0000] {processor.py:914} INFO - Processing file /opt/airflow/dags/spark_example.py for tasks to queue
[2025-01-09T19:01:48.645+0000] {logging_mixin.py:190} INFO - [2025-01-09T19:01:48.645+0000] {dagbag.py:588} INFO - Filling up the DagBag from /opt/airflow/dags/spark_example.py
[2025-01-09T19:01:48.662+0000] {processor.py:925} INFO - DAG(s) 'spark_example' retrieved from /opt/airflow/dags/spark_example.py
[2025-01-09T19:01:48.694+0000] {logging_mixin.py:190} INFO - [2025-01-09T19:01:48.694+0000] {dag.py:3239} INFO - Sync 1 DAGs
[2025-01-09T19:01:48.715+0000] {logging_mixin.py:190} INFO - [2025-01-09T19:01:48.715+0000] {dag.py:4180} INFO - Setting next_dagrun for spark_example to None, run_after=None
[2025-01-09T19:01:48.751+0000] {processor.py:208} INFO - Processing /opt/airflow/dags/spark_example.py took 0.115 seconds
[2025-01-09T19:02:19.466+0000] {processor.py:186} INFO - Started process (PID=767) to work on /opt/airflow/dags/spark_example.py
[2025-01-09T19:02:19.471+0000] {processor.py:914} INFO - Processing file /opt/airflow/dags/spark_example.py for tasks to queue
[2025-01-09T19:02:19.480+0000] {logging_mixin.py:190} INFO - [2025-01-09T19:02:19.479+0000] {dagbag.py:588} INFO - Filling up the DagBag from /opt/airflow/dags/spark_example.py
[2025-01-09T19:02:19.508+0000] {processor.py:925} INFO - DAG(s) 'spark_example' retrieved from /opt/airflow/dags/spark_example.py
[2025-01-09T19:02:19.559+0000] {logging_mixin.py:190} INFO - [2025-01-09T19:02:19.559+0000] {dag.py:3239} INFO - Sync 1 DAGs
[2025-01-09T19:02:19.586+0000] {logging_mixin.py:190} INFO - [2025-01-09T19:02:19.585+0000] {dag.py:4180} INFO - Setting next_dagrun for spark_example to None, run_after=None
[2025-01-09T19:02:19.654+0000] {processor.py:208} INFO - Processing /opt/airflow/dags/spark_example.py took 0.194 seconds
[2025-01-09T19:02:50.447+0000] {processor.py:186} INFO - Started process (PID=777) to work on /opt/airflow/dags/spark_example.py
[2025-01-09T19:02:50.448+0000] {processor.py:914} INFO - Processing file /opt/airflow/dags/spark_example.py for tasks to queue
[2025-01-09T19:02:50.450+0000] {logging_mixin.py:190} INFO - [2025-01-09T19:02:50.450+0000] {dagbag.py:588} INFO - Filling up the DagBag from /opt/airflow/dags/spark_example.py
[2025-01-09T19:02:50.464+0000] {processor.py:925} INFO - DAG(s) 'spark_example' retrieved from /opt/airflow/dags/spark_example.py
[2025-01-09T19:02:50.489+0000] {logging_mixin.py:190} INFO - [2025-01-09T19:02:50.489+0000] {dag.py:3239} INFO - Sync 1 DAGs
[2025-01-09T19:02:50.505+0000] {logging_mixin.py:190} INFO - [2025-01-09T19:02:50.505+0000] {dag.py:4180} INFO - Setting next_dagrun for spark_example to None, run_after=None
[2025-01-09T19:02:50.540+0000] {processor.py:208} INFO - Processing /opt/airflow/dags/spark_example.py took 0.100 seconds
[2025-01-09T19:03:21.203+0000] {processor.py:186} INFO - Started process (PID=787) to work on /opt/airflow/dags/spark_example.py
[2025-01-09T19:03:21.204+0000] {processor.py:914} INFO - Processing file /opt/airflow/dags/spark_example.py for tasks to queue
[2025-01-09T19:03:21.205+0000] {logging_mixin.py:190} INFO - [2025-01-09T19:03:21.205+0000] {dagbag.py:588} INFO - Filling up the DagBag from /opt/airflow/dags/spark_example.py
[2025-01-09T19:03:21.217+0000] {processor.py:925} INFO - DAG(s) 'spark_example' retrieved from /opt/airflow/dags/spark_example.py
[2025-01-09T19:03:21.239+0000] {logging_mixin.py:190} INFO - [2025-01-09T19:03:21.239+0000] {dag.py:3239} INFO - Sync 1 DAGs
[2025-01-09T19:03:21.255+0000] {logging_mixin.py:190} INFO - [2025-01-09T19:03:21.255+0000] {dag.py:4180} INFO - Setting next_dagrun for spark_example to None, run_after=None
[2025-01-09T19:03:21.293+0000] {processor.py:208} INFO - Processing /opt/airflow/dags/spark_example.py took 0.097 seconds
[2025-01-09T19:03:52.081+0000] {processor.py:186} INFO - Started process (PID=797) to work on /opt/airflow/dags/spark_example.py
[2025-01-09T19:03:52.084+0000] {processor.py:914} INFO - Processing file /opt/airflow/dags/spark_example.py for tasks to queue
[2025-01-09T19:03:52.086+0000] {logging_mixin.py:190} INFO - [2025-01-09T19:03:52.086+0000] {dagbag.py:588} INFO - Filling up the DagBag from /opt/airflow/dags/spark_example.py
[2025-01-09T19:03:52.119+0000] {processor.py:925} INFO - DAG(s) 'spark_example' retrieved from /opt/airflow/dags/spark_example.py
[2025-01-09T19:03:52.162+0000] {logging_mixin.py:190} INFO - [2025-01-09T19:03:52.162+0000] {dag.py:3239} INFO - Sync 1 DAGs
[2025-01-09T19:03:52.183+0000] {logging_mixin.py:190} INFO - [2025-01-09T19:03:52.183+0000] {dag.py:4180} INFO - Setting next_dagrun for spark_example to None, run_after=None
[2025-01-09T19:03:52.203+0000] {processor.py:208} INFO - Processing /opt/airflow/dags/spark_example.py took 0.133 seconds
[2025-01-09T19:04:22.959+0000] {processor.py:186} INFO - Started process (PID=807) to work on /opt/airflow/dags/spark_example.py
[2025-01-09T19:04:22.961+0000] {processor.py:914} INFO - Processing file /opt/airflow/dags/spark_example.py for tasks to queue
[2025-01-09T19:04:22.963+0000] {logging_mixin.py:190} INFO - [2025-01-09T19:04:22.963+0000] {dagbag.py:588} INFO - Filling up the DagBag from /opt/airflow/dags/spark_example.py
[2025-01-09T19:04:22.984+0000] {processor.py:925} INFO - DAG(s) 'spark_example' retrieved from /opt/airflow/dags/spark_example.py
[2025-01-09T19:04:23.009+0000] {logging_mixin.py:190} INFO - [2025-01-09T19:04:23.009+0000] {dag.py:3239} INFO - Sync 1 DAGs
[2025-01-09T19:04:23.023+0000] {logging_mixin.py:190} INFO - [2025-01-09T19:04:23.022+0000] {dag.py:4180} INFO - Setting next_dagrun for spark_example to None, run_after=None
[2025-01-09T19:04:23.063+0000] {processor.py:208} INFO - Processing /opt/airflow/dags/spark_example.py took 0.111 seconds
[2025-01-09T19:04:53.735+0000] {processor.py:186} INFO - Started process (PID=819) to work on /opt/airflow/dags/spark_example.py
[2025-01-09T19:04:53.737+0000] {processor.py:914} INFO - Processing file /opt/airflow/dags/spark_example.py for tasks to queue
[2025-01-09T19:04:53.740+0000] {logging_mixin.py:190} INFO - [2025-01-09T19:04:53.739+0000] {dagbag.py:588} INFO - Filling up the DagBag from /opt/airflow/dags/spark_example.py
[2025-01-09T19:04:53.768+0000] {processor.py:925} INFO - DAG(s) 'spark_example' retrieved from /opt/airflow/dags/spark_example.py
[2025-01-09T19:04:53.820+0000] {logging_mixin.py:190} INFO - [2025-01-09T19:04:53.820+0000] {dag.py:3239} INFO - Sync 1 DAGs
[2025-01-09T19:04:53.852+0000] {logging_mixin.py:190} INFO - [2025-01-09T19:04:53.851+0000] {dag.py:4180} INFO - Setting next_dagrun for spark_example to None, run_after=None
[2025-01-09T19:04:53.896+0000] {processor.py:208} INFO - Processing /opt/airflow/dags/spark_example.py took 0.173 seconds
[2025-01-09T19:05:24.792+0000] {processor.py:186} INFO - Started process (PID=829) to work on /opt/airflow/dags/spark_example.py
[2025-01-09T19:05:24.793+0000] {processor.py:914} INFO - Processing file /opt/airflow/dags/spark_example.py for tasks to queue
[2025-01-09T19:05:24.794+0000] {logging_mixin.py:190} INFO - [2025-01-09T19:05:24.794+0000] {dagbag.py:588} INFO - Filling up the DagBag from /opt/airflow/dags/spark_example.py
[2025-01-09T19:05:24.813+0000] {processor.py:925} INFO - DAG(s) 'spark_example' retrieved from /opt/airflow/dags/spark_example.py
[2025-01-09T19:05:24.840+0000] {logging_mixin.py:190} INFO - [2025-01-09T19:05:24.840+0000] {dag.py:3239} INFO - Sync 1 DAGs
[2025-01-09T19:05:24.858+0000] {logging_mixin.py:190} INFO - [2025-01-09T19:05:24.858+0000] {dag.py:4180} INFO - Setting next_dagrun for spark_example to None, run_after=None
[2025-01-09T19:05:24.884+0000] {processor.py:208} INFO - Processing /opt/airflow/dags/spark_example.py took 0.098 seconds
[2025-01-09T19:05:55.093+0000] {processor.py:186} INFO - Started process (PID=839) to work on /opt/airflow/dags/spark_example.py
[2025-01-09T19:05:55.095+0000] {processor.py:914} INFO - Processing file /opt/airflow/dags/spark_example.py for tasks to queue
[2025-01-09T19:05:55.096+0000] {logging_mixin.py:190} INFO - [2025-01-09T19:05:55.096+0000] {dagbag.py:588} INFO - Filling up the DagBag from /opt/airflow/dags/spark_example.py
[2025-01-09T19:05:55.110+0000] {processor.py:925} INFO - DAG(s) 'spark_example' retrieved from /opt/airflow/dags/spark_example.py
[2025-01-09T19:05:55.138+0000] {logging_mixin.py:190} INFO - [2025-01-09T19:05:55.138+0000] {dag.py:3239} INFO - Sync 1 DAGs
[2025-01-09T19:05:55.154+0000] {logging_mixin.py:190} INFO - [2025-01-09T19:05:55.154+0000] {dag.py:4180} INFO - Setting next_dagrun for spark_example to None, run_after=None
[2025-01-09T19:05:55.193+0000] {processor.py:208} INFO - Processing /opt/airflow/dags/spark_example.py took 0.106 seconds
[2025-01-09T19:06:25.626+0000] {processor.py:186} INFO - Started process (PID=850) to work on /opt/airflow/dags/spark_example.py
[2025-01-09T19:06:25.627+0000] {processor.py:914} INFO - Processing file /opt/airflow/dags/spark_example.py for tasks to queue
[2025-01-09T19:06:25.631+0000] {logging_mixin.py:190} INFO - [2025-01-09T19:06:25.631+0000] {dagbag.py:588} INFO - Filling up the DagBag from /opt/airflow/dags/spark_example.py
[2025-01-09T19:06:25.651+0000] {processor.py:925} INFO - DAG(s) 'spark_example' retrieved from /opt/airflow/dags/spark_example.py
[2025-01-09T19:06:25.675+0000] {logging_mixin.py:190} INFO - [2025-01-09T19:06:25.675+0000] {dag.py:3239} INFO - Sync 1 DAGs
[2025-01-09T19:06:25.689+0000] {logging_mixin.py:190} INFO - [2025-01-09T19:06:25.688+0000] {dag.py:4180} INFO - Setting next_dagrun for spark_example to None, run_after=None
[2025-01-09T19:06:25.725+0000] {processor.py:208} INFO - Processing /opt/airflow/dags/spark_example.py took 0.106 seconds
[2025-01-09T19:06:55.941+0000] {processor.py:186} INFO - Started process (PID=861) to work on /opt/airflow/dags/spark_example.py
[2025-01-09T19:06:55.943+0000] {processor.py:914} INFO - Processing file /opt/airflow/dags/spark_example.py for tasks to queue
[2025-01-09T19:06:55.944+0000] {logging_mixin.py:190} INFO - [2025-01-09T19:06:55.944+0000] {dagbag.py:588} INFO - Filling up the DagBag from /opt/airflow/dags/spark_example.py
[2025-01-09T19:06:55.976+0000] {processor.py:925} INFO - DAG(s) 'spark_example' retrieved from /opt/airflow/dags/spark_example.py
[2025-01-09T19:06:56.001+0000] {logging_mixin.py:190} INFO - [2025-01-09T19:06:56.001+0000] {dag.py:3239} INFO - Sync 1 DAGs
[2025-01-09T19:06:56.015+0000] {logging_mixin.py:190} INFO - [2025-01-09T19:06:56.015+0000] {dag.py:4180} INFO - Setting next_dagrun for spark_example to None, run_after=None
[2025-01-09T19:06:56.040+0000] {processor.py:208} INFO - Processing /opt/airflow/dags/spark_example.py took 0.106 seconds
[2025-01-09T19:07:26.246+0000] {processor.py:186} INFO - Started process (PID=872) to work on /opt/airflow/dags/spark_example.py
[2025-01-09T19:07:26.248+0000] {processor.py:914} INFO - Processing file /opt/airflow/dags/spark_example.py for tasks to queue
[2025-01-09T19:07:26.250+0000] {logging_mixin.py:190} INFO - [2025-01-09T19:07:26.250+0000] {dagbag.py:588} INFO - Filling up the DagBag from /opt/airflow/dags/spark_example.py
[2025-01-09T19:07:26.277+0000] {processor.py:925} INFO - DAG(s) 'spark_example' retrieved from /opt/airflow/dags/spark_example.py
[2025-01-09T19:07:26.315+0000] {logging_mixin.py:190} INFO - [2025-01-09T19:07:26.314+0000] {dag.py:3239} INFO - Sync 1 DAGs
[2025-01-09T19:07:26.340+0000] {logging_mixin.py:190} INFO - [2025-01-09T19:07:26.340+0000] {dag.py:4180} INFO - Setting next_dagrun for spark_example to None, run_after=None
[2025-01-09T19:07:26.382+0000] {processor.py:208} INFO - Processing /opt/airflow/dags/spark_example.py took 0.146 seconds
[2025-01-09T19:07:56.553+0000] {processor.py:186} INFO - Started process (PID=883) to work on /opt/airflow/dags/spark_example.py
[2025-01-09T19:07:56.555+0000] {processor.py:914} INFO - Processing file /opt/airflow/dags/spark_example.py for tasks to queue
[2025-01-09T19:07:56.557+0000] {logging_mixin.py:190} INFO - [2025-01-09T19:07:56.556+0000] {dagbag.py:588} INFO - Filling up the DagBag from /opt/airflow/dags/spark_example.py
[2025-01-09T19:07:56.576+0000] {processor.py:925} INFO - DAG(s) 'spark_example' retrieved from /opt/airflow/dags/spark_example.py
[2025-01-09T19:07:56.606+0000] {logging_mixin.py:190} INFO - [2025-01-09T19:07:56.606+0000] {dag.py:3239} INFO - Sync 1 DAGs
[2025-01-09T19:07:56.624+0000] {logging_mixin.py:190} INFO - [2025-01-09T19:07:56.624+0000] {dag.py:4180} INFO - Setting next_dagrun for spark_example to None, run_after=None
[2025-01-09T19:07:56.658+0000] {processor.py:208} INFO - Processing /opt/airflow/dags/spark_example.py took 0.112 seconds
[2025-01-09T19:08:27.122+0000] {processor.py:186} INFO - Started process (PID=894) to work on /opt/airflow/dags/spark_example.py
[2025-01-09T19:08:27.123+0000] {processor.py:914} INFO - Processing file /opt/airflow/dags/spark_example.py for tasks to queue
[2025-01-09T19:08:27.126+0000] {logging_mixin.py:190} INFO - [2025-01-09T19:08:27.125+0000] {dagbag.py:588} INFO - Filling up the DagBag from /opt/airflow/dags/spark_example.py
[2025-01-09T19:08:27.150+0000] {processor.py:925} INFO - DAG(s) 'spark_example' retrieved from /opt/airflow/dags/spark_example.py
[2025-01-09T19:08:27.198+0000] {logging_mixin.py:190} INFO - [2025-01-09T19:08:27.198+0000] {dag.py:3239} INFO - Sync 1 DAGs
[2025-01-09T19:08:27.219+0000] {logging_mixin.py:190} INFO - [2025-01-09T19:08:27.218+0000] {dag.py:4180} INFO - Setting next_dagrun for spark_example to None, run_after=None
[2025-01-09T19:08:27.261+0000] {processor.py:208} INFO - Processing /opt/airflow/dags/spark_example.py took 0.151 seconds
[2025-01-09T19:08:58.038+0000] {processor.py:186} INFO - Started process (PID=905) to work on /opt/airflow/dags/spark_example.py
[2025-01-09T19:08:58.040+0000] {processor.py:914} INFO - Processing file /opt/airflow/dags/spark_example.py for tasks to queue
[2025-01-09T19:08:58.041+0000] {logging_mixin.py:190} INFO - [2025-01-09T19:08:58.041+0000] {dagbag.py:588} INFO - Filling up the DagBag from /opt/airflow/dags/spark_example.py
[2025-01-09T19:08:58.058+0000] {processor.py:925} INFO - DAG(s) 'spark_example' retrieved from /opt/airflow/dags/spark_example.py
[2025-01-09T19:08:58.084+0000] {logging_mixin.py:190} INFO - [2025-01-09T19:08:58.084+0000] {dag.py:3239} INFO - Sync 1 DAGs
[2025-01-09T19:08:58.102+0000] {logging_mixin.py:190} INFO - [2025-01-09T19:08:58.102+0000] {dag.py:4180} INFO - Setting next_dagrun for spark_example to None, run_after=None
[2025-01-09T19:08:58.130+0000] {processor.py:208} INFO - Processing /opt/airflow/dags/spark_example.py took 0.099 seconds
[2025-01-09T19:09:28.418+0000] {processor.py:186} INFO - Started process (PID=916) to work on /opt/airflow/dags/spark_example.py
[2025-01-09T19:09:28.419+0000] {processor.py:914} INFO - Processing file /opt/airflow/dags/spark_example.py for tasks to queue
[2025-01-09T19:09:28.421+0000] {logging_mixin.py:190} INFO - [2025-01-09T19:09:28.420+0000] {dagbag.py:588} INFO - Filling up the DagBag from /opt/airflow/dags/spark_example.py
[2025-01-09T19:09:28.438+0000] {processor.py:925} INFO - DAG(s) 'spark_example' retrieved from /opt/airflow/dags/spark_example.py
[2025-01-09T19:09:28.477+0000] {logging_mixin.py:190} INFO - [2025-01-09T19:09:28.477+0000] {dag.py:3239} INFO - Sync 1 DAGs
[2025-01-09T19:09:28.494+0000] {logging_mixin.py:190} INFO - [2025-01-09T19:09:28.494+0000] {dag.py:4180} INFO - Setting next_dagrun for spark_example to None, run_after=None
[2025-01-09T19:09:28.523+0000] {processor.py:208} INFO - Processing /opt/airflow/dags/spark_example.py took 0.115 seconds
[2025-01-09T19:09:58.982+0000] {processor.py:186} INFO - Started process (PID=927) to work on /opt/airflow/dags/spark_example.py
[2025-01-09T19:09:58.984+0000] {processor.py:914} INFO - Processing file /opt/airflow/dags/spark_example.py for tasks to queue
[2025-01-09T19:09:58.986+0000] {logging_mixin.py:190} INFO - [2025-01-09T19:09:58.986+0000] {dagbag.py:588} INFO - Filling up the DagBag from /opt/airflow/dags/spark_example.py
[2025-01-09T19:09:59.012+0000] {processor.py:925} INFO - DAG(s) 'spark_example' retrieved from /opt/airflow/dags/spark_example.py
[2025-01-09T19:09:59.041+0000] {logging_mixin.py:190} INFO - [2025-01-09T19:09:59.040+0000] {dag.py:3239} INFO - Sync 1 DAGs
[2025-01-09T19:09:59.059+0000] {logging_mixin.py:190} INFO - [2025-01-09T19:09:59.058+0000] {dag.py:4180} INFO - Setting next_dagrun for spark_example to None, run_after=None
[2025-01-09T19:09:59.100+0000] {processor.py:208} INFO - Processing /opt/airflow/dags/spark_example.py took 0.126 seconds
[2025-01-09T19:10:29.964+0000] {processor.py:186} INFO - Started process (PID=938) to work on /opt/airflow/dags/spark_example.py
[2025-01-09T19:10:29.966+0000] {processor.py:914} INFO - Processing file /opt/airflow/dags/spark_example.py for tasks to queue
[2025-01-09T19:10:29.967+0000] {logging_mixin.py:190} INFO - [2025-01-09T19:10:29.967+0000] {dagbag.py:588} INFO - Filling up the DagBag from /opt/airflow/dags/spark_example.py
[2025-01-09T19:10:29.982+0000] {processor.py:925} INFO - DAG(s) 'spark_example' retrieved from /opt/airflow/dags/spark_example.py
[2025-01-09T19:10:30.026+0000] {logging_mixin.py:190} INFO - [2025-01-09T19:10:30.025+0000] {dag.py:3239} INFO - Sync 1 DAGs
[2025-01-09T19:10:30.040+0000] {logging_mixin.py:190} INFO - [2025-01-09T19:10:30.040+0000] {dag.py:4180} INFO - Setting next_dagrun for spark_example to None, run_after=None
[2025-01-09T19:10:30.063+0000] {processor.py:208} INFO - Processing /opt/airflow/dags/spark_example.py took 0.105 seconds
[2025-01-09T19:11:00.200+0000] {processor.py:186} INFO - Started process (PID=949) to work on /opt/airflow/dags/spark_example.py
[2025-01-09T19:11:00.202+0000] {processor.py:914} INFO - Processing file /opt/airflow/dags/spark_example.py for tasks to queue
[2025-01-09T19:11:00.203+0000] {logging_mixin.py:190} INFO - [2025-01-09T19:11:00.203+0000] {dagbag.py:588} INFO - Filling up the DagBag from /opt/airflow/dags/spark_example.py
[2025-01-09T19:11:00.221+0000] {processor.py:925} INFO - DAG(s) 'spark_example' retrieved from /opt/airflow/dags/spark_example.py
[2025-01-09T19:11:00.247+0000] {logging_mixin.py:190} INFO - [2025-01-09T19:11:00.247+0000] {dag.py:3239} INFO - Sync 1 DAGs
[2025-01-09T19:11:00.262+0000] {logging_mixin.py:190} INFO - [2025-01-09T19:11:00.261+0000] {dag.py:4180} INFO - Setting next_dagrun for spark_example to None, run_after=None
[2025-01-09T19:11:00.298+0000] {processor.py:208} INFO - Processing /opt/airflow/dags/spark_example.py took 0.105 seconds
[2025-01-09T19:11:31.081+0000] {processor.py:186} INFO - Started process (PID=960) to work on /opt/airflow/dags/spark_example.py
[2025-01-09T19:11:31.082+0000] {processor.py:914} INFO - Processing file /opt/airflow/dags/spark_example.py for tasks to queue
[2025-01-09T19:11:31.084+0000] {logging_mixin.py:190} INFO - [2025-01-09T19:11:31.084+0000] {dagbag.py:588} INFO - Filling up the DagBag from /opt/airflow/dags/spark_example.py
[2025-01-09T19:11:31.099+0000] {processor.py:925} INFO - DAG(s) 'spark_example' retrieved from /opt/airflow/dags/spark_example.py
[2025-01-09T19:11:31.124+0000] {logging_mixin.py:190} INFO - [2025-01-09T19:11:31.124+0000] {dag.py:3239} INFO - Sync 1 DAGs
[2025-01-09T19:11:31.139+0000] {logging_mixin.py:190} INFO - [2025-01-09T19:11:31.138+0000] {dag.py:4180} INFO - Setting next_dagrun for spark_example to None, run_after=None
[2025-01-09T19:11:31.195+0000] {processor.py:208} INFO - Processing /opt/airflow/dags/spark_example.py took 0.120 seconds
